2025-09-24 06:11:21,218 [INFO] Activator:176 - 


2025-09-24 06:11:21,222 [INFO] Activator:177 - !SESSION log4j initialized
2025-09-24 06:11:24,549 [INFO] LogOutputStream:77 - [STDOUT_REDIRECT] 
2025-09-24 06:11:25,148 [INFO] ApplicationProperties:184 - Using Application install path: /opt/st/stm32cubeide_1.19.0/plugins/com.st.stm32cube.common.mx_6.15.0.202507011659
2025-09-24 06:11:25,162 [INFO] DbMcusXml:78 - Set database path to: /opt/st/stm32cubeide_1.19.0/plugins/com.st.stm32cube.common.mx_6.15.0.202507011659//db//mcu/
2025-09-24 06:11:25,162 [INFO] ApiDb:274 - Set plugin database path to: /opt/st/stm32cubeide_1.19.0/plugins/com.st.stm32cube.common.mx_6.15.0.202507011659//db//plugins/boardmanager/
2025-09-24 06:11:25,162 [WARN] ApiDb:259 - Overriding images path with different value:  => /opt/st/stm32cubeide_1.19.0/plugins/com.st.stm32cube.common.mx_6.15.0.202507011659//db//plugins/mcufinder/images/
2025-09-24 06:11:25,169 [INFO] ApiDb:250 - Set database path to: /home/shivam/.stmcufinder/plugins/mcufinder//mcu/
2025-09-24 06:11:25,170 [INFO] DbMcusAds:125 - Set database path to: /home/shivam/.stmcufinder/plugins/mcufinder//mcu/
2025-09-24 06:11:25,172 [INFO] CrossReferenceDbSqlite:203 - Set database path to: /home/shivam/.stmcufinder/plugins/mcufinder//mcu/cs/
2025-09-24 06:11:25,247 [INFO] RulesReader:64 - Compatibility file has been processed (317 Rules)
2025-09-24 06:11:25,291 [INFO] DbMcusXml:78 - Set database path to: /opt/st/stm32cubeide_1.19.0/plugins/com.st.stm32cube.common.mx_6.15.0.202507011659//db//mcu/
2025-09-24 06:11:25,291 [INFO] ApiDb:274 - Set plugin database path to: /opt/st/stm32cubeide_1.19.0/plugins/com.st.stm32cube.common.mx_6.15.0.202507011659//db//plugins/boardmanager/
2025-09-24 06:11:25,291 [INFO] ApiDb:261 - Set plugin images path to: /opt/st/stm32cubeide_1.19.0/plugins/com.st.stm32cube.common.mx_6.15.0.202507011659//db//plugins/mcufinder/images/
2025-09-24 06:11:25,292 [WARN] DbFile:41 - Overriding database path with different value: /home/shivam/.stmcufinder/plugins/mcufinder/ => /home/shivam/.stmcufinder/plugins/mcufinder
2025-09-24 06:11:25,292 [INFO] ApiDb:250 - Set database path to: /home/shivam/.stmcufinder/plugins/mcufinder//mcu/
2025-09-24 06:11:25,293 [WARN] DbFile:41 - Overriding database path with different value: /home/shivam/.stmcufinder/plugins/mcufinder/ => /home/shivam/.stmcufinder/plugins/mcufinder
2025-09-24 06:11:25,293 [INFO] DbMcusAds:125 - Set database path to: /home/shivam/.stmcufinder/plugins/mcufinder//mcu/
2025-09-24 06:11:25,293 [WARN] DbFile:41 - Overriding database path with different value: /home/shivam/.stmcufinder/plugins/mcufinder/ => /home/shivam/.stmcufinder/plugins/mcufinder
2025-09-24 06:11:25,293 [WARN] DbFile:41 - Overriding database path with different value: /home/shivam/.stmcufinder/plugins/mcufinder/ => /home/shivam/.stmcufinder/plugins/mcufinder
2025-09-24 06:11:25,293 [INFO] CrossReferenceDbSqlite:203 - Set database path to: /home/shivam/.stmcufinder/plugins/mcufinder//mcu/cs/
2025-09-24 06:11:25,348 [INFO] MainPanel:274 - HeapMemory: 268435456
2025-09-24 06:11:25,504 [INFO] DbMcusXml:78 - Set database path to: /opt/st/stm32cubeide_1.19.0/plugins/com.st.stm32cube.common.mx_6.15.0.202507011659//db//mcu/
2025-09-24 06:11:25,505 [INFO] ApiDb:274 - Set plugin database path to: /opt/st/stm32cubeide_1.19.0/plugins/com.st.stm32cube.common.mx_6.15.0.202507011659//db//plugins/boardmanager/
2025-09-24 06:11:25,505 [INFO] ApiDb:261 - Set plugin images path to: /opt/st/stm32cubeide_1.19.0/plugins/com.st.stm32cube.common.mx_6.15.0.202507011659//db//plugins/mcufinder/images/
2025-09-24 06:11:25,505 [WARN] DbFile:41 - Overriding database path with different value: /home/shivam/.stmcufinder/plugins/mcufinder/ => /home/shivam/.stmcufinder/plugins/mcufinder
2025-09-24 06:11:25,505 [INFO] ApiDb:250 - Set database path to: /home/shivam/.stmcufinder/plugins/mcufinder//mcu/
2025-09-24 06:11:25,505 [WARN] DbFile:41 - Overriding database path with different value: /home/shivam/.stmcufinder/plugins/mcufinder/ => /home/shivam/.stmcufinder/plugins/mcufinder
2025-09-24 06:11:25,505 [INFO] DbMcusAds:125 - Set database path to: /home/shivam/.stmcufinder/plugins/mcufinder//mcu/
2025-09-24 06:11:25,505 [WARN] DbFile:41 - Overriding database path with different value: /home/shivam/.stmcufinder/plugins/mcufinder/ => /home/shivam/.stmcufinder/plugins/mcufinder
2025-09-24 06:11:25,505 [WARN] DbFile:41 - Overriding database path with different value: /home/shivam/.stmcufinder/plugins/mcufinder/ => /home/shivam/.stmcufinder/plugins/mcufinder
2025-09-24 06:11:25,505 [INFO] CrossReferenceDbSqlite:203 - Set database path to: /home/shivam/.stmcufinder/plugins/mcufinder//mcu/cs/
2025-09-24 06:11:25,517 [INFO] ApplicationProperties:184 - Using Application install path: /opt/st/stm32cubeide_1.19.0/plugins/com.st.stm32cube.common.mx_6.15.0.202507011659
2025-09-24 06:11:25,518 [INFO] PluginManage:196 - Search for loadable plugins [exclusion list=, ]
2025-09-24 06:11:25,519 [INFO] PluginManage:310 - Check plugin analytics
2025-09-24 06:11:25,632 [INFO] AnalyticsPlugin:253 - Accepted Software Licenses: 
2025-09-24 06:11:25,633 [INFO] AnalyticsPlugin:255 - Accepted CMSIS Pack Licenses: 
2025-09-24 06:11:25,633 [INFO] AnalyticsPlugin:257 - Accepted Firmware Licenses: FW.F4.1.28.0
2025-09-24 06:11:25,635 [INFO] PluginManage:359 - Loaded plugin analytics (category:tool,tabindex:-1)
2025-09-24 06:11:25,636 [INFO] PluginManage:310 - Check plugin cadmodel
2025-09-24 06:11:25,641 [INFO] CADModel:105 - Init CAD model plugin
2025-09-24 06:11:25,641 [INFO] PluginManage:359 - Loaded plugin cadmodel (category:power,tabindex:5)
2025-09-24 06:11:25,641 [INFO] PluginManage:310 - Check plugin clock
2025-09-24 06:11:25,648 [INFO] PluginManage:359 - Loaded plugin clock (category:base,tabindex:2)
2025-09-24 06:11:25,648 [INFO] PluginManage:310 - Check plugin ddr
2025-09-24 06:11:25,650 [INFO] PluginManage:359 - Loaded plugin ddr (category:tool,tabindex:6)
2025-09-24 06:11:25,650 [INFO] PluginManage:310 - Check plugin filemanager
2025-09-24 06:11:25,776 [INFO] PluginManage:359 - Loaded plugin filemanager (category:base,tabindex:10)
2025-09-24 06:11:25,777 [INFO] PluginManage:310 - Check plugin ipmanager
2025-09-24 06:11:25,782 [INFO] PluginManage:359 - Loaded plugin ipmanager (category:base,tabindex:5)
2025-09-24 06:11:25,782 [INFO] PluginManage:310 - Check plugin lpbam
2025-09-24 06:11:25,793 [INFO] PluginManage:359 - Loaded plugin lpbam (category:base,tabindex:0)
2025-09-24 06:11:25,794 [INFO] PluginManage:310 - Check plugin memorymap
2025-09-24 06:11:25,810 [INFO] PluginManage:359 - Loaded plugin memorymap (category:base,tabindex:4)
2025-09-24 06:11:25,810 [INFO] PluginManage:310 - Check plugin pinoutandconfiguration
2025-09-24 06:11:25,819 [INFO] PluginManage:359 - Loaded plugin pinoutandconfiguration (category:base,tabindex:1)
2025-09-24 06:11:25,819 [INFO] PluginManage:310 - Check plugin pinoutconfig
2025-09-24 06:11:25,887 [WARN] SupportedApi:132 - Cannot load RTOS API schema: s4s-elt-must-match.1: The content of 'definitions' must match (annotation?, (simpleType | complexType)?, (unique | key | keyref)*)). A problem was found starting at: attribute.
2025-09-24 06:11:25,977 [INFO] PluginManage:359 - Loaded plugin pinoutconfig (category:base,tabindex:0)
2025-09-24 06:11:25,977 [INFO] PluginManage:310 - Check plugin power
2025-09-24 06:11:25,984 [INFO] PluginManage:359 - Loaded plugin power (category:power,tabindex:4)
2025-09-24 06:11:25,984 [INFO] PluginManage:310 - Check plugin projectmanager
2025-09-24 06:11:25,997 [INFO] PluginManage:359 - Loaded plugin projectmanager (category:projectmanager,tabindex:4)
2025-09-24 06:11:25,997 [INFO] PluginManage:310 - Check plugin rif
2025-09-24 06:11:26,005 [INFO] PluginManage:359 - Loaded plugin rif (category:base,tabindex:3)
2025-09-24 06:11:26,005 [INFO] PluginManage:310 - Check plugin thirdparty
2025-09-24 06:11:26,089 [INFO] PluginManage:359 - Loaded plugin thirdparty (category:base,tabindex:-1)
2025-09-24 06:11:26,089 [WARN] IntegrityCheckThread:84 - waiting for thirdparty lock release [integrity check]
2025-09-24 06:11:26,089 [INFO] PluginManage:310 - Check plugin tools
2025-09-24 06:11:26,089 [INFO] IntegrityCheckThread:86 - entering critical section [integrity check]
2025-09-24 06:11:26,090 [INFO] ThirdPartyUpdaterWithRetryManager:70 - Updater plugin not ready yet. [1/15]
2025-09-24 06:11:26,092 [INFO] PluginManage:359 - Loaded plugin tools (category:base,tabindex:7)
2025-09-24 06:11:26,092 [INFO] PluginManage:310 - Check plugin tutovideos
2025-09-24 06:11:26,221 [INFO] PluginManage:359 - Loaded plugin tutovideos (category:base,tabindex:-1)
2025-09-24 06:11:26,221 [INFO] PluginManage:310 - Check plugin updater
2025-09-24 06:11:26,246 [INFO] PluginManage:359 - Loaded plugin updater (category:base,tabindex:12)
2025-09-24 06:11:26,246 [INFO] PluginManage:310 - Check plugin userauth
2025-09-24 06:11:26,248 [INFO] UserAuth:118 - Init User Auth plugin
2025-09-24 06:11:26,249 [INFO] PluginManage:359 - Loaded plugin userauth (category:base,tabindex:14)
2025-09-24 06:11:26,249 [INFO] PluginManage:283 - PluginManage : Loaded plugins [18]
2025-09-24 06:11:26,369 [INFO] PinOutPanel:1589 - setPackage(No Configuration,No Configuration)
2025-09-24 06:11:26,415 [INFO] CADModel:165 - CPN selected for project level
2025-09-24 06:11:26,415 [INFO] CADModel:114 - Register for checkConnection events
2025-09-24 06:11:26,425 [INFO] IPUIPlugin:80 - create IPUIPlugin
2025-09-24 06:11:26,425 [INFO] PluginManager:220 - loadIPPluginJar : add resmgrutility
2025-09-24 06:11:26,430 [INFO] IPUIPlugin:80 - create IPUIPlugin
2025-09-24 06:11:26,430 [INFO] PluginManager:220 - loadIPPluginJar : add linkedlist
2025-09-24 06:11:26,431 [INFO] IPUIPlugin:80 - create IPUIPlugin
2025-09-24 06:11:26,432 [INFO] PluginManager:220 - loadIPPluginJar : add dma3
2025-09-24 06:11:26,434 [INFO] IPUIPlugin:80 - create IPUIPlugin
2025-09-24 06:11:26,434 [INFO] PluginManager:220 - loadIPPluginJar : add gpio
2025-09-24 06:11:26,435 [INFO] IPUIPlugin:80 - create IPUIPlugin
2025-09-24 06:11:26,436 [INFO] PluginManager:220 - loadIPPluginJar : add radio
2025-09-24 06:11:26,439 [INFO] IPUIPlugin:80 - create IPUIPlugin
2025-09-24 06:11:26,439 [INFO] PluginManager:220 - loadIPPluginJar : add lorawan
2025-09-24 06:11:26,441 [INFO] IPUIPlugin:80 - create IPUIPlugin
2025-09-24 06:11:26,441 [INFO] PluginManager:220 - loadIPPluginJar : add ddr_ctrl_phy
2025-09-24 06:11:26,442 [INFO] IPUIPlugin:80 - create IPUIPlugin
2025-09-24 06:11:26,443 [INFO] PluginManager:220 - loadIPPluginJar : add hash
2025-09-24 06:11:26,445 [INFO] IPUIPlugin:80 - create IPUIPlugin
2025-09-24 06:11:26,445 [INFO] PluginManager:220 - loadIPPluginJar : add openamp
2025-09-24 06:11:26,450 [INFO] IPUIPlugin:80 - create IPUIPlugin
2025-09-24 06:11:26,450 [INFO] PluginManager:220 - loadIPPluginJar : add dma
2025-09-24 06:11:26,452 [INFO] IPUIPlugin:80 - create IPUIPlugin
2025-09-24 06:11:26,452 [INFO] PluginManager:220 - loadIPPluginJar : add pdm2pcm
2025-09-24 06:11:26,453 [INFO] IPUIPlugin:80 - create IPUIPlugin
2025-09-24 06:11:26,453 [INFO] PluginManager:220 - loadIPPluginJar : add tracer_emb
2025-09-24 06:11:26,454 [INFO] IPUIPlugin:80 - create IPUIPlugin
2025-09-24 06:11:26,454 [INFO] PluginManager:220 - loadIPPluginJar : add genericplugin
2025-09-24 06:11:26,455 [INFO] IPUIPlugin:80 - create IPUIPlugin
2025-09-24 06:11:26,455 [INFO] PluginManager:220 - loadIPPluginJar : add i3c
2025-09-24 06:11:26,457 [INFO] IPUIPlugin:80 - create IPUIPlugin
2025-09-24 06:11:26,458 [INFO] PluginManager:220 - loadIPPluginJar : add ipddr
2025-09-24 06:11:26,461 [INFO] IPUIPlugin:80 - create IPUIPlugin
2025-09-24 06:11:26,461 [INFO] PluginManager:220 - loadIPPluginJar : add gic
2025-09-24 06:11:26,465 [INFO] IPUIPlugin:80 - create IPUIPlugin
2025-09-24 06:11:26,466 [INFO] PluginManager:220 - loadIPPluginJar : add freertos
2025-09-24 06:11:26,467 [INFO] IPUIPlugin:80 - create IPUIPlugin
2025-09-24 06:11:26,467 [INFO] PluginManager:220 - loadIPPluginJar : add comp
2025-09-24 06:11:26,469 [INFO] IPUIPlugin:80 - create IPUIPlugin
2025-09-24 06:11:26,469 [INFO] PluginManager:220 - loadIPPluginJar : add fmc
2025-09-24 06:11:26,471 [INFO] IPUIPlugin:80 - create IPUIPlugin
2025-09-24 06:11:26,471 [INFO] PluginManager:220 - loadIPPluginJar : add cryp
2025-09-24 06:11:26,473 [INFO] IPUIPlugin:80 - create IPUIPlugin
2025-09-24 06:11:26,473 [INFO] PluginManager:220 - loadIPPluginJar : add i2c
2025-09-24 06:11:26,474 [INFO] IPUIPlugin:80 - create IPUIPlugin
2025-09-24 06:11:26,474 [INFO] PluginManager:220 - loadIPPluginJar : add quadspi
2025-09-24 06:11:26,478 [INFO] IPUIPlugin:80 - create IPUIPlugin
2025-09-24 06:11:26,480 [INFO] PluginManager:220 - loadIPPluginJar : add plateformsettings
2025-09-24 06:11:26,482 [INFO] IPUIPlugin:80 - create IPUIPlugin
2025-09-24 06:11:26,483 [INFO] PluginManager:220 - loadIPPluginJar : add gtzc
2025-09-24 06:11:26,484 [INFO] IPUIPlugin:80 - create IPUIPlugin
2025-09-24 06:11:26,485 [INFO] PluginManager:220 - loadIPPluginJar : add dfsdm
2025-09-24 06:11:26,487 [INFO] IPUIPlugin:80 - create IPUIPlugin
2025-09-24 06:11:26,487 [INFO] PluginManager:220 - loadIPPluginJar : add ts
2025-09-24 06:11:26,493 [INFO] IPUIPlugin:80 - create IPUIPlugin
2025-09-24 06:11:26,493 [INFO] PluginManager:220 - loadIPPluginJar : add stm32_wpan
2025-09-24 06:11:26,495 [INFO] IPUIPlugin:80 - create IPUIPlugin
2025-09-24 06:11:26,495 [INFO] PluginManager:220 - loadIPPluginJar : add gfxmmu
2025-09-24 06:11:26,496 [INFO] IPUIPlugin:80 - create IPUIPlugin
2025-09-24 06:11:26,496 [INFO] PluginManager:220 - loadIPPluginJar : add aes
2025-09-24 06:11:26,500 [INFO] IPUIPlugin:80 - create IPUIPlugin
2025-09-24 06:11:26,500 [INFO] PluginManager:220 - loadIPPluginJar : add mdma
2025-09-24 06:11:26,501 [INFO] IPUIPlugin:80 - create IPUIPlugin
2025-09-24 06:11:26,501 [INFO] PluginManager:220 - loadIPPluginJar : add opamp
2025-09-24 06:11:26,502 [INFO] IPUIPlugin:80 - create IPUIPlugin
2025-09-24 06:11:26,502 [INFO] PluginManager:220 - loadIPPluginJar : add fatfs
2025-09-24 06:11:26,503 [INFO] IPUIPlugin:80 - create IPUIPlugin
2025-09-24 06:11:26,503 [INFO] PluginManager:220 - loadIPPluginJar : add ucpd
2025-09-24 06:11:26,504 [INFO] IPUIPlugin:80 - create IPUIPlugin
2025-09-24 06:11:26,504 [INFO] PluginManager:220 - loadIPPluginJar : add tim
2025-09-24 06:11:26,506 [INFO] IPUIPlugin:80 - create IPUIPlugin
2025-09-24 06:11:26,506 [INFO] PluginManager:220 - loadIPPluginJar : add extmemmanager
2025-09-24 06:11:26,506 [INFO] IPUIPlugin:80 - create IPUIPlugin
2025-09-24 06:11:26,507 [INFO] PluginManager:220 - loadIPPluginJar : add tsc
2025-09-24 06:11:26,508 [INFO] IPUIPlugin:80 - create IPUIPlugin
2025-09-24 06:11:26,508 [INFO] PluginManager:220 - loadIPPluginJar : add touchsensing
2025-09-24 06:11:26,512 [INFO] IPUIPlugin:80 - create IPUIPlugin
2025-09-24 06:11:26,512 [INFO] PluginManager:220 - loadIPPluginJar : add adc
2025-09-24 06:11:26,514 [INFO] IPUIPlugin:80 - create IPUIPlugin
2025-09-24 06:11:26,514 [INFO] PluginManager:220 - loadIPPluginJar : add can
2025-09-24 06:11:26,516 [INFO] IPUIPlugin:80 - create IPUIPlugin
2025-09-24 06:11:26,516 [INFO] PluginManager:220 - loadIPPluginJar : add sai
2025-09-24 06:11:26,516 [INFO] IPUIPlugin:80 - create IPUIPlugin
2025-09-24 06:11:26,516 [INFO] PluginManager:220 - loadIPPluginJar : add ltdc
2025-09-24 06:11:26,518 [INFO] IPUIPlugin:80 - create IPUIPlugin
2025-09-24 06:11:26,518 [INFO] PluginManager:220 - loadIPPluginJar : add usart
2025-09-24 06:11:26,521 [INFO] IPUIPlugin:80 - create IPUIPlugin
2025-09-24 06:11:26,521 [INFO] PluginManager:220 - loadIPPluginJar : add nvic
2025-09-24 06:11:26,523 [INFO] IPUIPlugin:80 - create IPUIPlugin
2025-09-24 06:11:26,523 [INFO] PluginManager:220 - loadIPPluginJar : add usbx
2025-09-24 06:11:26,524 [INFO] IPUIPlugin:80 - create IPUIPlugin
2025-09-24 06:11:26,524 [INFO] PluginManager:220 - loadIPPluginJar : add spi
2025-09-24 06:11:26,525 [INFO] IPUIPlugin:80 - create IPUIPlugin
2025-09-24 06:11:26,525 [INFO] PluginManager:220 - loadIPPluginJar : add i2s
2025-09-24 06:11:26,630 [FATAL] Updater:351 - Updater called before beeing initialized
2025-09-24 06:11:26,646 [INFO] RulesReader:64 - Compatibility file has been processed (317 Rules)
2025-09-24 06:11:26,651 [INFO] RulesReader:64 - Compatibility file has been processed (317 Rules)
2025-09-24 06:11:26,656 [INFO] CADModel:165 - CPN selected for project level
2025-09-24 06:11:26,656 [INFO] CADModel:114 - Register for checkConnection events
2025-09-24 06:11:26,656 [FATAL] Updater:351 - Updater called before beeing initialized
2025-09-24 06:11:26,656 [ERROR] CADModel:125 - Updater not yet initialized, retry later 
2025-09-24 06:11:26,756 [FATAL] Updater:351 - Updater called before beeing initialized
2025-09-24 06:11:26,757 [INFO] CADModel:165 - CPN selected for project level
2025-09-24 06:11:26,757 [INFO] CADModel:114 - Register for checkConnection events
2025-09-24 06:11:26,757 [FATAL] Updater:351 - Updater called before beeing initialized
2025-09-24 06:11:26,757 [ERROR] CADModel:125 - Updater not yet initialized, retry later 
2025-09-24 06:11:26,760 [FATAL] Updater:351 - Updater called before beeing initialized
2025-09-24 06:11:26,828 [FATAL] Updater:351 - Updater called before beeing initialized
2025-09-24 06:11:26,830 [INFO] DbMcusAds:53 - JSON generation date=Tue Jul 08 13:44:23 IST 2025 (1751962463524)
2025-09-24 06:11:26,830 [FATAL] Updater:351 - Updater called before beeing initialized
2025-09-24 06:11:26,853 [WARN] DetailPanel:346 - Failed to get advertising image, set to default
2025-09-24 06:11:26,898 [FATAL] Updater:351 - Updater called before beeing initialized
2025-09-24 06:11:26,899 [FATAL] Updater:351 - Updater called before beeing initialized
2025-09-24 06:11:26,899 [FATAL] Updater:351 - Updater called before beeing initialized
2025-09-24 06:11:26,899 [WARN] DetailPanel:346 - Failed to get advertising image, set to default
2025-09-24 06:11:26,901 [FATAL] Updater:351 - Updater called before beeing initialized
2025-09-24 06:11:26,924 [ERROR] Updater:1198 - MainUpdater not yet initialized. External WinMGr cannot be set.
2025-09-24 06:11:26,926 [INFO] Updater:1134 - Updater Version found : 6.15.0
2025-09-24 06:11:26,942 [INFO] ApplicationProperties:184 - Using Application install path: /opt/st/stm32cubeide_1.19.0/plugins/com.st.stm32cube.common.mx_6.15.0.202507011659
2025-09-24 06:11:27,148 [INFO] MainUpdater:2872 - connection check result : 10
2025-09-24 06:11:27,148 [INFO] MainUpdater:289 - Updater Check For Update Now.
2025-09-24 06:11:27,149 [INFO] MicroXplorer:498 - Change Database Version : DB.6.0.150
2025-09-24 06:11:27,152 [INFO] McuFinderGlobals:63 - Set McuFinder mode to 2 (CubeIDE integrated)
2025-09-24 06:11:27,154 [INFO] UserAuth:487 - Internet connection configuration mode: 1
2025-09-24 06:11:27,175 [INFO] JxBrowserEngine:152 - Initiate JxBrowser Engine with user profile folder
2025-09-24 06:11:27,317 [INFO] CheckServerUpdateThread:120 - End of CheckServer Thread
2025-09-24 06:11:27,964 [INFO] WebApp:169 - Instantiating new browser for Auth
2025-09-24 06:11:28,498 [INFO] WebApp:463 - Apply proxy settings
2025-09-24 06:11:28,498 [INFO] WebApp:548 - Chromium requires no authentication
2025-09-24 06:11:28,503 [INFO] WebApp:491 - Direct internet connection detected
2025-09-24 06:11:28,516 [INFO] WebApp:900 - Register for checkConnection events
2025-09-24 06:11:28,516 [INFO] WebApp:463 - Apply proxy settings
2025-09-24 06:11:28,516 [INFO] WebApp:548 - Chromium requires no authentication
2025-09-24 06:11:28,516 [INFO] WebApp:491 - Direct internet connection detected
2025-09-24 06:11:28,609 [INFO] WebApp:225 - Starting web application
2025-09-24 06:11:28,609 [INFO] WebApp:593 - Web application path used /opt/st/stm32cubeide_1.19.0/plugins/com.st.stm32cube.common.mx_6.15.0.202507011659/db/plugins/mcufinder/reactClient1/index.html
2025-09-24 06:11:28,765 [INFO] WebApp:191 - Connection restablished
2025-09-24 06:11:29,172 [WARN] PackLoader:240 - Cannot read IP mode file for STMicroelectronics.FP-SNS-MOTENVWB1.1.4.0
2025-09-24 06:11:29,179 [WARN] PackLoader:240 - Cannot read IP mode file for STMicroelectronics.FP-ATR-ASTRA1.2.0.2
2025-09-24 06:11:29,185 [WARN] PackLoader:240 - Cannot read IP mode file for STMicroelectronics.X-CUBE-SMBUS.2.1.0
2025-09-24 06:11:29,188 [WARN] PackLoader:240 - Cannot read IP mode file for STMicroelectronics.X-CUBE-ST60.1.0.0
2025-09-24 06:11:29,211 [WARN] PackLoader:240 - Cannot read IP mode file for STMicroelectronics.X-CUBE-AZRTOS-F7.1.1.0
2025-09-24 06:11:29,218 [WARN] PackLoader:240 - Cannot read IP mode file for Cesanta.I-CUBE-Mongoose.7.19.0
2025-09-24 06:11:29,226 [WARN] PackLoader:240 - Cannot read IP mode file for WES.I-CUBE-Cesium.1.4.0
2025-09-24 06:11:29,245 [WARN] PackLoader:240 - Cannot read IP mode file for Infineon.AIROC-Wi-Fi-Bluetooth-STM32.1.7.1
2025-09-24 06:11:29,270 [WARN] PackLoader:240 - Cannot read IP mode file for STMicroelectronics.X-CUBE-AZRTOS-H7.3.4.0
2025-09-24 06:11:29,281 [WARN] PackLoader:240 - Cannot read IP mode file for STMicroelectronics.X-CUBE-DISPLAY.3.0.0
2025-09-24 06:11:29,291 [WARN] PackLoader:240 - Cannot read IP mode file for STMicroelectronics.X-CUBE-NFC10.1.0.0
2025-09-24 06:11:29,297 [WARN] PackLoader:240 - Cannot read IP mode file for emotas.I-CUBE-CANOPEN.1.3.0
2025-09-24 06:11:29,301 [WARN] PackLoader:240 - Cannot read IP mode file for STMicroelectronics.FP-SNS-SMARTAG2.1.2.0
2025-09-24 06:11:29,305 [WARN] PackLoader:240 - Cannot read IP mode file for STMicroelectronics.FP-SNS-FLIGHT1.5.1.0
2025-09-24 06:11:29,310 [INFO] LogOutputStream:77 - [STDOUT_REDIRECT] 1 : Invalid condition id : UX_CORESTACK_Condition cause : null
2025-09-24 06:11:29,311 [INFO] LogOutputStream:77 - [STDOUT_REDIRECT] 1 : Invalid condition id : UX_CORESTACK_Condition cause : null
2025-09-24 06:11:29,311 [INFO] LogOutputStream:77 - [STDOUT_REDIRECT] 1 : Invalid condition id : UX_CORESTACK_Condition cause : null
2025-09-24 06:11:29,311 [INFO] LogOutputStream:77 - [STDOUT_REDIRECT] 1 : Invalid condition id : UX_CORESTACK_Condition cause : null
2025-09-24 06:11:29,311 [INFO] LogOutputStream:77 - [STDOUT_REDIRECT] 1 : Invalid condition id : UX_CORESTACK_Condition cause : null
2025-09-24 06:11:29,314 [WARN] PackLoader:240 - Cannot read IP mode file for STMicroelectronics.X-CUBE-AZRTOS-WL.2.0.0
2025-09-24 06:11:29,319 [WARN] PackLoader:240 - Cannot read IP mode file for STMicroelectronics.FP-SNS-MOTENV1.5.0.0
2025-09-24 06:11:29,325 [WARN] PackLoader:240 - Cannot read IP mode file for STMicroelectronics.X-CUBE-BLE2.3.3.0
2025-09-24 06:11:29,330 [WARN] PackLoader:240 - Cannot read IP mode file for STMicroelectronics.X-CUBE-NFC9.1.0.0
2025-09-24 06:11:29,334 [WARN] PackLoader:240 - Cannot read IP mode file for wolfSSL.I-CUBE-wolfSSL.5.8.2
2025-09-24 06:11:29,339 [WARN] PackLoader:240 - Cannot read IP mode file for STMicroelectronics.X-CUBE-BLE1.7.1.0
2025-09-24 06:11:29,354 [WARN] PackLoader:240 - Cannot read IP mode file for wolfSSL.I-CUBE-wolfMQTT.1.19.2
2025-09-24 06:11:29,362 [WARN] PackLoader:240 - Cannot read IP mode file for STMicroelectronics.X-CUBE-EEPRMA1.5.2.0
2025-09-24 06:11:29,380 [WARN] PackLoader:240 - Cannot read IP mode file for STMicroelectronics.X-CUBE-AZRTOS-G0.1.1.0
2025-09-24 06:11:29,389 [WARN] PackLoader:240 - Cannot read IP mode file for STMicroelectronics.X-CUBE-SAFEA1.1.2.2
2025-09-24 06:11:29,414 [WARN] PackLoader:240 - Cannot read IP mode file for STMicroelectronics.X-CUBE-NFC4.3.0.0
2025-09-24 06:11:29,425 [WARN] PackLoader:240 - Cannot read IP mode file for EmbeddedOffice.I-CUBE-FS-RTOS.1.0.1
2025-09-24 06:11:29,436 [WARN] PackLoader:240 - Cannot read IP mode file for STMicroelectronics.X-CUBE-WB05N.2.0.0
2025-09-24 06:11:29,441 [WARN] PackLoader:240 - Cannot read IP mode file for wolfSSL.I-CUBE-wolfTPM.3.8.0
2025-09-24 06:11:29,447 [WARN] PackLoader:240 - Cannot read IP mode file for STMicroelectronics.X-CUBE-TCPP.4.2.0
2025-09-24 06:11:29,453 [WARN] PackLoader:240 - Cannot read IP mode file for RealThread.X-CUBE-RT-Thread_Nano.4.1.1
2025-09-24 06:11:29,457 [WARN] PackLoader:240 - Cannot read IP mode file for STMicroelectronics.FP-ATR-SIGFOX1.3.2.0
2025-09-24 06:11:29,462 [WARN] PackLoader:240 - Cannot read IP mode file for ITTIA_DB.I-CUBE-ITTIADB.8.9.0
2025-09-24 06:11:29,467 [WARN] PackLoader:240 - Cannot read IP mode file for STMicroelectronics.X-CUBE-ST67W61.1.0.0
2025-09-24 06:11:29,488 [WARN] PackLoader:240 - Cannot read IP mode file for SEGGER.I-CUBE-embOS.1.3.1
2025-09-24 06:11:29,522 [WARN] PackLoader:240 - Cannot read IP mode file for STMicroelectronics.X-CUBE-ALGOBUILD.1.4.0
2025-09-24 06:11:29,564 [WARN] PackLoader:240 - Cannot read IP mode file for STMicroelectronics.X-CUBE-MEMS1.11.3.0
2025-09-24 06:11:29,636 [WARN] PackLoader:240 - Cannot read IP mode file for STMicroelectronics.X-CUBE-PM33A1.1.0.0
2025-09-24 06:11:29,651 [WARN] PackLoader:240 - Cannot read IP mode file for STMicroelectronics.X-CUBE-AZRTOS-F4.1.1.0
2025-09-24 06:11:29,657 [WARN] PackLoader:240 - Cannot read IP mode file for Avnet-IotConnect.X-CUBE-IoTC-DA16k-PMOD.1.0.0
2025-09-24 06:11:29,662 [WARN] PackLoader:240 - Cannot read IP mode file for STMicroelectronics.X-CUBE-ISPU.2.1.0
2025-09-24 06:11:29,668 [WARN] PackLoader:240 - Cannot read IP mode file for STMicroelectronics.X-CUBE-NFC12.1.0.0
2025-09-24 06:11:29,679 [WARN] PackLoader:240 - Cannot read IP mode file for STMicroelectronics.X-CUBE-AZRTOS-L5.2.0.0
2025-09-24 06:11:29,687 [WARN] PackLoader:240 - Cannot read IP mode file for STMicroelectronics.X-CUBE-NFC6.3.1.0
2025-09-24 06:11:29,695 [WARN] PackLoader:240 - Cannot read IP mode file for STMicroelectronics.X-CUBE-FREERTOS.1.3.1
2025-09-24 06:11:29,705 [WARN] PackLoader:240 - Cannot read IP mode file for STMicroelectronics.X-CUBE-DPower.1.3.0
2025-09-24 06:11:29,709 [INFO] UserAuth:487 - Internet connection configuration mode: 1
2025-09-24 06:11:29,732 [WARN] ConditionMgr:438 - getConditionDescription Invalid condition id : LAN8742 Phy interface Condition cause : null
2025-09-24 06:11:29,733 [WARN] PackLoader:240 - Cannot read IP mode file for STMicroelectronics.X-CUBE-AZRTOS-L4.2.0.0
2025-09-24 06:11:29,735 [WARN] ConditionMgr:1044 - genDependencies : Invalid condition id : LAN8742 Phy interface Condition cause : null
2025-09-24 06:11:29,735 [WARN] ConditionMgr:1044 - genDependencies : Invalid condition id : LAN8742 Phy interface Condition cause : null
2025-09-24 06:11:29,736 [WARN] ConditionMgr:1044 - genDependencies : Invalid condition id : LAN8742 Phy interface Condition cause : null
2025-09-24 06:11:29,746 [WARN] PackLoader:240 - Cannot read IP mode file for STMicroelectronics.X-CUBE-SFXS2LP1.4.0.0
2025-09-24 06:11:29,757 [WARN] PackLoader:240 - Cannot read IP mode file for STMicroelectronics.X-CUBE-BLEMGR.4.1.0
2025-09-24 06:11:29,771 [WARN] ConditionMgr:438 - getConditionDescription Invalid condition id : UX DEVICE CLASS RTOS Condition cause : null
2025-09-24 06:11:29,771 [WARN] ConditionMgr:438 - getConditionDescription Invalid condition id : UX DEVICE CLASS RTOS Condition cause : null
2025-09-24 06:11:29,773 [WARN] PackLoader:240 - Cannot read IP mode file for STMicroelectronics.X-CUBE-AZRTOS-WB.2.0.0
2025-09-24 06:11:29,774 [WARN] ConditionMgr:1044 - genDependencies : Invalid condition id : UX DEVICE CLASS RTOS Condition cause : null
2025-09-24 06:11:29,774 [WARN] ConditionMgr:1044 - genDependencies : Invalid condition id : UX DEVICE CLASS RTOS Condition cause : null
2025-09-24 06:11:29,775 [WARN] ConditionMgr:1044 - genDependencies : Invalid condition id : UX DEVICE CLASS RTOS Condition cause : null
2025-09-24 06:11:29,775 [WARN] ConditionMgr:1044 - genDependencies : Invalid condition id : UX DEVICE CLASS RTOS Condition cause : null
2025-09-24 06:11:29,775 [WARN] ConditionMgr:1044 - genDependencies : Invalid condition id : UX DEVICE CLASS RTOS Condition cause : null
2025-09-24 06:11:29,780 [WARN] PackLoader:240 - Cannot read IP mode file for STMicroelectronics.X-CUBE-GNSS1.7.0.1
2025-09-24 06:11:29,785 [WARN] PackLoader:240 - Cannot read IP mode file for STMicroelectronics.X-CUBE-TOUCHGFX.4.25.0
2025-09-24 06:11:29,789 [WARN] ConditionMgr:438 - getConditionDescription Invalid condition id : Cortex-A Device cause : null
2025-09-24 06:11:29,807 [WARN] ConditionMgr:1044 - genDependencies : Invalid condition id : Cortex-A Device cause : null
2025-09-24 06:11:29,807 [WARN] ConditionMgr:1044 - genDependencies : Invalid condition id : Cortex-A Device cause : null
2025-09-24 06:11:29,807 [WARN] ConditionMgr:1044 - genDependencies : Invalid condition id : Cortex-A Device cause : null
2025-09-24 06:11:29,815 [WARN] PackLoader:240 - Cannot read IP mode file for STMicroelectronics.X-CUBE-SUBG2.5.0.0
2025-09-24 06:11:29,832 [WARN] PackLoader:240 - Cannot read IP mode file for STMicroelectronics.X-CUBE-AZRTOS-H7RS.1.1.0
2025-09-24 06:11:29,844 [WARN] PackLoader:240 - Cannot read IP mode file for STMicroelectronics.X-CUBE-AZRTOS-G4.2.0.0
2025-09-24 06:11:29,849 [WARN] PackLoader:240 - Cannot read IP mode file for wolfSSL.I-CUBE-wolfSSH.1.4.20
2025-09-24 06:11:29,853 [WARN] PackLoader:240 - Cannot read IP mode file for STMicroelectronics.X-CUBE-NFC7.2.0.0
2025-09-24 06:11:29,863 [WARN] PackLoader:240 - Cannot read IP mode file for STMicroelectronics.X-CUBE-IPS.3.1.0
2025-09-24 06:11:29,870 [WARN] PackLoader:240 - Cannot read IP mode file for STMicroelectronics.X-CUBE-ALS.1.0.2
2025-09-24 06:11:29,876 [WARN] PackLoader:240 - Cannot read IP mode file for STMicroelectronics.X-CUBE-STSE01.1.0.0
2025-09-24 06:11:29,883 [WARN] PackLoader:240 - Cannot read IP mode file for STMicroelectronics.X-CUBE-TOF1.3.4.3
2025-09-24 06:11:29,888 [INFO] ThirdParty:978 - Integrity check success = true
2025-09-24 06:11:29,889 [INFO] IntegrityCheckThread:100 - exiting critical section [integrity check]
2025-09-24 06:11:29,889 [INFO] IntegrityCheckThread:103 - End integrity checks thread
2025-09-24 08:40:54,381 [INFO] WebApp:194 - Connection lost
2025-09-24 14:50:56,255 [INFO] WebApp:191 - Connection restablished
2025-09-24 14:51:52,090 [INFO] WebApp:194 - Connection lost
2025-09-24 14:51:59,721 [INFO] WebApp:191 - Connection restablished
