2025-09-20 08:47:38,005 [INFO] Activator:176 - 


2025-09-20 08:47:38,007 [INFO] Activator:177 - !SESSION log4j initialized
2025-09-20 08:47:41,010 [INFO] LogOutputStream:77 - [STDOUT_REDIRECT] 
2025-09-20 08:47:42,078 [INFO] ApplicationProperties:184 - Using Application install path: /opt/st/stm32cubeide_1.19.0/plugins/com.st.stm32cube.common.mx_6.15.0.202507011659
2025-09-20 08:47:42,104 [INFO] DbMcusXml:78 - Set database path to: /opt/st/stm32cubeide_1.19.0/plugins/com.st.stm32cube.common.mx_6.15.0.202507011659//db//mcu/
2025-09-20 08:47:42,104 [INFO] ApiDb:274 - Set plugin database path to: /opt/st/stm32cubeide_1.19.0/plugins/com.st.stm32cube.common.mx_6.15.0.202507011659//db//plugins/boardmanager/
2025-09-20 08:47:42,105 [WARN] ApiDb:259 - Overriding images path with different value:  => /opt/st/stm32cubeide_1.19.0/plugins/com.st.stm32cube.common.mx_6.15.0.202507011659//db//plugins/mcufinder/images/
2025-09-20 08:47:42,112 [INFO] ApiDb:250 - Set database path to: /home/shivam/.stmcufinder/plugins/mcufinder//mcu/
2025-09-20 08:47:42,114 [INFO] DbMcusAds:125 - Set database path to: /home/shivam/.stmcufinder/plugins/mcufinder//mcu/
2025-09-20 08:47:42,117 [INFO] CrossReferenceDbSqlite:203 - Set database path to: /home/shivam/.stmcufinder/plugins/mcufinder//mcu/cs/
2025-09-20 08:47:42,310 [INFO] RulesReader:64 - Compatibility file has been processed (317 Rules)
2025-09-20 08:47:42,486 [INFO] DbMcusXml:78 - Set database path to: /opt/st/stm32cubeide_1.19.0/plugins/com.st.stm32cube.common.mx_6.15.0.202507011659//db//mcu/
2025-09-20 08:47:42,486 [INFO] ApiDb:274 - Set plugin database path to: /opt/st/stm32cubeide_1.19.0/plugins/com.st.stm32cube.common.mx_6.15.0.202507011659//db//plugins/boardmanager/
2025-09-20 08:47:42,487 [INFO] ApiDb:261 - Set plugin images path to: /opt/st/stm32cubeide_1.19.0/plugins/com.st.stm32cube.common.mx_6.15.0.202507011659//db//plugins/mcufinder/images/
2025-09-20 08:47:42,487 [WARN] DbFile:41 - Overriding database path with different value: /home/shivam/.stmcufinder/plugins/mcufinder/ => /home/shivam/.stmcufinder/plugins/mcufinder
2025-09-20 08:47:42,488 [INFO] ApiDb:250 - Set database path to: /home/shivam/.stmcufinder/plugins/mcufinder//mcu/
2025-09-20 08:47:42,488 [WARN] DbFile:41 - Overriding database path with different value: /home/shivam/.stmcufinder/plugins/mcufinder/ => /home/shivam/.stmcufinder/plugins/mcufinder
2025-09-20 08:47:42,488 [INFO] DbMcusAds:125 - Set database path to: /home/shivam/.stmcufinder/plugins/mcufinder//mcu/
2025-09-20 08:47:42,489 [WARN] DbFile:41 - Overriding database path with different value: /home/shivam/.stmcufinder/plugins/mcufinder/ => /home/shivam/.stmcufinder/plugins/mcufinder
2025-09-20 08:47:42,489 [WARN] DbFile:41 - Overriding database path with different value: /home/shivam/.stmcufinder/plugins/mcufinder/ => /home/shivam/.stmcufinder/plugins/mcufinder
2025-09-20 08:47:42,489 [INFO] CrossReferenceDbSqlite:203 - Set database path to: /home/shivam/.stmcufinder/plugins/mcufinder//mcu/cs/
2025-09-20 08:47:42,654 [INFO] MainPanel:274 - HeapMemory: 268435456
2025-09-20 08:47:42,928 [INFO] DbMcusXml:78 - Set database path to: /opt/st/stm32cubeide_1.19.0/plugins/com.st.stm32cube.common.mx_6.15.0.202507011659//db//mcu/
2025-09-20 08:47:42,929 [INFO] ApiDb:274 - Set plugin database path to: /opt/st/stm32cubeide_1.19.0/plugins/com.st.stm32cube.common.mx_6.15.0.202507011659//db//plugins/boardmanager/
2025-09-20 08:47:42,929 [INFO] ApiDb:261 - Set plugin images path to: /opt/st/stm32cubeide_1.19.0/plugins/com.st.stm32cube.common.mx_6.15.0.202507011659//db//plugins/mcufinder/images/
2025-09-20 08:47:42,929 [WARN] DbFile:41 - Overriding database path with different value: /home/shivam/.stmcufinder/plugins/mcufinder/ => /home/shivam/.stmcufinder/plugins/mcufinder
2025-09-20 08:47:42,930 [INFO] ApiDb:250 - Set database path to: /home/shivam/.stmcufinder/plugins/mcufinder//mcu/
2025-09-20 08:47:42,930 [WARN] DbFile:41 - Overriding database path with different value: /home/shivam/.stmcufinder/plugins/mcufinder/ => /home/shivam/.stmcufinder/plugins/mcufinder
2025-09-20 08:47:42,930 [INFO] DbMcusAds:125 - Set database path to: /home/shivam/.stmcufinder/plugins/mcufinder//mcu/
2025-09-20 08:47:42,930 [WARN] DbFile:41 - Overriding database path with different value: /home/shivam/.stmcufinder/plugins/mcufinder/ => /home/shivam/.stmcufinder/plugins/mcufinder
2025-09-20 08:47:42,930 [WARN] DbFile:41 - Overriding database path with different value: /home/shivam/.stmcufinder/plugins/mcufinder/ => /home/shivam/.stmcufinder/plugins/mcufinder
2025-09-20 08:47:42,930 [INFO] CrossReferenceDbSqlite:203 - Set database path to: /home/shivam/.stmcufinder/plugins/mcufinder//mcu/cs/
2025-09-20 08:47:42,951 [INFO] ApplicationProperties:184 - Using Application install path: /opt/st/stm32cubeide_1.19.0/plugins/com.st.stm32cube.common.mx_6.15.0.202507011659
2025-09-20 08:47:42,954 [INFO] PluginManage:196 - Search for loadable plugins [exclusion list=, ]
2025-09-20 08:47:42,955 [INFO] PluginManage:310 - Check plugin analytics
2025-09-20 08:47:43,147 [INFO] AnalyticsPlugin:253 - Accepted Software Licenses: 
2025-09-20 08:47:43,147 [INFO] AnalyticsPlugin:255 - Accepted CMSIS Pack Licenses: 
2025-09-20 08:47:43,147 [INFO] AnalyticsPlugin:257 - Accepted Firmware Licenses: FW.F4.1.28.0
2025-09-20 08:47:43,150 [INFO] PluginManage:359 - Loaded plugin analytics (category:tool,tabindex:-1)
2025-09-20 08:47:43,150 [INFO] PluginManage:310 - Check plugin cadmodel
2025-09-20 08:47:43,156 [INFO] CADModel:105 - Init CAD model plugin
2025-09-20 08:47:43,156 [INFO] PluginManage:359 - Loaded plugin cadmodel (category:power,tabindex:5)
2025-09-20 08:47:43,156 [INFO] PluginManage:310 - Check plugin clock
2025-09-20 08:47:43,168 [INFO] PluginManage:359 - Loaded plugin clock (category:base,tabindex:2)
2025-09-20 08:47:43,168 [INFO] PluginManage:310 - Check plugin ddr
2025-09-20 08:47:43,172 [INFO] PluginManage:359 - Loaded plugin ddr (category:tool,tabindex:6)
2025-09-20 08:47:43,172 [INFO] PluginManage:310 - Check plugin filemanager
2025-09-20 08:47:43,370 [INFO] PluginManage:359 - Loaded plugin filemanager (category:base,tabindex:10)
2025-09-20 08:47:43,371 [INFO] PluginManage:310 - Check plugin ipmanager
2025-09-20 08:47:43,378 [INFO] PluginManage:359 - Loaded plugin ipmanager (category:base,tabindex:5)
2025-09-20 08:47:43,378 [INFO] PluginManage:310 - Check plugin lpbam
2025-09-20 08:47:43,393 [INFO] PluginManage:359 - Loaded plugin lpbam (category:base,tabindex:0)
2025-09-20 08:47:43,394 [INFO] PluginManage:310 - Check plugin memorymap
2025-09-20 08:47:43,411 [INFO] PluginManage:359 - Loaded plugin memorymap (category:base,tabindex:4)
2025-09-20 08:47:43,411 [INFO] PluginManage:310 - Check plugin pinoutandconfiguration
2025-09-20 08:47:43,423 [INFO] PluginManage:359 - Loaded plugin pinoutandconfiguration (category:base,tabindex:1)
2025-09-20 08:47:43,423 [INFO] PluginManage:310 - Check plugin pinoutconfig
2025-09-20 08:47:43,589 [WARN] SupportedApi:132 - Cannot load RTOS API schema: s4s-elt-must-match.1: The content of 'definitions' must match (annotation?, (simpleType | complexType)?, (unique | key | keyref)*)). A problem was found starting at: attribute.
2025-09-20 08:47:43,763 [INFO] PluginManage:359 - Loaded plugin pinoutconfig (category:base,tabindex:0)
2025-09-20 08:47:43,763 [INFO] PluginManage:310 - Check plugin power
2025-09-20 08:47:43,775 [INFO] PluginManage:359 - Loaded plugin power (category:power,tabindex:4)
2025-09-20 08:47:43,776 [INFO] PluginManage:310 - Check plugin projectmanager
2025-09-20 08:47:43,802 [INFO] PluginManage:359 - Loaded plugin projectmanager (category:projectmanager,tabindex:4)
2025-09-20 08:47:43,802 [INFO] PluginManage:310 - Check plugin rif
2025-09-20 08:47:43,816 [INFO] PluginManage:359 - Loaded plugin rif (category:base,tabindex:3)
2025-09-20 08:47:43,816 [INFO] PluginManage:310 - Check plugin thirdparty
2025-09-20 08:47:43,993 [INFO] PluginManage:359 - Loaded plugin thirdparty (category:base,tabindex:-1)
2025-09-20 08:47:43,993 [INFO] PluginManage:310 - Check plugin tools
2025-09-20 08:47:43,993 [WARN] IntegrityCheckThread:84 - waiting for thirdparty lock release [integrity check]
2025-09-20 08:47:43,994 [INFO] IntegrityCheckThread:86 - entering critical section [integrity check]
2025-09-20 08:47:43,994 [INFO] ThirdPartyUpdaterWithRetryManager:70 - Updater plugin not ready yet. [1/15]
2025-09-20 08:47:43,996 [INFO] PluginManage:359 - Loaded plugin tools (category:base,tabindex:7)
2025-09-20 08:47:43,996 [INFO] PluginManage:310 - Check plugin tutovideos
2025-09-20 08:47:44,322 [INFO] PluginManage:359 - Loaded plugin tutovideos (category:base,tabindex:-1)
2025-09-20 08:47:44,322 [INFO] PluginManage:310 - Check plugin updater
2025-09-20 08:47:44,353 [INFO] PluginManage:359 - Loaded plugin updater (category:base,tabindex:12)
2025-09-20 08:47:44,353 [INFO] PluginManage:310 - Check plugin userauth
2025-09-20 08:47:44,360 [INFO] UserAuth:118 - Init User Auth plugin
2025-09-20 08:47:44,361 [INFO] PluginManage:359 - Loaded plugin userauth (category:base,tabindex:14)
2025-09-20 08:47:44,362 [INFO] PluginManage:283 - PluginManage : Loaded plugins [18]
2025-09-20 08:47:44,606 [INFO] PinOutPanel:1589 - setPackage(No Configuration,No Configuration)
2025-09-20 08:47:44,700 [INFO] CADModel:165 - CPN selected for project level
2025-09-20 08:47:44,701 [INFO] CADModel:114 - Register for checkConnection events
2025-09-20 08:47:44,715 [INFO] IPUIPlugin:80 - create IPUIPlugin
2025-09-20 08:47:44,716 [INFO] PluginManager:220 - loadIPPluginJar : add resmgrutility
2025-09-20 08:47:44,724 [INFO] IPUIPlugin:80 - create IPUIPlugin
2025-09-20 08:47:44,724 [INFO] PluginManager:220 - loadIPPluginJar : add linkedlist
2025-09-20 08:47:44,726 [INFO] IPUIPlugin:80 - create IPUIPlugin
2025-09-20 08:47:44,726 [INFO] PluginManager:220 - loadIPPluginJar : add dma3
2025-09-20 08:47:44,732 [INFO] IPUIPlugin:80 - create IPUIPlugin
2025-09-20 08:47:44,732 [INFO] PluginManager:220 - loadIPPluginJar : add gpio
2025-09-20 08:47:44,734 [INFO] IPUIPlugin:80 - create IPUIPlugin
2025-09-20 08:47:44,735 [INFO] PluginManager:220 - loadIPPluginJar : add radio
2025-09-20 08:47:44,740 [INFO] IPUIPlugin:80 - create IPUIPlugin
2025-09-20 08:47:44,740 [INFO] PluginManager:220 - loadIPPluginJar : add lorawan
2025-09-20 08:47:44,744 [INFO] IPUIPlugin:80 - create IPUIPlugin
2025-09-20 08:47:44,744 [INFO] PluginManager:220 - loadIPPluginJar : add ddr_ctrl_phy
2025-09-20 08:47:44,746 [INFO] IPUIPlugin:80 - create IPUIPlugin
2025-09-20 08:47:44,746 [INFO] PluginManager:220 - loadIPPluginJar : add hash
2025-09-20 08:47:44,749 [INFO] IPUIPlugin:80 - create IPUIPlugin
2025-09-20 08:47:44,749 [INFO] PluginManager:220 - loadIPPluginJar : add openamp
2025-09-20 08:47:44,754 [INFO] IPUIPlugin:80 - create IPUIPlugin
2025-09-20 08:47:44,754 [INFO] PluginManager:220 - loadIPPluginJar : add dma
2025-09-20 08:47:44,758 [INFO] IPUIPlugin:80 - create IPUIPlugin
2025-09-20 08:47:44,758 [INFO] PluginManager:220 - loadIPPluginJar : add pdm2pcm
2025-09-20 08:47:44,760 [INFO] IPUIPlugin:80 - create IPUIPlugin
2025-09-20 08:47:44,760 [INFO] PluginManager:220 - loadIPPluginJar : add tracer_emb
2025-09-20 08:47:44,762 [INFO] IPUIPlugin:80 - create IPUIPlugin
2025-09-20 08:47:44,762 [INFO] PluginManager:220 - loadIPPluginJar : add genericplugin
2025-09-20 08:47:44,764 [INFO] IPUIPlugin:80 - create IPUIPlugin
2025-09-20 08:47:44,764 [INFO] PluginManager:220 - loadIPPluginJar : add i3c
2025-09-20 08:47:44,767 [INFO] IPUIPlugin:80 - create IPUIPlugin
2025-09-20 08:47:44,767 [INFO] PluginManager:220 - loadIPPluginJar : add ipddr
2025-09-20 08:47:44,773 [INFO] IPUIPlugin:80 - create IPUIPlugin
2025-09-20 08:47:44,773 [INFO] PluginManager:220 - loadIPPluginJar : add gic
2025-09-20 08:47:44,781 [INFO] IPUIPlugin:80 - create IPUIPlugin
2025-09-20 08:47:44,781 [INFO] PluginManager:220 - loadIPPluginJar : add freertos
2025-09-20 08:47:44,783 [INFO] IPUIPlugin:80 - create IPUIPlugin
2025-09-20 08:47:44,783 [INFO] PluginManager:220 - loadIPPluginJar : add comp
2025-09-20 08:47:44,787 [INFO] IPUIPlugin:80 - create IPUIPlugin
2025-09-20 08:47:44,787 [INFO] PluginManager:220 - loadIPPluginJar : add fmc
2025-09-20 08:47:44,790 [INFO] IPUIPlugin:80 - create IPUIPlugin
2025-09-20 08:47:44,790 [INFO] PluginManager:220 - loadIPPluginJar : add cryp
2025-09-20 08:47:44,793 [INFO] IPUIPlugin:80 - create IPUIPlugin
2025-09-20 08:47:44,793 [INFO] PluginManager:220 - loadIPPluginJar : add i2c
2025-09-20 08:47:44,795 [INFO] IPUIPlugin:80 - create IPUIPlugin
2025-09-20 08:47:44,795 [INFO] PluginManager:220 - loadIPPluginJar : add quadspi
2025-09-20 08:47:44,802 [INFO] IPUIPlugin:80 - create IPUIPlugin
2025-09-20 08:47:44,804 [INFO] PluginManager:220 - loadIPPluginJar : add plateformsettings
2025-09-20 08:47:44,806 [INFO] IPUIPlugin:80 - create IPUIPlugin
2025-09-20 08:47:44,807 [INFO] PluginManager:220 - loadIPPluginJar : add gtzc
2025-09-20 08:47:44,809 [INFO] IPUIPlugin:80 - create IPUIPlugin
2025-09-20 08:47:44,809 [INFO] PluginManager:220 - loadIPPluginJar : add dfsdm
2025-09-20 08:47:44,811 [INFO] IPUIPlugin:80 - create IPUIPlugin
2025-09-20 08:47:44,811 [INFO] PluginManager:220 - loadIPPluginJar : add ts
2025-09-20 08:47:44,819 [INFO] IPUIPlugin:80 - create IPUIPlugin
2025-09-20 08:47:44,819 [INFO] PluginManager:220 - loadIPPluginJar : add stm32_wpan
2025-09-20 08:47:44,821 [INFO] IPUIPlugin:80 - create IPUIPlugin
2025-09-20 08:47:44,822 [INFO] PluginManager:220 - loadIPPluginJar : add gfxmmu
2025-09-20 08:47:44,824 [INFO] IPUIPlugin:80 - create IPUIPlugin
2025-09-20 08:47:44,824 [INFO] PluginManager:220 - loadIPPluginJar : add aes
2025-09-20 08:47:44,829 [INFO] IPUIPlugin:80 - create IPUIPlugin
2025-09-20 08:47:44,830 [INFO] PluginManager:220 - loadIPPluginJar : add mdma
2025-09-20 08:47:44,834 [INFO] IPUIPlugin:80 - create IPUIPlugin
2025-09-20 08:47:44,834 [INFO] PluginManager:220 - loadIPPluginJar : add opamp
2025-09-20 08:47:44,836 [INFO] IPUIPlugin:80 - create IPUIPlugin
2025-09-20 08:47:44,836 [INFO] PluginManager:220 - loadIPPluginJar : add fatfs
2025-09-20 08:47:44,837 [INFO] IPUIPlugin:80 - create IPUIPlugin
2025-09-20 08:47:44,838 [INFO] PluginManager:220 - loadIPPluginJar : add ucpd
2025-09-20 08:47:44,839 [INFO] IPUIPlugin:80 - create IPUIPlugin
2025-09-20 08:47:44,839 [INFO] PluginManager:220 - loadIPPluginJar : add tim
2025-09-20 08:47:44,842 [INFO] IPUIPlugin:80 - create IPUIPlugin
2025-09-20 08:47:44,842 [INFO] PluginManager:220 - loadIPPluginJar : add extmemmanager
2025-09-20 08:47:44,843 [INFO] IPUIPlugin:80 - create IPUIPlugin
2025-09-20 08:47:44,843 [INFO] PluginManager:220 - loadIPPluginJar : add tsc
2025-09-20 08:47:44,845 [INFO] IPUIPlugin:80 - create IPUIPlugin
2025-09-20 08:47:44,846 [INFO] PluginManager:220 - loadIPPluginJar : add touchsensing
2025-09-20 08:47:44,852 [INFO] IPUIPlugin:80 - create IPUIPlugin
2025-09-20 08:47:44,852 [INFO] PluginManager:220 - loadIPPluginJar : add adc
2025-09-20 08:47:44,855 [INFO] IPUIPlugin:80 - create IPUIPlugin
2025-09-20 08:47:44,855 [INFO] PluginManager:220 - loadIPPluginJar : add can
2025-09-20 08:47:44,858 [INFO] IPUIPlugin:80 - create IPUIPlugin
2025-09-20 08:47:44,859 [INFO] PluginManager:220 - loadIPPluginJar : add sai
2025-09-20 08:47:44,860 [INFO] IPUIPlugin:80 - create IPUIPlugin
2025-09-20 08:47:44,860 [INFO] PluginManager:220 - loadIPPluginJar : add ltdc
2025-09-20 08:47:44,862 [INFO] IPUIPlugin:80 - create IPUIPlugin
2025-09-20 08:47:44,862 [INFO] PluginManager:220 - loadIPPluginJar : add usart
2025-09-20 08:47:44,865 [INFO] IPUIPlugin:80 - create IPUIPlugin
2025-09-20 08:47:44,865 [INFO] PluginManager:220 - loadIPPluginJar : add nvic
2025-09-20 08:47:44,869 [INFO] IPUIPlugin:80 - create IPUIPlugin
2025-09-20 08:47:44,869 [INFO] PluginManager:220 - loadIPPluginJar : add usbx
2025-09-20 08:47:44,871 [INFO] IPUIPlugin:80 - create IPUIPlugin
2025-09-20 08:47:44,872 [INFO] PluginManager:220 - loadIPPluginJar : add spi
2025-09-20 08:47:44,875 [INFO] IPUIPlugin:80 - create IPUIPlugin
2025-09-20 08:47:44,875 [INFO] PluginManager:220 - loadIPPluginJar : add i2s
2025-09-20 08:47:44,994 [FATAL] Updater:351 - Updater called before beeing initialized
2025-09-20 08:47:45,025 [INFO] RulesReader:64 - Compatibility file has been processed (317 Rules)
2025-09-20 08:47:45,053 [INFO] RulesReader:64 - Compatibility file has been processed (317 Rules)
2025-09-20 08:47:45,063 [INFO] CADModel:165 - CPN selected for project level
2025-09-20 08:47:45,063 [INFO] CADModel:114 - Register for checkConnection events
2025-09-20 08:47:45,063 [FATAL] Updater:351 - Updater called before beeing initialized
2025-09-20 08:47:45,063 [ERROR] CADModel:125 - Updater not yet initialized, retry later 
2025-09-20 08:47:45,232 [FATAL] Updater:351 - Updater called before beeing initialized
2025-09-20 08:47:45,234 [INFO] CADModel:165 - CPN selected for project level
2025-09-20 08:47:45,234 [INFO] CADModel:114 - Register for checkConnection events
2025-09-20 08:47:45,234 [FATAL] Updater:351 - Updater called before beeing initialized
2025-09-20 08:47:45,235 [ERROR] CADModel:125 - Updater not yet initialized, retry later 
2025-09-20 08:47:45,239 [FATAL] Updater:351 - Updater called before beeing initialized
2025-09-20 08:47:45,321 [FATAL] Updater:351 - Updater called before beeing initialized
2025-09-20 08:47:45,324 [INFO] DbMcusAds:53 - JSON generation date=Tue Jul 08 13:44:23 IST 2025 (1751962463524)
2025-09-20 08:47:45,324 [FATAL] Updater:351 - Updater called before beeing initialized
2025-09-20 08:47:45,348 [WARN] DetailPanel:346 - Failed to get advertising image, set to default
2025-09-20 08:47:45,451 [FATAL] Updater:351 - Updater called before beeing initialized
2025-09-20 08:47:45,454 [FATAL] Updater:351 - Updater called before beeing initialized
2025-09-20 08:47:45,455 [FATAL] Updater:351 - Updater called before beeing initialized
2025-09-20 08:47:45,455 [WARN] DetailPanel:346 - Failed to get advertising image, set to default
2025-09-20 08:47:45,456 [FATAL] Updater:351 - Updater called before beeing initialized
2025-09-20 08:47:45,521 [ERROR] Updater:1198 - MainUpdater not yet initialized. External WinMGr cannot be set.
2025-09-20 08:47:45,525 [INFO] Updater:1134 - Updater Version found : 6.15.0
2025-09-20 08:47:45,552 [INFO] ApplicationProperties:184 - Using Application install path: /opt/st/stm32cubeide_1.19.0/plugins/com.st.stm32cube.common.mx_6.15.0.202507011659
2025-09-20 08:47:45,756 [INFO] MainUpdater:2872 - connection check result : 10
2025-09-20 08:47:45,756 [INFO] MainUpdater:3604 - Updater definition file requires update
2025-09-20 08:47:45,756 [INFO] MainUpdater:289 - Updater Check For Update Now.
2025-09-20 08:47:45,757 [INFO] MicroXplorer:498 - Change Database Version : DB.6.0.150
2025-09-20 08:47:45,761 [INFO] McuFinderGlobals:63 - Set McuFinder mode to 2 (CubeIDE integrated)
2025-09-20 08:47:45,762 [INFO] UserAuth:487 - Internet connection configuration mode: 1
2025-09-20 08:47:45,776 [INFO] JxBrowserEngine:152 - Initiate JxBrowser Engine with user profile folder
2025-09-20 08:47:45,857 [INFO] ServerAccessManage:452 - Complete download http(s) 200
2025-09-20 08:47:45,858 [INFO] ServerAccessManage:509 - Download File updaters.zip
2025-09-20 08:47:45,936 [INFO] FileExtend:248 - Unzip File : updaters.zip
2025-09-20 08:47:45,937 [INFO] FileExtend:263 - Standard Zip Deflate
2025-09-20 08:47:46,219 [INFO] ServerAccessManage:452 - Complete download http(s) 200
2025-09-20 08:47:46,219 [INFO] ServerAccessManage:509 - Download File PacksControlFlags.xml
2025-09-20 08:47:46,323 [INFO] ServerAccessManage:452 - Complete download http(s) 200
2025-09-20 08:47:46,323 [INFO] ServerAccessManage:509 - Download File cubemx.pidx
2025-09-20 08:47:46,995 [WARN] MainUpdater:1193 - Updater busy. Cannot search thirdparties
2025-09-20 08:47:46,996 [INFO] ThirdPartyUpdaterWithRetryManager:96 - Updater plugin is busy. [1/15]
2025-09-20 08:47:47,078 [INFO] WebApp:169 - Instantiating new browser for Auth
2025-09-20 08:47:47,141 [INFO] ServerAccessManage:452 - Complete download http(s) 200
2025-09-20 08:47:47,141 [INFO] ServerAccessManage:509 - Download File STMicroelectronics.X-CUBE-BLE1.pdsc
2025-09-20 08:47:48,077 [INFO] WebApp:463 - Apply proxy settings
2025-09-20 08:47:48,078 [INFO] WebApp:548 - Chromium requires no authentication
2025-09-20 08:47:48,086 [INFO] WebApp:491 - Direct internet connection detected
2025-09-20 08:47:48,109 [INFO] WebApp:900 - Register for checkConnection events
2025-09-20 08:47:48,110 [INFO] WebApp:463 - Apply proxy settings
2025-09-20 08:47:48,110 [INFO] WebApp:548 - Chromium requires no authentication
2025-09-20 08:47:48,111 [INFO] WebApp:491 - Direct internet connection detected
2025-09-20 08:47:48,293 [INFO] WebApp:225 - Starting web application
2025-09-20 08:47:48,294 [INFO] WebApp:593 - Web application path used /opt/st/stm32cubeide_1.19.0/plugins/com.st.stm32cube.common.mx_6.15.0.202507011659/db/plugins/mcufinder/reactClient1/index.html
2025-09-20 08:47:48,520 [INFO] WebApp:191 - Connection restablished
2025-09-20 08:47:48,655 [INFO] UserAuth:487 - Internet connection configuration mode: 1
2025-09-20 08:47:49,997 [WARN] MainUpdater:1193 - Updater busy. Cannot search thirdparties
2025-09-20 08:47:49,997 [INFO] ThirdPartyUpdaterWithRetryManager:96 - Updater plugin is busy. [2/15]
2025-09-20 08:47:52,998 [WARN] MainUpdater:1193 - Updater busy. Cannot search thirdparties
2025-09-20 08:47:52,998 [INFO] ThirdPartyUpdaterWithRetryManager:96 - Updater plugin is busy. [3/15]
2025-09-20 08:47:55,998 [WARN] MainUpdater:1193 - Updater busy. Cannot search thirdparties
2025-09-20 08:47:55,998 [INFO] ThirdPartyUpdaterWithRetryManager:96 - Updater plugin is busy. [4/15]
2025-09-20 08:47:58,052 [ERROR] ServerAccessManage:1212 - Problem, file not found on Server
2025-09-20 08:47:58,873 [INFO] ServerAccessManage:452 - Complete download http(s) 200
2025-09-20 08:47:58,873 [INFO] ServerAccessManage:509 - Download File STMicroelectronics.X-CUBE-BLE2.pdsc
2025-09-20 08:47:58,999 [WARN] MainUpdater:1193 - Updater busy. Cannot search thirdparties
2025-09-20 08:47:58,999 [INFO] ThirdPartyUpdaterWithRetryManager:96 - Updater plugin is busy. [5/15]
2025-09-20 08:48:01,999 [WARN] MainUpdater:1193 - Updater busy. Cannot search thirdparties
2025-09-20 08:48:02,000 [INFO] ThirdPartyUpdaterWithRetryManager:96 - Updater plugin is busy. [6/15]
2025-09-20 08:48:04,878 [INFO] ServerAccessManage:452 - Complete download http(s) 200
2025-09-20 08:48:04,878 [INFO] ServerAccessManage:509 - Download File STMicroelectronics.X-CUBE-BLEMGR.pdsc
2025-09-20 08:48:05,000 [WARN] MainUpdater:1193 - Updater busy. Cannot search thirdparties
2025-09-20 08:48:05,000 [INFO] ThirdPartyUpdaterWithRetryManager:96 - Updater plugin is busy. [7/15]
2025-09-20 08:48:05,834 [ERROR] ServerAccessManage:1212 - Problem, file not found on Server
2025-09-20 08:48:06,262 [INFO] ServerAccessManage:452 - Complete download http(s) 200
2025-09-20 08:48:06,262 [INFO] ServerAccessManage:509 - Download File STMicroelectronics.X-CUBE-DISPLAY.pdsc
2025-09-20 08:48:08,000 [WARN] MainUpdater:1193 - Updater busy. Cannot search thirdparties
2025-09-20 08:48:08,001 [INFO] ThirdPartyUpdaterWithRetryManager:96 - Updater plugin is busy. [8/15]
2025-09-20 08:48:11,001 [WARN] MainUpdater:1193 - Updater busy. Cannot search thirdparties
2025-09-20 08:48:11,002 [INFO] ThirdPartyUpdaterWithRetryManager:96 - Updater plugin is busy. [9/15]
2025-09-20 08:48:11,175 [INFO] ServerAccessManage:452 - Complete download http(s) 200
2025-09-20 08:48:11,175 [INFO] ServerAccessManage:509 - Download File STMicroelectronics.X-CUBE-DPOWER.pdsc
2025-09-20 08:48:12,570 [ERROR] ServerAccessManage:1212 - Problem, file not found on Server
2025-09-20 08:48:13,309 [ERROR] ServerAccessManage:1212 - Problem, file not found on Server
2025-09-20 08:48:14,002 [WARN] MainUpdater:1193 - Updater busy. Cannot search thirdparties
2025-09-20 08:48:14,002 [INFO] ThirdPartyUpdaterWithRetryManager:96 - Updater plugin is busy. [10/15]
2025-09-20 08:48:14,128 [ERROR] ServerAccessManage:1212 - Problem, file not found on Server
2025-09-20 08:48:14,845 [ERROR] ServerAccessManage:1212 - Problem, file not found on Server
2025-09-20 08:48:15,152 [ERROR] ServerAccessManage:1212 - Problem, file not found on Server
2025-09-20 08:48:15,437 [ERROR] ServerAccessManage:1212 - Problem, file not found on Server
2025-09-20 08:48:16,154 [ERROR] ServerAccessManage:1212 - Problem, file not found on Server
2025-09-20 08:48:16,460 [ERROR] ServerAccessManage:1212 - Problem, file not found on Server
2025-09-20 08:48:17,003 [WARN] MainUpdater:1193 - Updater busy. Cannot search thirdparties
2025-09-20 08:48:17,003 [INFO] ThirdPartyUpdaterWithRetryManager:96 - Updater plugin is busy. [11/15]
2025-09-20 08:48:17,153 [ERROR] ServerAccessManage:1212 - Problem, file not found on Server
2025-09-20 08:48:17,888 [ERROR] ServerAccessManage:1212 - Problem, file not found on Server
2025-09-20 08:48:18,582 [ERROR] ServerAccessManage:1212 - Problem, file not found on Server
2025-09-20 08:48:18,653 [INFO] ServerAccessManage:452 - Complete download http(s) 200
2025-09-20 08:48:18,653 [INFO] ServerAccessManage:509 - Download File STMicroelectronics.X-CUBE-EEPRMA1.pdsc
2025-09-20 08:48:19,449 [ERROR] ServerAccessManage:1212 - Problem, file not found on Server
2025-09-20 08:48:20,003 [WARN] MainUpdater:1193 - Updater busy. Cannot search thirdparties
2025-09-20 08:48:20,003 [INFO] ThirdPartyUpdaterWithRetryManager:96 - Updater plugin is busy. [12/15]
2025-09-20 08:48:20,244 [ERROR] ServerAccessManage:1212 - Problem, file not found on Server
2025-09-20 08:48:20,435 [INFO] ServerAccessManage:452 - Complete download http(s) 200
2025-09-20 08:48:20,436 [INFO] ServerAccessManage:509 - Download File STMicroelectronics.X-CUBE-FREERTOS.pdsc
2025-09-20 08:48:20,997 [INFO] ServerAccessManage:452 - Complete download http(s) 200
2025-09-20 08:48:20,997 [INFO] ServerAccessManage:509 - Download File STMicroelectronics.X-CUBE-GNSS1.pdsc
2025-09-20 08:48:23,004 [WARN] MainUpdater:1193 - Updater busy. Cannot search thirdparties
2025-09-20 08:48:23,004 [INFO] ThirdPartyUpdaterWithRetryManager:96 - Updater plugin is busy. [13/15]
2025-09-20 08:48:26,005 [WARN] MainUpdater:1193 - Updater busy. Cannot search thirdparties
2025-09-20 08:48:26,005 [INFO] ThirdPartyUpdaterWithRetryManager:96 - Updater plugin is busy. [14/15]
2025-09-20 08:48:27,440 [ERROR] ServerAccessManage:1212 - Problem, file not found on Server
2025-09-20 08:48:28,156 [ERROR] ServerAccessManage:1212 - Problem, file not found on Server
2025-09-20 08:48:28,976 [ERROR] ServerAccessManage:1212 - Problem, file not found on Server
2025-09-20 08:48:29,005 [WARN] MainUpdater:1193 - Updater busy. Cannot search thirdparties
2025-09-20 08:48:29,005 [INFO] ThirdPartyUpdaterWithRetryManager:96 - Updater plugin is busy. [15/15]
2025-09-20 08:48:29,006 [ERROR] IntegrityCheckThread:130 - Cannot retrieve database content from updater: error -1
2025-09-20 08:48:29,006 [INFO] ThirdParty:978 - Integrity check success = false
2025-09-20 08:48:29,006 [INFO] IntegrityCheckThread:100 - exiting critical section [integrity check]
2025-09-20 08:48:29,006 [INFO] IntegrityCheckThread:103 - End integrity checks thread
2025-09-20 08:48:29,658 [ERROR] ServerAccessManage:1212 - Problem, file not found on Server
2025-09-20 08:48:30,409 [ERROR] ServerAccessManage:1212 - Problem, file not found on Server
2025-09-20 08:48:30,674 [ERROR] ServerAccessManage:1212 - Problem, file not found on Server
2025-09-20 08:48:31,024 [INFO] ServerAccessManage:452 - Complete download http(s) 200
2025-09-20 08:48:31,025 [INFO] ServerAccessManage:509 - Download File STMicroelectronics.X-CUBE-ISPU.pdsc
2025-09-20 08:48:33,545 [INFO] ServerAccessManage:452 - Complete download http(s) 200
2025-09-20 08:48:33,545 [INFO] ServerAccessManage:509 - Download File STMicroelectronics.X-CUBE-IPS.pdsc
2025-09-20 08:48:35,065 [INFO] ServerAccessManage:452 - Complete download http(s) 200
2025-09-20 08:48:35,066 [INFO] ServerAccessManage:509 - Download File STMicroelectronics.X-CUBE-MEMS1.pdsc
2025-09-20 08:48:37,373 [INFO] ServerAccessManage:452 - Complete download http(s) 200
2025-09-20 08:48:37,373 [INFO] ServerAccessManage:509 - Download File STMicroelectronics.X-CUBE-NFC4.pdsc
2025-09-20 08:48:44,770 [INFO] ServerAccessManage:452 - Complete download http(s) 200
2025-09-20 08:48:44,770 [INFO] ServerAccessManage:509 - Download File STMicroelectronics.X-CUBE-NFC6.pdsc
2025-09-20 08:48:44,915 [INFO] ServerAccessManage:452 - Complete download http(s) 200
2025-09-20 08:48:44,915 [INFO] ServerAccessManage:509 - Download File STMicroelectronics.X-CUBE-NFC7.pdsc
2025-09-20 08:48:45,118 [INFO] ServerAccessManage:452 - Complete download http(s) 200
2025-09-20 08:48:45,118 [INFO] ServerAccessManage:509 - Download File STMicroelectronics.X-CUBE-NFC9.pdsc
2025-09-20 08:48:45,227 [INFO] ServerAccessManage:452 - Complete download http(s) 200
2025-09-20 08:48:45,227 [INFO] ServerAccessManage:509 - Download File STMicroelectronics.X-CUBE-NFC10.pdsc
2025-09-20 08:48:45,318 [INFO] ServerAccessManage:452 - Complete download http(s) 200
2025-09-20 08:48:45,318 [INFO] ServerAccessManage:509 - Download File STMicroelectronics.X-CUBE-NFC12.pdsc
2025-09-20 08:48:46,193 [INFO] ServerAccessManage:452 - Complete download http(s) 200
2025-09-20 08:48:46,193 [INFO] ServerAccessManage:509 - Download File STMicroelectronics.X-CUBE-SFXS2LP1.pdsc
2025-09-20 08:48:48,897 [INFO] ServerAccessManage:452 - Complete download http(s) 200
2025-09-20 08:48:48,897 [INFO] ServerAccessManage:509 - Download File STMicroelectronics.X-CUBE-SAFEA1.pdsc
2025-09-20 08:48:49,679 [INFO] ServerAccessManage:452 - Complete download http(s) 200
2025-09-20 08:48:49,679 [INFO] ServerAccessManage:509 - Download File STMicroelectronics.X-CUBE-SUBG2.pdsc
2025-09-20 08:48:57,347 [INFO] ServerAccessManage:452 - Complete download http(s) 200
2025-09-20 08:48:57,348 [INFO] ServerAccessManage:509 - Download File STMicroelectronics.X-CUBE-SMBUS.pdsc
2025-09-20 08:48:59,049 [ERROR] ServerAccessManage:1212 - Problem, file not found on Server
2025-09-20 08:48:59,389 [INFO] ServerAccessManage:452 - Complete download http(s) 200
2025-09-20 08:48:59,389 [INFO] ServerAccessManage:509 - Download File STMicroelectronics.X-CUBE-ST60.pdsc
2025-09-20 08:49:00,972 [INFO] ServerAccessManage:452 - Complete download http(s) 200
2025-09-20 08:49:00,972 [INFO] ServerAccessManage:509 - Download File STMicroelectronics.X-CUBE-ST67W61.pdsc
2025-09-20 08:49:01,741 [INFO] ServerAccessManage:452 - Complete download http(s) 200
2025-09-20 08:49:01,741 [INFO] ServerAccessManage:509 - Download File STMicroelectronics.X-CUBE-STSE01.pdsc
2025-09-20 08:49:02,111 [INFO] ServerAccessManage:452 - Complete download http(s) 200
2025-09-20 08:49:02,111 [INFO] ServerAccessManage:509 - Download File STMicroelectronics.X-CUBE-PM33A1.pdsc
2025-09-20 08:49:02,919 [INFO] ServerAccessManage:452 - Complete download http(s) 200
2025-09-20 08:49:02,919 [INFO] ServerAccessManage:509 - Download File STMicroelectronics.X-CUBE-TCPP.pdsc
2025-09-20 08:49:03,154 [INFO] ServerAccessManage:452 - Complete download http(s) 200
2025-09-20 08:49:03,155 [INFO] ServerAccessManage:509 - Download File STMicroelectronics.X-CUBE-TOF1.pdsc
2025-09-20 08:49:04,365 [ERROR] ServerAccessManage:1212 - Problem, file not found on Server
2025-09-20 08:49:04,454 [INFO] ServerAccessManage:452 - Complete download http(s) 200
2025-09-20 08:49:04,454 [INFO] ServerAccessManage:509 - Download File STMicroelectronics.X-CUBE-TOUCHGFX.pdsc
2025-09-20 08:49:05,570 [INFO] ServerAccessManage:452 - Complete download http(s) 200
2025-09-20 08:49:05,570 [INFO] ServerAccessManage:509 - Download File STMicroelectronics.X-CUBE-ALGOBUILD.pdsc
2025-09-20 08:49:05,905 [INFO] ServerAccessManage:452 - Complete download http(s) 200
2025-09-20 08:49:05,906 [INFO] ServerAccessManage:509 - Download File STMicroelectronics.X-CUBE-AZRTOS-H7.pdsc
2025-09-20 08:49:06,417 [INFO] ServerAccessManage:452 - Complete download http(s) 200
2025-09-20 08:49:06,417 [INFO] ServerAccessManage:509 - Download File STMicroelectronics.X-CUBE-AZRTOS-H7RS.pdsc
2025-09-20 08:49:06,621 [INFO] ServerAccessManage:452 - Complete download http(s) 200
2025-09-20 08:49:06,621 [INFO] ServerAccessManage:509 - Download File STMicroelectronics.X-CUBE-AZRTOS-F4.pdsc
2025-09-20 08:49:06,794 [INFO] ServerAccessManage:452 - Complete download http(s) 200
2025-09-20 08:49:06,795 [INFO] ServerAccessManage:509 - Download File STMicroelectronics.X-CUBE-AZRTOS-F7.pdsc
2025-09-20 08:49:06,954 [INFO] ServerAccessManage:452 - Complete download http(s) 200
2025-09-20 08:49:06,955 [INFO] ServerAccessManage:509 - Download File STMicroelectronics.X-CUBE-AZRTOS-L4.pdsc
2025-09-20 08:49:07,195 [INFO] ServerAccessManage:452 - Complete download http(s) 200
2025-09-20 08:49:07,195 [INFO] ServerAccessManage:509 - Download File STMicroelectronics.X-CUBE-AZRTOS-L5.pdsc
2025-09-20 08:49:07,616 [INFO] ServerAccessManage:452 - Complete download http(s) 200
2025-09-20 08:49:07,616 [INFO] ServerAccessManage:509 - Download File STMicroelectronics.X-CUBE-AZRTOS-G0.pdsc
2025-09-20 08:49:07,831 [INFO] ServerAccessManage:452 - Complete download http(s) 200
2025-09-20 08:49:07,831 [INFO] ServerAccessManage:509 - Download File STMicroelectronics.X-CUBE-AZRTOS-G4.pdsc
2025-09-20 08:49:08,025 [INFO] ServerAccessManage:452 - Complete download http(s) 200
2025-09-20 08:49:08,025 [INFO] ServerAccessManage:509 - Download File STMicroelectronics.X-CUBE-AZRTOS-WB.pdsc
2025-09-20 08:49:08,219 [INFO] ServerAccessManage:452 - Complete download http(s) 200
2025-09-20 08:49:08,219 [INFO] ServerAccessManage:509 - Download File STMicroelectronics.X-CUBE-AZRTOS-WL.pdsc
2025-09-20 08:49:08,397 [INFO] ServerAccessManage:452 - Complete download http(s) 200
2025-09-20 08:49:08,397 [INFO] ServerAccessManage:509 - Download File STMicroelectronics.X-CUBE-WB05N.pdsc
2025-09-20 08:49:10,653 [INFO] ServerAccessManage:452 - Complete download http(s) 200
2025-09-20 08:49:10,653 [INFO] ServerAccessManage:509 - Download File wolfSSL.I-CUBE-wolfSSL.pdsc
2025-09-20 08:49:18,846 [ERROR] ServerAccessManage:1212 - Problem, file not found on Server
2025-09-20 08:49:19,254 [ERROR] ServerAccessManage:1212 - Problem, file not found on Server
2025-09-20 08:49:19,663 [ERROR] ServerAccessManage:1212 - Problem, file not found on Server
2025-09-20 08:49:19,972 [INFO] ServerAccessManage:452 - Complete download http(s) 200
2025-09-20 08:49:19,972 [INFO] ServerAccessManage:509 - Download File wolfSSL.I-CUBE-wolfMQTT.pdsc
2025-09-20 08:49:21,917 [ERROR] ServerAccessManage:1212 - Problem, file not found on Server
2025-09-20 08:49:22,199 [INFO] ServerAccessManage:452 - Complete download http(s) 200
2025-09-20 08:49:22,199 [INFO] ServerAccessManage:509 - Download File wolfSSL.I-CUBE-wolfTPM.pdsc
2025-09-20 08:49:24,675 [INFO] ServerAccessManage:452 - Complete download http(s) 200
2025-09-20 08:49:24,675 [INFO] ServerAccessManage:509 - Download File wolfSSL.I-CUBE-wolfSSH.pdsc
2025-09-20 08:49:27,341 [INFO] ServerAccessManage:452 - Complete download http(s) 200
2025-09-20 08:49:27,341 [INFO] ServerAccessManage:509 - Download File RealThread.X-CUBE-RT-Thread_Nano.pdsc
2025-09-20 08:49:28,572 [INFO] ServerAccessManage:452 - Complete download http(s) 200
2025-09-20 08:49:28,573 [INFO] ServerAccessManage:509 - Download File SEGGER.I-CUBE-embOS.pdsc
2025-09-20 08:49:30,926 [INFO] ServerAccessManage:452 - Complete download http(s) 200
2025-09-20 08:49:30,926 [INFO] ServerAccessManage:509 - Download File emotas.I-CUBE-CANOPEN.pdsc
2025-09-20 08:49:33,079 [INFO] ServerAccessManage:452 - Complete download http(s) 200
2025-09-20 08:49:33,079 [INFO] ServerAccessManage:509 - Download File WES.I-CUBE-Cesium.pdsc
2025-09-20 08:49:34,360 [ERROR] ServerAccessManage:1212 - Problem, file not found on Server
2025-09-20 08:49:34,820 [ERROR] ServerAccessManage:1212 - Problem, file not found on Server
2025-09-20 08:49:36,457 [INFO] ServerAccessManage:452 - Complete download http(s) 200
2025-09-20 08:49:36,457 [INFO] ServerAccessManage:509 - Download File ITTIA_DB.I-CUBE-ITTIADB.pdsc
2025-09-20 08:49:41,839 [INFO] ServerAccessManage:452 - Complete download http(s) 200
2025-09-20 08:49:41,840 [INFO] ServerAccessManage:509 - Download File Infineon.AIROC-Wi-Fi-Bluetooth-STM32.pdsc
2025-09-20 08:49:47,016 [INFO] ServerAccessManage:452 - Complete download http(s) 200
2025-09-20 08:49:47,016 [INFO] ServerAccessManage:509 - Download File Cesanta.I-CUBE-Mongoose.pdsc
2025-09-20 08:49:50,926 [INFO] ServerAccessManage:452 - Complete download http(s) 200
2025-09-20 08:49:50,926 [INFO] ServerAccessManage:509 - Download File EmbeddedOffice.I-CUBE-FS-RTOS.pdsc
2025-09-20 08:49:52,841 [INFO] ServerAccessManage:452 - Complete download http(s) 200
2025-09-20 08:49:52,841 [INFO] ServerAccessManage:509 - Download File quantropi.X-CUBE-qispace-sdk-base.pdsc
2025-09-20 08:49:53,924 [INFO] ServerAccessManage:452 - Complete download http(s) 200
2025-09-20 08:49:53,925 [INFO] ServerAccessManage:509 - Download File Avnet-IotConnect.X-CUBE-IoTC-DA16k-PMOD.pdsc
2025-09-20 08:49:54,043 [WARN] PackLoader:240 - Cannot read IP mode file for STMicroelectronics.X-CUBE-BLE1.7.1.0
2025-09-20 08:49:54,048 [WARN] PackLoader:240 - Cannot read IP mode file for STMicroelectronics.X-CUBE-BLE2.3.3.0
2025-09-20 08:49:54,061 [WARN] PackLoader:240 - Cannot read IP mode file for STMicroelectronics.X-CUBE-BLEMGR.4.1.0
2025-09-20 08:49:54,079 [WARN] PackLoader:240 - Cannot read IP mode file for STMicroelectronics.X-CUBE-DISPLAY.3.0.0
2025-09-20 08:49:54,092 [WARN] PackLoader:240 - Cannot read IP mode file for STMicroelectronics.X-CUBE-DPower.1.3.0
2025-09-20 08:49:54,098 [WARN] PackLoader:240 - Cannot read IP mode file for STMicroelectronics.X-CUBE-EEPRMA1.5.2.0
2025-09-20 08:49:54,109 [WARN] PackLoader:240 - Cannot read IP mode file for STMicroelectronics.X-CUBE-FREERTOS.1.3.1
2025-09-20 08:49:54,116 [WARN] PackLoader:240 - Cannot read IP mode file for STMicroelectronics.X-CUBE-GNSS1.7.0.1
2025-09-20 08:49:54,119 [WARN] PackLoader:240 - Cannot read IP mode file for STMicroelectronics.X-CUBE-ISPU.2.1.0
2025-09-20 08:49:54,129 [WARN] PackLoader:240 - Cannot read IP mode file for STMicroelectronics.X-CUBE-IPS.3.1.0
2025-09-20 08:49:54,180 [WARN] PackLoader:240 - Cannot read IP mode file for STMicroelectronics.X-CUBE-MEMS1.11.3.0
2025-09-20 08:49:54,188 [INFO] CheckServerUpdateThread:120 - End of CheckServer Thread
2025-09-20 08:49:54,302 [WARN] PackLoader:240 - Cannot read IP mode file for STMicroelectronics.X-CUBE-NFC4.3.0.0
2025-09-20 08:49:54,321 [WARN] PackLoader:240 - Cannot read IP mode file for STMicroelectronics.X-CUBE-NFC6.3.1.0
2025-09-20 08:49:54,325 [WARN] PackLoader:240 - Cannot read IP mode file for STMicroelectronics.X-CUBE-NFC7.2.0.0
2025-09-20 08:49:54,330 [WARN] PackLoader:240 - Cannot read IP mode file for STMicroelectronics.X-CUBE-NFC9.1.0.0
2025-09-20 08:49:54,335 [WARN] PackLoader:240 - Cannot read IP mode file for STMicroelectronics.X-CUBE-NFC10.1.0.0
2025-09-20 08:49:54,341 [WARN] PackLoader:240 - Cannot read IP mode file for STMicroelectronics.X-CUBE-NFC12.1.0.0
2025-09-20 08:49:54,347 [WARN] PackLoader:240 - Cannot read IP mode file for STMicroelectronics.X-CUBE-SFXS2LP1.4.0.0
2025-09-20 08:49:54,351 [WARN] PackLoader:240 - Cannot read IP mode file for STMicroelectronics.X-CUBE-SAFEA1.1.2.2
2025-09-20 08:49:54,359 [WARN] PackLoader:240 - Cannot read IP mode file for STMicroelectronics.X-CUBE-SUBG2.5.0.0
2025-09-20 08:49:54,366 [WARN] PackLoader:240 - Cannot read IP mode file for STMicroelectronics.X-CUBE-SMBUS.2.1.0
2025-09-20 08:49:54,368 [WARN] PackLoader:240 - Cannot read IP mode file for STMicroelectronics.X-CUBE-ST60.1.0.0
2025-09-20 08:49:54,374 [WARN] PackLoader:240 - Cannot read IP mode file for STMicroelectronics.X-CUBE-ST67W61.1.0.0
2025-09-20 08:49:54,378 [WARN] PackLoader:240 - Cannot read IP mode file for STMicroelectronics.X-CUBE-STSE01.1.0.0
2025-09-20 08:49:54,383 [WARN] PackLoader:240 - Cannot read IP mode file for STMicroelectronics.X-CUBE-PM33A1.1.0.0
2025-09-20 08:49:54,387 [WARN] PackLoader:240 - Cannot read IP mode file for STMicroelectronics.X-CUBE-TCPP.4.2.0
2025-09-20 08:49:54,395 [WARN] PackLoader:240 - Cannot read IP mode file for STMicroelectronics.X-CUBE-TOF1.3.4.3
2025-09-20 08:49:54,409 [WARN] PackLoader:240 - Cannot read IP mode file for STMicroelectronics.X-CUBE-TOUCHGFX.4.25.0
2025-09-20 08:49:54,413 [WARN] PackLoader:240 - Cannot read IP mode file for STMicroelectronics.X-CUBE-ALGOBUILD.1.4.0
2025-09-20 08:49:54,427 [WARN] PackLoader:240 - Cannot read IP mode file for STMicroelectronics.X-CUBE-AZRTOS-H7.3.4.0
2025-09-20 08:49:54,445 [WARN] PackLoader:240 - Cannot read IP mode file for STMicroelectronics.X-CUBE-AZRTOS-H7RS.1.1.0
2025-09-20 08:49:54,457 [WARN] PackLoader:240 - Cannot read IP mode file for STMicroelectronics.X-CUBE-AZRTOS-F4.1.1.0
2025-09-20 08:49:54,470 [WARN] PackLoader:240 - Cannot read IP mode file for STMicroelectronics.X-CUBE-AZRTOS-F7.1.1.0
2025-09-20 08:49:54,484 [WARN] ConditionMgr:438 - getConditionDescription Invalid condition id : LAN8742 Phy interface Condition cause : null
2025-09-20 08:49:54,485 [WARN] PackLoader:240 - Cannot read IP mode file for STMicroelectronics.X-CUBE-AZRTOS-L4.2.0.0
2025-09-20 08:49:54,486 [WARN] ConditionMgr:1044 - genDependencies : Invalid condition id : LAN8742 Phy interface Condition cause : null
2025-09-20 08:49:54,486 [WARN] ConditionMgr:1044 - genDependencies : Invalid condition id : LAN8742 Phy interface Condition cause : null
2025-09-20 08:49:54,486 [WARN] ConditionMgr:1044 - genDependencies : Invalid condition id : LAN8742 Phy interface Condition cause : null
2025-09-20 08:49:54,498 [WARN] PackLoader:240 - Cannot read IP mode file for STMicroelectronics.X-CUBE-AZRTOS-L5.2.0.0
2025-09-20 08:49:54,512 [WARN] PackLoader:240 - Cannot read IP mode file for STMicroelectronics.X-CUBE-AZRTOS-G0.1.1.0
2025-09-20 08:49:54,521 [WARN] PackLoader:240 - Cannot read IP mode file for STMicroelectronics.X-CUBE-AZRTOS-G4.2.0.0
2025-09-20 08:49:54,531 [WARN] ConditionMgr:438 - getConditionDescription Invalid condition id : UX DEVICE CLASS RTOS Condition cause : null
2025-09-20 08:49:54,531 [WARN] ConditionMgr:438 - getConditionDescription Invalid condition id : UX DEVICE CLASS RTOS Condition cause : null
2025-09-20 08:49:54,533 [WARN] PackLoader:240 - Cannot read IP mode file for STMicroelectronics.X-CUBE-AZRTOS-WB.2.0.0
2025-09-20 08:49:54,533 [WARN] ConditionMgr:1044 - genDependencies : Invalid condition id : UX DEVICE CLASS RTOS Condition cause : null
2025-09-20 08:49:54,533 [WARN] ConditionMgr:1044 - genDependencies : Invalid condition id : UX DEVICE CLASS RTOS Condition cause : null
2025-09-20 08:49:54,534 [WARN] ConditionMgr:1044 - genDependencies : Invalid condition id : UX DEVICE CLASS RTOS Condition cause : null
2025-09-20 08:49:54,534 [WARN] ConditionMgr:1044 - genDependencies : Invalid condition id : UX DEVICE CLASS RTOS Condition cause : null
2025-09-20 08:49:54,534 [WARN] ConditionMgr:1044 - genDependencies : Invalid condition id : UX DEVICE CLASS RTOS Condition cause : null
2025-09-20 08:49:54,539 [INFO] LogOutputStream:77 - [STDOUT_REDIRECT] 1 : Invalid condition id : UX_CORESTACK_Condition cause : null
2025-09-20 08:49:54,539 [INFO] LogOutputStream:77 - [STDOUT_REDIRECT] 1 : Invalid condition id : UX_CORESTACK_Condition cause : null
2025-09-20 08:49:54,540 [INFO] LogOutputStream:77 - [STDOUT_REDIRECT] 1 : Invalid condition id : UX_CORESTACK_Condition cause : null
2025-09-20 08:49:54,540 [INFO] LogOutputStream:77 - [STDOUT_REDIRECT] 1 : Invalid condition id : UX_CORESTACK_Condition cause : null
2025-09-20 08:49:54,540 [INFO] LogOutputStream:77 - [STDOUT_REDIRECT] 1 : Invalid condition id : UX_CORESTACK_Condition cause : null
2025-09-20 08:49:54,542 [WARN] PackLoader:240 - Cannot read IP mode file for STMicroelectronics.X-CUBE-AZRTOS-WL.2.0.0
2025-09-20 08:49:54,547 [WARN] PackLoader:240 - Cannot read IP mode file for STMicroelectronics.X-CUBE-WB05N.2.0.0
2025-09-20 08:49:54,551 [WARN] PackLoader:240 - Cannot read IP mode file for wolfSSL.I-CUBE-wolfSSL.5.8.2
2025-09-20 08:49:54,554 [WARN] PackLoader:240 - Cannot read IP mode file for wolfSSL.I-CUBE-wolfMQTT.1.19.2
2025-09-20 08:49:54,557 [WARN] PackLoader:240 - Cannot read IP mode file for wolfSSL.I-CUBE-wolfTPM.3.8.0
2025-09-20 08:49:54,559 [WARN] PackLoader:240 - Cannot read IP mode file for wolfSSL.I-CUBE-wolfSSH.1.4.20
2025-09-20 08:49:54,561 [WARN] PackLoader:240 - Cannot read IP mode file for RealThread.X-CUBE-RT-Thread_Nano.4.1.1
2025-09-20 08:49:54,583 [WARN] PackLoader:240 - Cannot read IP mode file for SEGGER.I-CUBE-embOS.1.3.1
2025-09-20 08:49:54,613 [WARN] PackLoader:240 - Cannot read IP mode file for emotas.I-CUBE-CANOPEN.1.3.0
2025-09-20 08:49:54,617 [WARN] PackLoader:240 - Cannot read IP mode file for WES.I-CUBE-Cesium.1.4.0
2025-09-20 08:49:54,619 [WARN] PackLoader:240 - Cannot read IP mode file for ITTIA_DB.I-CUBE-ITTIADB.8.9.0
2025-09-20 08:49:54,644 [WARN] PackLoader:240 - Cannot read IP mode file for Infineon.AIROC-Wi-Fi-Bluetooth-STM32.1.7.1
2025-09-20 08:49:54,648 [WARN] PackLoader:240 - Cannot read IP mode file for Cesanta.I-CUBE-Mongoose.7.19.0
2025-09-20 08:49:54,653 [WARN] PackLoader:240 - Cannot read IP mode file for EmbeddedOffice.I-CUBE-FS-RTOS.1.0.1
2025-09-20 08:49:54,657 [WARN] ConditionMgr:438 - getConditionDescription Invalid condition id : Cortex-A Device cause : null
2025-09-20 08:49:54,667 [WARN] ConditionMgr:1044 - genDependencies : Invalid condition id : Cortex-A Device cause : null
2025-09-20 08:49:54,668 [WARN] ConditionMgr:1044 - genDependencies : Invalid condition id : Cortex-A Device cause : null
2025-09-20 08:49:54,668 [WARN] ConditionMgr:1044 - genDependencies : Invalid condition id : Cortex-A Device cause : null
2025-09-20 08:49:54,671 [WARN] PackLoader:240 - Cannot read IP mode file for Avnet-IotConnect.X-CUBE-IoTC-DA16k-PMOD.1.0.0
2025-09-20 08:49:54,672 [INFO] PopulateThirdPartyThread:66 - Ending populate Thread
2025-09-20 08:49:54,677 [INFO] ThirdParty:1030 - CMSIS Pack Vendor :STMicroelectronics X-CUBE-PM33A1 1.0.0
2025-09-20 08:49:54,677 [INFO] ThirdParty:1030 - CMSIS Pack Vendor :STMicroelectronics X-CUBE-NFC9 1.0.0
2025-09-20 08:49:54,677 [INFO] ThirdParty:1030 - CMSIS Pack Vendor :STMicroelectronics X-CUBE-AZRTOS-F4 1.1.0
2025-09-20 08:49:54,677 [INFO] ThirdParty:1030 - CMSIS Pack Vendor :wolfSSL I-CUBE-wolfSSL 5.8.2
2025-09-20 08:49:54,678 [INFO] ThirdParty:1030 - CMSIS Pack Vendor :STMicroelectronics X-CUBE-BLE1 7.1.0
2025-09-20 08:49:54,678 [INFO] ThirdParty:1030 - CMSIS Pack Vendor :Avnet-IotConnect X-CUBE-IoTC-DA16k-PMOD 1.0.0
2025-09-20 08:49:54,678 [INFO] ThirdParty:1030 - CMSIS Pack Vendor :STMicroelectronics X-CUBE-SMBUS 2.1.0
2025-09-20 08:49:54,678 [INFO] ThirdParty:1030 - CMSIS Pack Vendor :wolfSSL I-CUBE-wolfMQTT 1.19.2
2025-09-20 08:49:54,678 [INFO] ThirdParty:1030 - CMSIS Pack Vendor :STMicroelectronics X-CUBE-ISPU 2.1.0
2025-09-20 08:49:54,678 [INFO] ThirdParty:1030 - CMSIS Pack Vendor :STMicroelectronics X-CUBE-BLEMGR 4.1.0
2025-09-20 08:49:54,678 [INFO] ThirdParty:1030 - CMSIS Pack Vendor :STMicroelectronics X-CUBE-EEPRMA1 5.2.0
2025-09-20 08:49:54,678 [INFO] ThirdParty:1030 - CMSIS Pack Vendor :STMicroelectronics X-CUBE-AZRTOS-WB 2.0.0
2025-09-20 08:49:54,678 [INFO] ThirdParty:1030 - CMSIS Pack Vendor :STMicroelectronics X-CUBE-ST60 1.0.0
2025-09-20 08:49:54,678 [INFO] ThirdParty:1030 - CMSIS Pack Vendor :STMicroelectronics X-CUBE-GNSS1 7.0.1
2025-09-20 08:49:54,678 [INFO] ThirdParty:1030 - CMSIS Pack Vendor :STMicroelectronics X-CUBE-NFC12 1.0.0
2025-09-20 08:49:54,678 [INFO] ThirdParty:1030 - CMSIS Pack Vendor :STMicroelectronics X-CUBE-TOUCHGFX 4.25.0
2025-09-20 08:49:54,678 [INFO] ThirdParty:1030 - CMSIS Pack Vendor :STMicroelectronics X-CUBE-AZRTOS-F7 1.1.0
2025-09-20 08:49:54,678 [INFO] ThirdParty:1030 - CMSIS Pack Vendor :STMicroelectronics X-CUBE-AZRTOS-L5 2.0.0
2025-09-20 08:49:54,678 [INFO] ThirdParty:1030 - CMSIS Pack Vendor :STMicroelectronics X-CUBE-NFC6 3.1.0
2025-09-20 08:49:54,678 [INFO] ThirdParty:1030 - CMSIS Pack Vendor :Cesanta I-CUBE-Mongoose 7.19.0
2025-09-20 08:49:54,678 [INFO] ThirdParty:1030 - CMSIS Pack Vendor :quantropi X-CUBE-qispace-sdk-base 2.1.0
2025-09-20 08:49:54,678 [INFO] ThirdParty:1030 - CMSIS Pack Vendor :STMicroelectronics X-CUBE-AZRTOS-G0 1.1.0
2025-09-20 08:49:54,678 [INFO] ThirdParty:1030 - CMSIS Pack Vendor :STMicroelectronics X-CUBE-NFC4 3.0.0
2025-09-20 08:49:54,678 [INFO] ThirdParty:1030 - CMSIS Pack Vendor :STMicroelectronics X-CUBE-SAFEA1 1.2.2
2025-09-20 08:49:54,678 [INFO] ThirdParty:1030 - CMSIS Pack Vendor :STMicroelectronics X-CUBE-SUBG2 5.0.0
2025-09-20 08:49:54,678 [INFO] ThirdParty:1030 - CMSIS Pack Vendor :STMicroelectronics X-CUBE-AZRTOS-H7RS 1.1.0
2025-09-20 08:49:54,678 [INFO] ThirdParty:1030 - CMSIS Pack Vendor :EmbeddedOffice I-CUBE-FS-RTOS 1.0.1
2025-09-20 08:49:54,678 [INFO] ThirdParty:1030 - CMSIS Pack Vendor :WES I-CUBE-Cesium 1.4.0
2025-09-20 08:49:54,679 [INFO] ThirdParty:1030 - CMSIS Pack Vendor :STMicroelectronics X-CUBE-AZRTOS-G4 2.0.0
2025-09-20 08:49:54,679 [INFO] ThirdParty:1030 - CMSIS Pack Vendor :Infineon AIROC-Wi-Fi-Bluetooth-STM32 1.7.1
2025-09-20 08:49:54,679 [INFO] ThirdParty:1030 - CMSIS Pack Vendor :STMicroelectronics X-CUBE-WB05N 2.0.0
2025-09-20 08:49:54,679 [INFO] ThirdParty:1030 - CMSIS Pack Vendor :wolfSSL I-CUBE-wolfTPM 3.8.0
2025-09-20 08:49:54,679 [INFO] ThirdParty:1030 - CMSIS Pack Vendor :STMicroelectronics X-CUBE-AZRTOS-H7 3.4.0
2025-09-20 08:49:54,679 [INFO] ThirdParty:1030 - CMSIS Pack Vendor :STMicroelectronics X-CUBE-DISPLAY 3.0.0
2025-09-20 08:49:54,679 [INFO] ThirdParty:1030 - CMSIS Pack Vendor :wolfSSL I-CUBE-wolfSSH 1.4.20
2025-09-20 08:49:54,679 [INFO] ThirdParty:1030 - CMSIS Pack Vendor :STMicroelectronics X-CUBE-NFC7 2.0.0
2025-09-20 08:49:54,679 [INFO] ThirdParty:1030 - CMSIS Pack Vendor :STMicroelectronics X-CUBE-TCPP 4.2.0
2025-09-20 08:49:54,679 [INFO] ThirdParty:1030 - CMSIS Pack Vendor :RealThread X-CUBE-RT-Thread_Nano 4.1.1
2025-09-20 08:49:54,679 [INFO] ThirdParty:1030 - CMSIS Pack Vendor :STMicroelectronics X-CUBE-NFC10 1.0.0
2025-09-20 08:49:54,679 [INFO] ThirdParty:1030 - CMSIS Pack Vendor :STMicroelectronics X-CUBE-FREERTOS 1.3.1
2025-09-20 08:49:54,679 [INFO] ThirdParty:1030 - CMSIS Pack Vendor :STMicroelectronics X-CUBE-IPS 3.1.0
2025-09-20 08:49:54,679 [INFO] ThirdParty:1030 - CMSIS Pack Vendor :emotas I-CUBE-CANOPEN 1.3.0
2025-09-20 08:49:54,679 [INFO] ThirdParty:1030 - CMSIS Pack Vendor :ITTIA_DB I-CUBE-ITTIADB 8.9.0
2025-09-20 08:49:54,679 [INFO] ThirdParty:1030 - CMSIS Pack Vendor :STMicroelectronics X-CUBE-STSE01 1.0.0
2025-09-20 08:49:54,679 [INFO] ThirdParty:1030 - CMSIS Pack Vendor :STMicroelectronics X-CUBE-ST67W61 1.0.0
2025-09-20 08:49:54,679 [INFO] ThirdParty:1030 - CMSIS Pack Vendor :STMicroelectronics X-CUBE-AZRTOS-WL 2.0.0
2025-09-20 08:49:54,680 [INFO] ThirdParty:1030 - CMSIS Pack Vendor :SEGGER I-CUBE-embOS 1.3.1
2025-09-20 08:49:54,680 [INFO] ThirdParty:1030 - CMSIS Pack Vendor :STMicroelectronics X-CUBE-DPower 1.3.0
2025-09-20 08:49:54,680 [INFO] ThirdParty:1030 - CMSIS Pack Vendor :STMicroelectronics X-CUBE-ALGOBUILD 1.4.0
2025-09-20 08:49:54,680 [INFO] ThirdParty:1030 - CMSIS Pack Vendor :STMicroelectronics X-CUBE-MEMS1 11.3.0
2025-09-20 08:49:54,680 [INFO] ThirdParty:1030 - CMSIS Pack Vendor :STMicroelectronics X-CUBE-AZRTOS-L4 2.0.0
2025-09-20 08:49:54,680 [INFO] ThirdParty:1030 - CMSIS Pack Vendor :STMicroelectronics X-CUBE-SFXS2LP1 4.0.0
2025-09-20 08:49:54,680 [INFO] ThirdParty:1030 - CMSIS Pack Vendor :STMicroelectronics X-CUBE-BLE2 3.3.0
2025-09-20 08:49:54,680 [INFO] ThirdParty:1030 - CMSIS Pack Vendor :STMicroelectronics X-CUBE-TOF1 3.4.3
2025-09-20 08:49:54,681 [INFO] LoadServerUpdatesThread:375 - End of LoadServerUpdate Thread
2025-09-20 08:53:07,810 [ERROR] LogOutputStream:75 - [STDERR_REDIRECT] 
2025-09-20 08:53:18,606 [INFO] Activator:176 - 


2025-09-20 08:53:18,607 [INFO] Activator:177 - !SESSION log4j initialized
2025-09-20 08:53:21,682 [INFO] LogOutputStream:77 - [STDOUT_REDIRECT] 
2025-09-20 08:53:22,341 [INFO] ApplicationProperties:184 - Using Application install path: /opt/st/stm32cubeide_1.19.0/plugins/com.st.stm32cube.common.mx_6.15.0.202507011659
2025-09-20 08:53:22,361 [INFO] DbMcusXml:78 - Set database path to: /opt/st/stm32cubeide_1.19.0/plugins/com.st.stm32cube.common.mx_6.15.0.202507011659//db//mcu/
2025-09-20 08:53:22,362 [INFO] ApiDb:274 - Set plugin database path to: /opt/st/stm32cubeide_1.19.0/plugins/com.st.stm32cube.common.mx_6.15.0.202507011659//db//plugins/boardmanager/
2025-09-20 08:53:22,362 [WARN] ApiDb:259 - Overriding images path with different value:  => /opt/st/stm32cubeide_1.19.0/plugins/com.st.stm32cube.common.mx_6.15.0.202507011659//db//plugins/mcufinder/images/
2025-09-20 08:53:22,368 [INFO] ApiDb:250 - Set database path to: /home/shivam/.stmcufinder/plugins/mcufinder//mcu/
2025-09-20 08:53:22,370 [INFO] DbMcusAds:125 - Set database path to: /home/shivam/.stmcufinder/plugins/mcufinder//mcu/
2025-09-20 08:53:22,372 [INFO] CrossReferenceDbSqlite:203 - Set database path to: /home/shivam/.stmcufinder/plugins/mcufinder//mcu/cs/
2025-09-20 08:53:22,486 [INFO] RulesReader:64 - Compatibility file has been processed (317 Rules)
2025-09-20 08:53:22,541 [INFO] DbMcusXml:78 - Set database path to: /opt/st/stm32cubeide_1.19.0/plugins/com.st.stm32cube.common.mx_6.15.0.202507011659//db//mcu/
2025-09-20 08:53:22,542 [INFO] ApiDb:274 - Set plugin database path to: /opt/st/stm32cubeide_1.19.0/plugins/com.st.stm32cube.common.mx_6.15.0.202507011659//db//plugins/boardmanager/
2025-09-20 08:53:22,542 [INFO] ApiDb:261 - Set plugin images path to: /opt/st/stm32cubeide_1.19.0/plugins/com.st.stm32cube.common.mx_6.15.0.202507011659//db//plugins/mcufinder/images/
2025-09-20 08:53:22,542 [WARN] DbFile:41 - Overriding database path with different value: /home/shivam/.stmcufinder/plugins/mcufinder/ => /home/shivam/.stmcufinder/plugins/mcufinder
2025-09-20 08:53:22,542 [INFO] ApiDb:250 - Set database path to: /home/shivam/.stmcufinder/plugins/mcufinder//mcu/
2025-09-20 08:53:22,542 [WARN] DbFile:41 - Overriding database path with different value: /home/shivam/.stmcufinder/plugins/mcufinder/ => /home/shivam/.stmcufinder/plugins/mcufinder
2025-09-20 08:53:22,542 [INFO] DbMcusAds:125 - Set database path to: /home/shivam/.stmcufinder/plugins/mcufinder//mcu/
2025-09-20 08:53:22,542 [WARN] DbFile:41 - Overriding database path with different value: /home/shivam/.stmcufinder/plugins/mcufinder/ => /home/shivam/.stmcufinder/plugins/mcufinder
2025-09-20 08:53:22,542 [WARN] DbFile:41 - Overriding database path with different value: /home/shivam/.stmcufinder/plugins/mcufinder/ => /home/shivam/.stmcufinder/plugins/mcufinder
2025-09-20 08:53:22,542 [INFO] CrossReferenceDbSqlite:203 - Set database path to: /home/shivam/.stmcufinder/plugins/mcufinder//mcu/cs/
2025-09-20 08:53:22,602 [INFO] MainPanel:274 - HeapMemory: 268435456
2025-09-20 08:53:22,769 [INFO] DbMcusXml:78 - Set database path to: /opt/st/stm32cubeide_1.19.0/plugins/com.st.stm32cube.common.mx_6.15.0.202507011659//db//mcu/
2025-09-20 08:53:22,769 [INFO] ApiDb:274 - Set plugin database path to: /opt/st/stm32cubeide_1.19.0/plugins/com.st.stm32cube.common.mx_6.15.0.202507011659//db//plugins/boardmanager/
2025-09-20 08:53:22,770 [INFO] ApiDb:261 - Set plugin images path to: /opt/st/stm32cubeide_1.19.0/plugins/com.st.stm32cube.common.mx_6.15.0.202507011659//db//plugins/mcufinder/images/
2025-09-20 08:53:22,770 [WARN] DbFile:41 - Overriding database path with different value: /home/shivam/.stmcufinder/plugins/mcufinder/ => /home/shivam/.stmcufinder/plugins/mcufinder
2025-09-20 08:53:22,770 [INFO] ApiDb:250 - Set database path to: /home/shivam/.stmcufinder/plugins/mcufinder//mcu/
2025-09-20 08:53:22,770 [WARN] DbFile:41 - Overriding database path with different value: /home/shivam/.stmcufinder/plugins/mcufinder/ => /home/shivam/.stmcufinder/plugins/mcufinder
2025-09-20 08:53:22,770 [INFO] DbMcusAds:125 - Set database path to: /home/shivam/.stmcufinder/plugins/mcufinder//mcu/
2025-09-20 08:53:22,771 [WARN] DbFile:41 - Overriding database path with different value: /home/shivam/.stmcufinder/plugins/mcufinder/ => /home/shivam/.stmcufinder/plugins/mcufinder
2025-09-20 08:53:22,771 [WARN] DbFile:41 - Overriding database path with different value: /home/shivam/.stmcufinder/plugins/mcufinder/ => /home/shivam/.stmcufinder/plugins/mcufinder
2025-09-20 08:53:22,771 [INFO] CrossReferenceDbSqlite:203 - Set database path to: /home/shivam/.stmcufinder/plugins/mcufinder//mcu/cs/
2025-09-20 08:53:22,797 [INFO] ApplicationProperties:184 - Using Application install path: /opt/st/stm32cubeide_1.19.0/plugins/com.st.stm32cube.common.mx_6.15.0.202507011659
2025-09-20 08:53:22,799 [INFO] PluginManage:196 - Search for loadable plugins [exclusion list=, ]
2025-09-20 08:53:22,801 [INFO] PluginManage:310 - Check plugin analytics
2025-09-20 08:53:22,974 [INFO] AnalyticsPlugin:253 - Accepted Software Licenses: 
2025-09-20 08:53:22,975 [INFO] AnalyticsPlugin:255 - Accepted CMSIS Pack Licenses: 
2025-09-20 08:53:22,975 [INFO] AnalyticsPlugin:257 - Accepted Firmware Licenses: FW.F4.1.28.0
2025-09-20 08:53:22,978 [INFO] PluginManage:359 - Loaded plugin analytics (category:tool,tabindex:-1)
2025-09-20 08:53:22,978 [INFO] PluginManage:310 - Check plugin cadmodel
2025-09-20 08:53:22,983 [INFO] CADModel:105 - Init CAD model plugin
2025-09-20 08:53:22,983 [INFO] PluginManage:359 - Loaded plugin cadmodel (category:power,tabindex:5)
2025-09-20 08:53:22,984 [INFO] PluginManage:310 - Check plugin clock
2025-09-20 08:53:22,993 [INFO] PluginManage:359 - Loaded plugin clock (category:base,tabindex:2)
2025-09-20 08:53:22,993 [INFO] PluginManage:310 - Check plugin ddr
2025-09-20 08:53:22,995 [INFO] PluginManage:359 - Loaded plugin ddr (category:tool,tabindex:6)
2025-09-20 08:53:22,996 [INFO] PluginManage:310 - Check plugin filemanager
2025-09-20 08:53:23,161 [INFO] PluginManage:359 - Loaded plugin filemanager (category:base,tabindex:10)
2025-09-20 08:53:23,162 [INFO] PluginManage:310 - Check plugin ipmanager
2025-09-20 08:53:23,167 [INFO] PluginManage:359 - Loaded plugin ipmanager (category:base,tabindex:5)
2025-09-20 08:53:23,167 [INFO] PluginManage:310 - Check plugin lpbam
2025-09-20 08:53:23,180 [INFO] PluginManage:359 - Loaded plugin lpbam (category:base,tabindex:0)
2025-09-20 08:53:23,180 [INFO] PluginManage:310 - Check plugin memorymap
2025-09-20 08:53:23,195 [INFO] PluginManage:359 - Loaded plugin memorymap (category:base,tabindex:4)
2025-09-20 08:53:23,195 [INFO] PluginManage:310 - Check plugin pinoutandconfiguration
2025-09-20 08:53:23,203 [INFO] PluginManage:359 - Loaded plugin pinoutandconfiguration (category:base,tabindex:1)
2025-09-20 08:53:23,203 [INFO] PluginManage:310 - Check plugin pinoutconfig
2025-09-20 08:53:23,277 [WARN] SupportedApi:132 - Cannot load RTOS API schema: s4s-elt-must-match.1: The content of 'definitions' must match (annotation?, (simpleType | complexType)?, (unique | key | keyref)*)). A problem was found starting at: attribute.
2025-09-20 08:53:23,391 [INFO] PluginManage:359 - Loaded plugin pinoutconfig (category:base,tabindex:0)
2025-09-20 08:53:23,391 [INFO] PluginManage:310 - Check plugin power
2025-09-20 08:53:23,399 [INFO] PluginManage:359 - Loaded plugin power (category:power,tabindex:4)
2025-09-20 08:53:23,399 [INFO] PluginManage:310 - Check plugin projectmanager
2025-09-20 08:53:23,422 [INFO] PluginManage:359 - Loaded plugin projectmanager (category:projectmanager,tabindex:4)
2025-09-20 08:53:23,422 [INFO] PluginManage:310 - Check plugin rif
2025-09-20 08:53:23,429 [INFO] PluginManage:359 - Loaded plugin rif (category:base,tabindex:3)
2025-09-20 08:53:23,429 [INFO] PluginManage:310 - Check plugin thirdparty
2025-09-20 08:53:23,506 [INFO] PluginManage:359 - Loaded plugin thirdparty (category:base,tabindex:-1)
2025-09-20 08:53:23,507 [INFO] PluginManage:310 - Check plugin tools
2025-09-20 08:53:23,506 [WARN] IntegrityCheckThread:84 - waiting for thirdparty lock release [integrity check]
2025-09-20 08:53:23,507 [INFO] IntegrityCheckThread:86 - entering critical section [integrity check]
2025-09-20 08:53:23,507 [INFO] ThirdPartyUpdaterWithRetryManager:70 - Updater plugin not ready yet. [1/15]
2025-09-20 08:53:23,508 [INFO] PluginManage:359 - Loaded plugin tools (category:base,tabindex:7)
2025-09-20 08:53:23,508 [INFO] PluginManage:310 - Check plugin tutovideos
2025-09-20 08:53:23,633 [INFO] PluginManage:359 - Loaded plugin tutovideos (category:base,tabindex:-1)
2025-09-20 08:53:23,633 [INFO] PluginManage:310 - Check plugin updater
2025-09-20 08:53:23,653 [INFO] PluginManage:359 - Loaded plugin updater (category:base,tabindex:12)
2025-09-20 08:53:23,653 [INFO] PluginManage:310 - Check plugin userauth
2025-09-20 08:53:23,657 [INFO] UserAuth:118 - Init User Auth plugin
2025-09-20 08:53:23,657 [INFO] PluginManage:359 - Loaded plugin userauth (category:base,tabindex:14)
2025-09-20 08:53:23,658 [INFO] PluginManage:283 - PluginManage : Loaded plugins [18]
2025-09-20 08:53:23,806 [INFO] PinOutPanel:1589 - setPackage(No Configuration,No Configuration)
2025-09-20 08:53:23,861 [INFO] CADModel:165 - CPN selected for project level
2025-09-20 08:53:23,861 [INFO] CADModel:114 - Register for checkConnection events
2025-09-20 08:53:23,872 [INFO] IPUIPlugin:80 - create IPUIPlugin
2025-09-20 08:53:23,872 [INFO] PluginManager:220 - loadIPPluginJar : add resmgrutility
2025-09-20 08:53:23,878 [INFO] IPUIPlugin:80 - create IPUIPlugin
2025-09-20 08:53:23,878 [INFO] PluginManager:220 - loadIPPluginJar : add linkedlist
2025-09-20 08:53:23,879 [INFO] IPUIPlugin:80 - create IPUIPlugin
2025-09-20 08:53:23,880 [INFO] PluginManager:220 - loadIPPluginJar : add dma3
2025-09-20 08:53:23,883 [INFO] IPUIPlugin:80 - create IPUIPlugin
2025-09-20 08:53:23,883 [INFO] PluginManager:220 - loadIPPluginJar : add gpio
2025-09-20 08:53:23,884 [INFO] IPUIPlugin:80 - create IPUIPlugin
2025-09-20 08:53:23,884 [INFO] PluginManager:220 - loadIPPluginJar : add radio
2025-09-20 08:53:23,889 [INFO] IPUIPlugin:80 - create IPUIPlugin
2025-09-20 08:53:23,889 [INFO] PluginManager:220 - loadIPPluginJar : add lorawan
2025-09-20 08:53:23,891 [INFO] IPUIPlugin:80 - create IPUIPlugin
2025-09-20 08:53:23,892 [INFO] PluginManager:220 - loadIPPluginJar : add ddr_ctrl_phy
2025-09-20 08:53:23,894 [INFO] IPUIPlugin:80 - create IPUIPlugin
2025-09-20 08:53:23,894 [INFO] PluginManager:220 - loadIPPluginJar : add hash
2025-09-20 08:53:23,896 [INFO] IPUIPlugin:80 - create IPUIPlugin
2025-09-20 08:53:23,897 [INFO] PluginManager:220 - loadIPPluginJar : add openamp
2025-09-20 08:53:23,902 [INFO] IPUIPlugin:80 - create IPUIPlugin
2025-09-20 08:53:23,902 [INFO] PluginManager:220 - loadIPPluginJar : add dma
2025-09-20 08:53:23,904 [INFO] IPUIPlugin:80 - create IPUIPlugin
2025-09-20 08:53:23,904 [INFO] PluginManager:220 - loadIPPluginJar : add pdm2pcm
2025-09-20 08:53:23,905 [INFO] IPUIPlugin:80 - create IPUIPlugin
2025-09-20 08:53:23,905 [INFO] PluginManager:220 - loadIPPluginJar : add tracer_emb
2025-09-20 08:53:23,906 [INFO] IPUIPlugin:80 - create IPUIPlugin
2025-09-20 08:53:23,906 [INFO] PluginManager:220 - loadIPPluginJar : add genericplugin
2025-09-20 08:53:23,908 [INFO] IPUIPlugin:80 - create IPUIPlugin
2025-09-20 08:53:23,908 [INFO] PluginManager:220 - loadIPPluginJar : add i3c
2025-09-20 08:53:23,911 [INFO] IPUIPlugin:80 - create IPUIPlugin
2025-09-20 08:53:23,911 [INFO] PluginManager:220 - loadIPPluginJar : add ipddr
2025-09-20 08:53:23,915 [INFO] IPUIPlugin:80 - create IPUIPlugin
2025-09-20 08:53:23,915 [INFO] PluginManager:220 - loadIPPluginJar : add gic
2025-09-20 08:53:23,920 [INFO] IPUIPlugin:80 - create IPUIPlugin
2025-09-20 08:53:23,920 [INFO] PluginManager:220 - loadIPPluginJar : add freertos
2025-09-20 08:53:23,921 [INFO] IPUIPlugin:80 - create IPUIPlugin
2025-09-20 08:53:23,921 [INFO] PluginManager:220 - loadIPPluginJar : add comp
2025-09-20 08:53:23,924 [INFO] IPUIPlugin:80 - create IPUIPlugin
2025-09-20 08:53:23,924 [INFO] PluginManager:220 - loadIPPluginJar : add fmc
2025-09-20 08:53:23,926 [INFO] IPUIPlugin:80 - create IPUIPlugin
2025-09-20 08:53:23,926 [INFO] PluginManager:220 - loadIPPluginJar : add cryp
2025-09-20 08:53:23,928 [INFO] IPUIPlugin:80 - create IPUIPlugin
2025-09-20 08:53:23,928 [INFO] PluginManager:220 - loadIPPluginJar : add i2c
2025-09-20 08:53:23,929 [INFO] IPUIPlugin:80 - create IPUIPlugin
2025-09-20 08:53:23,929 [INFO] PluginManager:220 - loadIPPluginJar : add quadspi
2025-09-20 08:53:23,933 [INFO] IPUIPlugin:80 - create IPUIPlugin
2025-09-20 08:53:23,935 [INFO] PluginManager:220 - loadIPPluginJar : add plateformsettings
2025-09-20 08:53:23,937 [INFO] IPUIPlugin:80 - create IPUIPlugin
2025-09-20 08:53:23,938 [INFO] PluginManager:220 - loadIPPluginJar : add gtzc
2025-09-20 08:53:23,939 [INFO] IPUIPlugin:80 - create IPUIPlugin
2025-09-20 08:53:23,939 [INFO] PluginManager:220 - loadIPPluginJar : add dfsdm
2025-09-20 08:53:23,940 [INFO] IPUIPlugin:80 - create IPUIPlugin
2025-09-20 08:53:23,940 [INFO] PluginManager:220 - loadIPPluginJar : add ts
2025-09-20 08:53:23,944 [INFO] IPUIPlugin:80 - create IPUIPlugin
2025-09-20 08:53:23,944 [INFO] PluginManager:220 - loadIPPluginJar : add stm32_wpan
2025-09-20 08:53:23,945 [INFO] IPUIPlugin:80 - create IPUIPlugin
2025-09-20 08:53:23,946 [INFO] PluginManager:220 - loadIPPluginJar : add gfxmmu
2025-09-20 08:53:23,947 [INFO] IPUIPlugin:80 - create IPUIPlugin
2025-09-20 08:53:23,947 [INFO] PluginManager:220 - loadIPPluginJar : add aes
2025-09-20 08:53:23,951 [INFO] IPUIPlugin:80 - create IPUIPlugin
2025-09-20 08:53:23,951 [INFO] PluginManager:220 - loadIPPluginJar : add mdma
2025-09-20 08:53:23,953 [INFO] IPUIPlugin:80 - create IPUIPlugin
2025-09-20 08:53:23,953 [INFO] PluginManager:220 - loadIPPluginJar : add opamp
2025-09-20 08:53:23,953 [INFO] IPUIPlugin:80 - create IPUIPlugin
2025-09-20 08:53:23,954 [INFO] PluginManager:220 - loadIPPluginJar : add fatfs
2025-09-20 08:53:23,955 [INFO] IPUIPlugin:80 - create IPUIPlugin
2025-09-20 08:53:23,955 [INFO] PluginManager:220 - loadIPPluginJar : add ucpd
2025-09-20 08:53:23,956 [INFO] IPUIPlugin:80 - create IPUIPlugin
2025-09-20 08:53:23,956 [INFO] PluginManager:220 - loadIPPluginJar : add tim
2025-09-20 08:53:23,957 [INFO] IPUIPlugin:80 - create IPUIPlugin
2025-09-20 08:53:23,957 [INFO] PluginManager:220 - loadIPPluginJar : add extmemmanager
2025-09-20 08:53:23,958 [INFO] IPUIPlugin:80 - create IPUIPlugin
2025-09-20 08:53:23,958 [INFO] PluginManager:220 - loadIPPluginJar : add tsc
2025-09-20 08:53:23,960 [INFO] IPUIPlugin:80 - create IPUIPlugin
2025-09-20 08:53:23,961 [INFO] PluginManager:220 - loadIPPluginJar : add touchsensing
2025-09-20 08:53:23,965 [INFO] IPUIPlugin:80 - create IPUIPlugin
2025-09-20 08:53:23,965 [INFO] PluginManager:220 - loadIPPluginJar : add adc
2025-09-20 08:53:23,967 [INFO] IPUIPlugin:80 - create IPUIPlugin
2025-09-20 08:53:23,968 [INFO] PluginManager:220 - loadIPPluginJar : add can
2025-09-20 08:53:23,970 [INFO] IPUIPlugin:80 - create IPUIPlugin
2025-09-20 08:53:23,970 [INFO] PluginManager:220 - loadIPPluginJar : add sai
2025-09-20 08:53:23,971 [INFO] IPUIPlugin:80 - create IPUIPlugin
2025-09-20 08:53:23,971 [INFO] PluginManager:220 - loadIPPluginJar : add ltdc
2025-09-20 08:53:23,973 [INFO] IPUIPlugin:80 - create IPUIPlugin
2025-09-20 08:53:23,973 [INFO] PluginManager:220 - loadIPPluginJar : add usart
2025-09-20 08:53:23,976 [INFO] IPUIPlugin:80 - create IPUIPlugin
2025-09-20 08:53:23,976 [INFO] PluginManager:220 - loadIPPluginJar : add nvic
2025-09-20 08:53:23,979 [INFO] IPUIPlugin:80 - create IPUIPlugin
2025-09-20 08:53:23,979 [INFO] PluginManager:220 - loadIPPluginJar : add usbx
2025-09-20 08:53:23,980 [INFO] IPUIPlugin:80 - create IPUIPlugin
2025-09-20 08:53:23,980 [INFO] PluginManager:220 - loadIPPluginJar : add spi
2025-09-20 08:53:23,982 [INFO] IPUIPlugin:80 - create IPUIPlugin
2025-09-20 08:53:23,982 [INFO] PluginManager:220 - loadIPPluginJar : add i2s
2025-09-20 08:53:24,076 [FATAL] Updater:351 - Updater called before beeing initialized
2025-09-20 08:53:24,093 [INFO] RulesReader:64 - Compatibility file has been processed (317 Rules)
2025-09-20 08:53:24,100 [INFO] RulesReader:64 - Compatibility file has been processed (317 Rules)
2025-09-20 08:53:24,105 [INFO] CADModel:165 - CPN selected for project level
2025-09-20 08:53:24,105 [INFO] CADModel:114 - Register for checkConnection events
2025-09-20 08:53:24,105 [FATAL] Updater:351 - Updater called before beeing initialized
2025-09-20 08:53:24,105 [ERROR] CADModel:125 - Updater not yet initialized, retry later 
2025-09-20 08:53:24,199 [FATAL] Updater:351 - Updater called before beeing initialized
2025-09-20 08:53:24,201 [INFO] CADModel:165 - CPN selected for project level
2025-09-20 08:53:24,201 [INFO] CADModel:114 - Register for checkConnection events
2025-09-20 08:53:24,201 [FATAL] Updater:351 - Updater called before beeing initialized
2025-09-20 08:53:24,201 [ERROR] CADModel:125 - Updater not yet initialized, retry later 
2025-09-20 08:53:24,204 [FATAL] Updater:351 - Updater called before beeing initialized
2025-09-20 08:53:24,274 [FATAL] Updater:351 - Updater called before beeing initialized
2025-09-20 08:53:24,277 [INFO] DbMcusAds:53 - JSON generation date=Tue Jul 08 13:44:23 IST 2025 (1751962463524)
2025-09-20 08:53:24,277 [FATAL] Updater:351 - Updater called before beeing initialized
2025-09-20 08:53:24,299 [WARN] DetailPanel:346 - Failed to get advertising image, set to default
2025-09-20 08:53:24,352 [FATAL] Updater:351 - Updater called before beeing initialized
2025-09-20 08:53:24,353 [FATAL] Updater:351 - Updater called before beeing initialized
2025-09-20 08:53:24,353 [FATAL] Updater:351 - Updater called before beeing initialized
2025-09-20 08:53:24,353 [WARN] DetailPanel:346 - Failed to get advertising image, set to default
2025-09-20 08:53:24,354 [FATAL] Updater:351 - Updater called before beeing initialized
2025-09-20 08:53:24,377 [ERROR] Updater:1198 - MainUpdater not yet initialized. External WinMGr cannot be set.
2025-09-20 08:53:24,379 [INFO] Updater:1134 - Updater Version found : 6.15.0
2025-09-20 08:53:24,394 [INFO] ApplicationProperties:184 - Using Application install path: /opt/st/stm32cubeide_1.19.0/plugins/com.st.stm32cube.common.mx_6.15.0.202507011659
2025-09-20 08:53:24,576 [INFO] MainUpdater:2872 - connection check result : 10
2025-09-20 08:53:24,576 [INFO] MainUpdater:289 - Updater Check For Update Now.
2025-09-20 08:53:24,576 [INFO] MicroXplorer:498 - Change Database Version : DB.6.0.150
2025-09-20 08:53:24,580 [INFO] McuFinderGlobals:63 - Set McuFinder mode to 2 (CubeIDE integrated)
2025-09-20 08:53:24,580 [INFO] UserAuth:487 - Internet connection configuration mode: 1
2025-09-20 08:53:24,596 [INFO] JxBrowserEngine:152 - Initiate JxBrowser Engine with user profile folder
2025-09-20 08:53:24,736 [INFO] CheckServerUpdateThread:120 - End of CheckServer Thread
2025-09-20 08:53:25,270 [INFO] WebApp:169 - Instantiating new browser for Auth
2025-09-20 08:53:25,897 [INFO] WebApp:463 - Apply proxy settings
2025-09-20 08:53:25,897 [INFO] WebApp:548 - Chromium requires no authentication
2025-09-20 08:53:25,905 [INFO] WebApp:491 - Direct internet connection detected
2025-09-20 08:53:25,923 [INFO] WebApp:900 - Register for checkConnection events
2025-09-20 08:53:25,923 [INFO] WebApp:463 - Apply proxy settings
2025-09-20 08:53:25,923 [INFO] WebApp:548 - Chromium requires no authentication
2025-09-20 08:53:25,924 [INFO] WebApp:491 - Direct internet connection detected
2025-09-20 08:53:26,062 [INFO] WebApp:225 - Starting web application
2025-09-20 08:53:26,062 [INFO] WebApp:593 - Web application path used /opt/st/stm32cubeide_1.19.0/plugins/com.st.stm32cube.common.mx_6.15.0.202507011659/db/plugins/mcufinder/reactClient1/index.html
2025-09-20 08:53:26,307 [INFO] WebApp:191 - Connection restablished
2025-09-20 08:53:26,602 [WARN] PackLoader:240 - Cannot read IP mode file for STMicroelectronics.FP-SNS-MOTENVWB1.1.4.0
2025-09-20 08:53:26,608 [WARN] PackLoader:240 - Cannot read IP mode file for STMicroelectronics.FP-ATR-ASTRA1.2.0.2
2025-09-20 08:53:26,615 [WARN] PackLoader:240 - Cannot read IP mode file for STMicroelectronics.X-CUBE-SMBUS.2.1.0
2025-09-20 08:53:26,620 [WARN] PackLoader:240 - Cannot read IP mode file for STMicroelectronics.X-CUBE-ST60.1.0.0
2025-09-20 08:53:26,645 [WARN] PackLoader:240 - Cannot read IP mode file for STMicroelectronics.X-CUBE-AZRTOS-F7.1.1.0
2025-09-20 08:53:26,651 [WARN] PackLoader:240 - Cannot read IP mode file for Cesanta.I-CUBE-Mongoose.7.19.0
2025-09-20 08:53:26,660 [WARN] PackLoader:240 - Cannot read IP mode file for WES.I-CUBE-Cesium.1.4.0
2025-09-20 08:53:26,688 [WARN] PackLoader:240 - Cannot read IP mode file for Infineon.AIROC-Wi-Fi-Bluetooth-STM32.1.7.1
2025-09-20 08:53:26,711 [WARN] PackLoader:240 - Cannot read IP mode file for STMicroelectronics.X-CUBE-AZRTOS-H7.3.4.0
2025-09-20 08:53:26,721 [WARN] PackLoader:240 - Cannot read IP mode file for STMicroelectronics.X-CUBE-DISPLAY.3.0.0
2025-09-20 08:53:26,733 [WARN] PackLoader:240 - Cannot read IP mode file for STMicroelectronics.X-CUBE-NFC10.1.0.0
2025-09-20 08:53:26,740 [WARN] PackLoader:240 - Cannot read IP mode file for emotas.I-CUBE-CANOPEN.1.3.0
2025-09-20 08:53:26,744 [WARN] PackLoader:240 - Cannot read IP mode file for STMicroelectronics.FP-SNS-SMARTAG2.1.2.0
2025-09-20 08:53:26,746 [WARN] PackLoader:240 - Cannot read IP mode file for STMicroelectronics.FP-SNS-FLIGHT1.5.1.0
2025-09-20 08:53:26,752 [INFO] LogOutputStream:77 - [STDOUT_REDIRECT] 1 : Invalid condition id : UX_CORESTACK_Condition cause : null
2025-09-20 08:53:26,753 [INFO] LogOutputStream:77 - [STDOUT_REDIRECT] 1 : Invalid condition id : UX_CORESTACK_Condition cause : null
2025-09-20 08:53:26,753 [INFO] LogOutputStream:77 - [STDOUT_REDIRECT] 1 : Invalid condition id : UX_CORESTACK_Condition cause : null
2025-09-20 08:53:26,753 [INFO] LogOutputStream:77 - [STDOUT_REDIRECT] 1 : Invalid condition id : UX_CORESTACK_Condition cause : null
2025-09-20 08:53:26,753 [INFO] LogOutputStream:77 - [STDOUT_REDIRECT] 1 : Invalid condition id : UX_CORESTACK_Condition cause : null
2025-09-20 08:53:26,755 [WARN] PackLoader:240 - Cannot read IP mode file for STMicroelectronics.X-CUBE-AZRTOS-WL.2.0.0
2025-09-20 08:53:26,771 [WARN] PackLoader:240 - Cannot read IP mode file for STMicroelectronics.FP-SNS-MOTENV1.5.0.0
2025-09-20 08:53:26,781 [WARN] PackLoader:240 - Cannot read IP mode file for STMicroelectronics.X-CUBE-BLE2.3.3.0
2025-09-20 08:53:26,790 [WARN] PackLoader:240 - Cannot read IP mode file for STMicroelectronics.X-CUBE-NFC9.1.0.0
2025-09-20 08:53:26,798 [WARN] PackLoader:240 - Cannot read IP mode file for wolfSSL.I-CUBE-wolfSSL.5.8.2
2025-09-20 08:53:26,805 [WARN] PackLoader:240 - Cannot read IP mode file for STMicroelectronics.X-CUBE-BLE1.7.1.0
2025-09-20 08:53:26,809 [WARN] PackLoader:240 - Cannot read IP mode file for wolfSSL.I-CUBE-wolfMQTT.1.19.2
2025-09-20 08:53:26,835 [WARN] PackLoader:240 - Cannot read IP mode file for STMicroelectronics.X-CUBE-EEPRMA1.5.2.0
2025-09-20 08:53:26,856 [WARN] PackLoader:240 - Cannot read IP mode file for STMicroelectronics.X-CUBE-AZRTOS-G0.1.1.0
2025-09-20 08:53:26,865 [WARN] PackLoader:240 - Cannot read IP mode file for STMicroelectronics.X-CUBE-SAFEA1.1.2.2
2025-09-20 08:53:26,872 [WARN] PackLoader:240 - Cannot read IP mode file for STMicroelectronics.X-CUBE-NFC4.3.0.0
2025-09-20 08:53:26,884 [WARN] PackLoader:240 - Cannot read IP mode file for EmbeddedOffice.I-CUBE-FS-RTOS.1.0.1
2025-09-20 08:53:26,890 [WARN] PackLoader:240 - Cannot read IP mode file for STMicroelectronics.X-CUBE-WB05N.2.0.0
2025-09-20 08:53:26,894 [WARN] PackLoader:240 - Cannot read IP mode file for wolfSSL.I-CUBE-wolfTPM.3.8.0
2025-09-20 08:53:26,898 [WARN] PackLoader:240 - Cannot read IP mode file for STMicroelectronics.X-CUBE-TCPP.4.2.0
2025-09-20 08:53:26,902 [WARN] PackLoader:240 - Cannot read IP mode file for RealThread.X-CUBE-RT-Thread_Nano.4.1.1
2025-09-20 08:53:26,908 [WARN] PackLoader:240 - Cannot read IP mode file for STMicroelectronics.FP-ATR-SIGFOX1.3.2.0
2025-09-20 08:53:26,914 [WARN] PackLoader:240 - Cannot read IP mode file for ITTIA_DB.I-CUBE-ITTIADB.8.9.0
2025-09-20 08:53:26,919 [WARN] PackLoader:240 - Cannot read IP mode file for STMicroelectronics.X-CUBE-ST67W61.1.0.0
2025-09-20 08:53:26,943 [WARN] PackLoader:240 - Cannot read IP mode file for SEGGER.I-CUBE-embOS.1.3.1
2025-09-20 08:53:26,981 [WARN] PackLoader:240 - Cannot read IP mode file for STMicroelectronics.X-CUBE-ALGOBUILD.1.4.0
2025-09-20 08:53:27,029 [WARN] PackLoader:240 - Cannot read IP mode file for STMicroelectronics.X-CUBE-MEMS1.11.3.0
2025-09-20 08:53:27,068 [INFO] UserAuth:487 - Internet connection configuration mode: 1
2025-09-20 08:53:27,116 [WARN] PackLoader:240 - Cannot read IP mode file for STMicroelectronics.X-CUBE-PM33A1.1.0.0
2025-09-20 08:53:27,136 [WARN] PackLoader:240 - Cannot read IP mode file for STMicroelectronics.X-CUBE-AZRTOS-F4.1.1.0
2025-09-20 08:53:27,144 [WARN] PackLoader:240 - Cannot read IP mode file for Avnet-IotConnect.X-CUBE-IoTC-DA16k-PMOD.1.0.0
2025-09-20 08:53:27,149 [WARN] PackLoader:240 - Cannot read IP mode file for STMicroelectronics.X-CUBE-ISPU.2.1.0
2025-09-20 08:53:27,157 [WARN] PackLoader:240 - Cannot read IP mode file for STMicroelectronics.X-CUBE-NFC12.1.0.0
2025-09-20 08:53:27,178 [WARN] PackLoader:240 - Cannot read IP mode file for STMicroelectronics.X-CUBE-AZRTOS-L5.2.0.0
2025-09-20 08:53:27,192 [WARN] PackLoader:240 - Cannot read IP mode file for STMicroelectronics.X-CUBE-NFC6.3.1.0
2025-09-20 08:53:27,201 [WARN] PackLoader:240 - Cannot read IP mode file for STMicroelectronics.X-CUBE-FREERTOS.1.3.1
2025-09-20 08:53:27,208 [WARN] PackLoader:240 - Cannot read IP mode file for STMicroelectronics.X-CUBE-DPower.1.3.0
2025-09-20 08:53:27,237 [WARN] ConditionMgr:438 - getConditionDescription Invalid condition id : LAN8742 Phy interface Condition cause : null
2025-09-20 08:53:27,237 [WARN] PackLoader:240 - Cannot read IP mode file for STMicroelectronics.X-CUBE-AZRTOS-L4.2.0.0
2025-09-20 08:53:27,239 [WARN] ConditionMgr:1044 - genDependencies : Invalid condition id : LAN8742 Phy interface Condition cause : null
2025-09-20 08:53:27,239 [WARN] ConditionMgr:1044 - genDependencies : Invalid condition id : LAN8742 Phy interface Condition cause : null
2025-09-20 08:53:27,240 [WARN] ConditionMgr:1044 - genDependencies : Invalid condition id : LAN8742 Phy interface Condition cause : null
2025-09-20 08:53:27,246 [WARN] PackLoader:240 - Cannot read IP mode file for STMicroelectronics.X-CUBE-SFXS2LP1.4.0.0
2025-09-20 08:53:27,257 [WARN] PackLoader:240 - Cannot read IP mode file for STMicroelectronics.X-CUBE-BLEMGR.4.1.0
2025-09-20 08:53:27,270 [WARN] ConditionMgr:438 - getConditionDescription Invalid condition id : UX DEVICE CLASS RTOS Condition cause : null
2025-09-20 08:53:27,270 [WARN] ConditionMgr:438 - getConditionDescription Invalid condition id : UX DEVICE CLASS RTOS Condition cause : null
2025-09-20 08:53:27,272 [WARN] PackLoader:240 - Cannot read IP mode file for STMicroelectronics.X-CUBE-AZRTOS-WB.2.0.0
2025-09-20 08:53:27,272 [WARN] ConditionMgr:1044 - genDependencies : Invalid condition id : UX DEVICE CLASS RTOS Condition cause : null
2025-09-20 08:53:27,272 [WARN] ConditionMgr:1044 - genDependencies : Invalid condition id : UX DEVICE CLASS RTOS Condition cause : null
2025-09-20 08:53:27,272 [WARN] ConditionMgr:1044 - genDependencies : Invalid condition id : UX DEVICE CLASS RTOS Condition cause : null
2025-09-20 08:53:27,273 [WARN] ConditionMgr:1044 - genDependencies : Invalid condition id : UX DEVICE CLASS RTOS Condition cause : null
2025-09-20 08:53:27,273 [WARN] ConditionMgr:1044 - genDependencies : Invalid condition id : UX DEVICE CLASS RTOS Condition cause : null
2025-09-20 08:53:27,280 [WARN] PackLoader:240 - Cannot read IP mode file for STMicroelectronics.X-CUBE-GNSS1.7.0.1
2025-09-20 08:53:27,286 [WARN] PackLoader:240 - Cannot read IP mode file for STMicroelectronics.X-CUBE-TOUCHGFX.4.25.0
2025-09-20 08:53:27,289 [WARN] ConditionMgr:438 - getConditionDescription Invalid condition id : Cortex-A Device cause : null
2025-09-20 08:53:27,299 [WARN] ConditionMgr:1044 - genDependencies : Invalid condition id : Cortex-A Device cause : null
2025-09-20 08:53:27,299 [WARN] ConditionMgr:1044 - genDependencies : Invalid condition id : Cortex-A Device cause : null
2025-09-20 08:53:27,299 [WARN] ConditionMgr:1044 - genDependencies : Invalid condition id : Cortex-A Device cause : null
2025-09-20 08:53:27,306 [WARN] PackLoader:240 - Cannot read IP mode file for STMicroelectronics.X-CUBE-SUBG2.5.0.0
2025-09-20 08:53:27,322 [WARN] PackLoader:240 - Cannot read IP mode file for STMicroelectronics.X-CUBE-AZRTOS-H7RS.1.1.0
2025-09-20 08:53:27,341 [WARN] PackLoader:240 - Cannot read IP mode file for STMicroelectronics.X-CUBE-AZRTOS-G4.2.0.0
2025-09-20 08:53:27,349 [WARN] PackLoader:240 - Cannot read IP mode file for wolfSSL.I-CUBE-wolfSSH.1.4.20
2025-09-20 08:53:27,355 [WARN] PackLoader:240 - Cannot read IP mode file for STMicroelectronics.X-CUBE-NFC7.2.0.0
2025-09-20 08:53:27,365 [WARN] PackLoader:240 - Cannot read IP mode file for STMicroelectronics.X-CUBE-IPS.3.1.0
2025-09-20 08:53:27,373 [WARN] PackLoader:240 - Cannot read IP mode file for STMicroelectronics.X-CUBE-ALS.1.0.2
2025-09-20 08:53:27,378 [WARN] PackLoader:240 - Cannot read IP mode file for STMicroelectronics.X-CUBE-STSE01.1.0.0
2025-09-20 08:53:27,389 [WARN] PackLoader:240 - Cannot read IP mode file for STMicroelectronics.X-CUBE-TOF1.3.4.3
2025-09-20 08:53:27,398 [INFO] ThirdParty:978 - Integrity check success = true
2025-09-20 08:53:27,398 [INFO] IntegrityCheckThread:100 - exiting critical section [integrity check]
2025-09-20 08:53:27,398 [INFO] IntegrityCheckThread:103 - End integrity checks thread
2025-09-20 09:23:32,032 [INFO] WebApp:194 - Connection lost
2025-09-20 09:26:45,785 [INFO] WebApp:191 - Connection restablished
2025-09-20 09:35:49,863 [INFO] WebApp:194 - Connection lost
2025-09-20 09:38:37,556 [INFO] WebApp:191 - Connection restablished
2025-09-20 12:08:34,274 [INFO] WebApp:194 - Connection lost
2025-09-20 12:53:37,885 [INFO] WebApp:191 - Connection restablished
2025-09-20 12:53:40,820 [INFO] WebApp:194 - Connection lost
2025-09-20 12:53:41,069 [INFO] WebApp:191 - Connection restablished
2025-09-20 13:19:05,628 [INFO] WebApp:194 - Connection lost
2025-09-20 13:19:08,520 [INFO] WebApp:191 - Connection restablished
2025-09-20 14:09:47,185 [INFO] WebApp:194 - Connection lost
2025-09-20 14:10:11,145 [INFO] WebApp:191 - Connection restablished
2025-09-20 14:10:13,769 [INFO] WebApp:194 - Connection lost
2025-09-20 14:10:14,083 [INFO] WebApp:191 - Connection restablished
2025-09-20 18:36:17,691 [INFO] WebApp:194 - Connection lost
2025-09-20 18:36:24,070 [INFO] WebApp:191 - Connection restablished
2025-09-20 18:36:25,769 [INFO] WebApp:194 - Connection lost
2025-09-20 18:36:26,008 [INFO] WebApp:191 - Connection restablished
2025-09-20 18:36:50,575 [ERROR] LogOutputStream:75 - [STDERR_REDIRECT] 
