2025-09-15 02:57:12,280 [INFO] Activator:176 - 


2025-09-15 02:57:12,282 [INFO] Activator:177 - !SESSION log4j initialized
2025-09-15 02:57:15,200 [INFO] LogOutputStream:77 - [STDOUT_REDIRECT] 
2025-09-15 02:57:15,738 [INFO] ApplicationProperties:184 - Using Application install path: /opt/st/stm32cubeide_1.19.0/plugins/com.st.stm32cube.common.mx_6.15.0.202507011659
2025-09-15 02:57:15,757 [INFO] DbMcusXml:78 - Set database path to: /opt/st/stm32cubeide_1.19.0/plugins/com.st.stm32cube.common.mx_6.15.0.202507011659//db//mcu/
2025-09-15 02:57:15,757 [INFO] ApiDb:274 - Set plugin database path to: /opt/st/stm32cubeide_1.19.0/plugins/com.st.stm32cube.common.mx_6.15.0.202507011659//db//plugins/boardmanager/
2025-09-15 02:57:15,757 [WARN] ApiDb:259 - Overriding images path with different value:  => /opt/st/stm32cubeide_1.19.0/plugins/com.st.stm32cube.common.mx_6.15.0.202507011659//db//plugins/mcufinder/images/
2025-09-15 02:57:15,764 [INFO] ApiDb:250 - Set database path to: /home/shivam/.stmcufinder/plugins/mcufinder//mcu/
2025-09-15 02:57:15,765 [INFO] DbMcusAds:125 - Set database path to: /home/shivam/.stmcufinder/plugins/mcufinder//mcu/
2025-09-15 02:57:15,768 [INFO] CrossReferenceDbSqlite:203 - Set database path to: /home/shivam/.stmcufinder/plugins/mcufinder//mcu/cs/
2025-09-15 02:57:15,853 [INFO] RulesReader:64 - Compatibility file has been processed (317 Rules)
2025-09-15 02:57:15,887 [INFO] DbMcusXml:78 - Set database path to: /opt/st/stm32cubeide_1.19.0/plugins/com.st.stm32cube.common.mx_6.15.0.202507011659//db//mcu/
2025-09-15 02:57:15,887 [INFO] ApiDb:274 - Set plugin database path to: /opt/st/stm32cubeide_1.19.0/plugins/com.st.stm32cube.common.mx_6.15.0.202507011659//db//plugins/boardmanager/
2025-09-15 02:57:15,887 [INFO] ApiDb:261 - Set plugin images path to: /opt/st/stm32cubeide_1.19.0/plugins/com.st.stm32cube.common.mx_6.15.0.202507011659//db//plugins/mcufinder/images/
2025-09-15 02:57:15,888 [WARN] DbFile:41 - Overriding database path with different value: /home/shivam/.stmcufinder/plugins/mcufinder/ => /home/shivam/.stmcufinder/plugins/mcufinder
2025-09-15 02:57:15,888 [INFO] ApiDb:250 - Set database path to: /home/shivam/.stmcufinder/plugins/mcufinder//mcu/
2025-09-15 02:57:15,888 [WARN] DbFile:41 - Overriding database path with different value: /home/shivam/.stmcufinder/plugins/mcufinder/ => /home/shivam/.stmcufinder/plugins/mcufinder
2025-09-15 02:57:15,888 [INFO] DbMcusAds:125 - Set database path to: /home/shivam/.stmcufinder/plugins/mcufinder//mcu/
2025-09-15 02:57:15,888 [WARN] DbFile:41 - Overriding database path with different value: /home/shivam/.stmcufinder/plugins/mcufinder/ => /home/shivam/.stmcufinder/plugins/mcufinder
2025-09-15 02:57:15,888 [WARN] DbFile:41 - Overriding database path with different value: /home/shivam/.stmcufinder/plugins/mcufinder/ => /home/shivam/.stmcufinder/plugins/mcufinder
2025-09-15 02:57:15,888 [INFO] CrossReferenceDbSqlite:203 - Set database path to: /home/shivam/.stmcufinder/plugins/mcufinder//mcu/cs/
2025-09-15 02:57:15,930 [INFO] MainPanel:274 - HeapMemory: 268435456
2025-09-15 02:57:16,026 [INFO] DbMcusXml:78 - Set database path to: /opt/st/stm32cubeide_1.19.0/plugins/com.st.stm32cube.common.mx_6.15.0.202507011659//db//mcu/
2025-09-15 02:57:16,026 [INFO] ApiDb:274 - Set plugin database path to: /opt/st/stm32cubeide_1.19.0/plugins/com.st.stm32cube.common.mx_6.15.0.202507011659//db//plugins/boardmanager/
2025-09-15 02:57:16,026 [INFO] ApiDb:261 - Set plugin images path to: /opt/st/stm32cubeide_1.19.0/plugins/com.st.stm32cube.common.mx_6.15.0.202507011659//db//plugins/mcufinder/images/
2025-09-15 02:57:16,026 [WARN] DbFile:41 - Overriding database path with different value: /home/shivam/.stmcufinder/plugins/mcufinder/ => /home/shivam/.stmcufinder/plugins/mcufinder
2025-09-15 02:57:16,026 [INFO] ApiDb:250 - Set database path to: /home/shivam/.stmcufinder/plugins/mcufinder//mcu/
2025-09-15 02:57:16,026 [WARN] DbFile:41 - Overriding database path with different value: /home/shivam/.stmcufinder/plugins/mcufinder/ => /home/shivam/.stmcufinder/plugins/mcufinder
2025-09-15 02:57:16,026 [INFO] DbMcusAds:125 - Set database path to: /home/shivam/.stmcufinder/plugins/mcufinder//mcu/
2025-09-15 02:57:16,026 [WARN] DbFile:41 - Overriding database path with different value: /home/shivam/.stmcufinder/plugins/mcufinder/ => /home/shivam/.stmcufinder/plugins/mcufinder
2025-09-15 02:57:16,026 [WARN] DbFile:41 - Overriding database path with different value: /home/shivam/.stmcufinder/plugins/mcufinder/ => /home/shivam/.stmcufinder/plugins/mcufinder
2025-09-15 02:57:16,027 [INFO] CrossReferenceDbSqlite:203 - Set database path to: /home/shivam/.stmcufinder/plugins/mcufinder//mcu/cs/
2025-09-15 02:57:16,037 [INFO] ApplicationProperties:184 - Using Application install path: /opt/st/stm32cubeide_1.19.0/plugins/com.st.stm32cube.common.mx_6.15.0.202507011659
2025-09-15 02:57:16,039 [INFO] PluginManage:196 - Search for loadable plugins [exclusion list=, ]
2025-09-15 02:57:16,040 [INFO] PluginManage:310 - Check plugin analytics
2025-09-15 02:57:16,146 [INFO] AnalyticsPlugin:253 - Accepted Software Licenses: 
2025-09-15 02:57:16,146 [INFO] AnalyticsPlugin:255 - Accepted CMSIS Pack Licenses: 
2025-09-15 02:57:16,146 [INFO] AnalyticsPlugin:257 - Accepted Firmware Licenses: FW.F4.1.28.0
2025-09-15 02:57:16,147 [INFO] PluginManage:359 - Loaded plugin analytics (category:tool,tabindex:-1)
2025-09-15 02:57:16,148 [INFO] PluginManage:310 - Check plugin cadmodel
2025-09-15 02:57:16,152 [INFO] CADModel:105 - Init CAD model plugin
2025-09-15 02:57:16,152 [INFO] PluginManage:359 - Loaded plugin cadmodel (category:power,tabindex:5)
2025-09-15 02:57:16,152 [INFO] PluginManage:310 - Check plugin clock
2025-09-15 02:57:16,159 [INFO] PluginManage:359 - Loaded plugin clock (category:base,tabindex:2)
2025-09-15 02:57:16,159 [INFO] PluginManage:310 - Check plugin ddr
2025-09-15 02:57:16,161 [INFO] PluginManage:359 - Loaded plugin ddr (category:tool,tabindex:6)
2025-09-15 02:57:16,161 [INFO] PluginManage:310 - Check plugin filemanager
2025-09-15 02:57:16,268 [INFO] PluginManage:359 - Loaded plugin filemanager (category:base,tabindex:10)
2025-09-15 02:57:16,268 [INFO] PluginManage:310 - Check plugin ipmanager
2025-09-15 02:57:16,272 [INFO] PluginManage:359 - Loaded plugin ipmanager (category:base,tabindex:5)
2025-09-15 02:57:16,272 [INFO] PluginManage:310 - Check plugin lpbam
2025-09-15 02:57:16,280 [INFO] PluginManage:359 - Loaded plugin lpbam (category:base,tabindex:0)
2025-09-15 02:57:16,280 [INFO] PluginManage:310 - Check plugin memorymap
2025-09-15 02:57:16,293 [INFO] PluginManage:359 - Loaded plugin memorymap (category:base,tabindex:4)
2025-09-15 02:57:16,293 [INFO] PluginManage:310 - Check plugin pinoutandconfiguration
2025-09-15 02:57:16,303 [INFO] PluginManage:359 - Loaded plugin pinoutandconfiguration (category:base,tabindex:1)
2025-09-15 02:57:16,303 [INFO] PluginManage:310 - Check plugin pinoutconfig
2025-09-15 02:57:16,393 [WARN] SupportedApi:132 - Cannot load RTOS API schema: s4s-elt-must-match.1: The content of 'definitions' must match (annotation?, (simpleType | complexType)?, (unique | key | keyref)*)). A problem was found starting at: attribute.
2025-09-15 02:57:16,483 [INFO] PluginManage:359 - Loaded plugin pinoutconfig (category:base,tabindex:0)
2025-09-15 02:57:16,484 [INFO] PluginManage:310 - Check plugin power
2025-09-15 02:57:16,490 [INFO] PluginManage:359 - Loaded plugin power (category:power,tabindex:4)
2025-09-15 02:57:16,490 [INFO] PluginManage:310 - Check plugin projectmanager
2025-09-15 02:57:16,499 [INFO] PluginManage:359 - Loaded plugin projectmanager (category:projectmanager,tabindex:4)
2025-09-15 02:57:16,499 [INFO] PluginManage:310 - Check plugin rif
2025-09-15 02:57:16,505 [INFO] PluginManage:359 - Loaded plugin rif (category:base,tabindex:3)
2025-09-15 02:57:16,506 [INFO] PluginManage:310 - Check plugin thirdparty
2025-09-15 02:57:16,576 [INFO] PluginManage:359 - Loaded plugin thirdparty (category:base,tabindex:-1)
2025-09-15 02:57:16,576 [WARN] IntegrityCheckThread:84 - waiting for thirdparty lock release [integrity check]
2025-09-15 02:57:16,577 [INFO] PluginManage:310 - Check plugin tools
2025-09-15 02:57:16,577 [INFO] IntegrityCheckThread:86 - entering critical section [integrity check]
2025-09-15 02:57:16,577 [INFO] ThirdPartyUpdaterWithRetryManager:70 - Updater plugin not ready yet. [1/15]
2025-09-15 02:57:16,578 [INFO] PluginManage:359 - Loaded plugin tools (category:base,tabindex:7)
2025-09-15 02:57:16,579 [INFO] PluginManage:310 - Check plugin tutovideos
2025-09-15 02:57:16,702 [INFO] PluginManage:359 - Loaded plugin tutovideos (category:base,tabindex:-1)
2025-09-15 02:57:16,702 [INFO] PluginManage:310 - Check plugin updater
2025-09-15 02:57:16,719 [INFO] PluginManage:359 - Loaded plugin updater (category:base,tabindex:12)
2025-09-15 02:57:16,719 [INFO] PluginManage:310 - Check plugin userauth
2025-09-15 02:57:16,722 [INFO] UserAuth:118 - Init User Auth plugin
2025-09-15 02:57:16,722 [INFO] PluginManage:359 - Loaded plugin userauth (category:base,tabindex:14)
2025-09-15 02:57:16,723 [INFO] PluginManage:283 - PluginManage : Loaded plugins [18]
2025-09-15 02:57:16,830 [INFO] PinOutPanel:1589 - setPackage(No Configuration,No Configuration)
2025-09-15 02:57:16,874 [INFO] CADModel:165 - CPN selected for project level
2025-09-15 02:57:16,874 [INFO] CADModel:114 - Register for checkConnection events
2025-09-15 02:57:16,883 [INFO] IPUIPlugin:80 - create IPUIPlugin
2025-09-15 02:57:16,883 [INFO] PluginManager:220 - loadIPPluginJar : add resmgrutility
2025-09-15 02:57:16,888 [INFO] IPUIPlugin:80 - create IPUIPlugin
2025-09-15 02:57:16,888 [INFO] PluginManager:220 - loadIPPluginJar : add linkedlist
2025-09-15 02:57:16,890 [INFO] IPUIPlugin:80 - create IPUIPlugin
2025-09-15 02:57:16,890 [INFO] PluginManager:220 - loadIPPluginJar : add dma3
2025-09-15 02:57:16,893 [INFO] IPUIPlugin:80 - create IPUIPlugin
2025-09-15 02:57:16,893 [INFO] PluginManager:220 - loadIPPluginJar : add gpio
2025-09-15 02:57:16,894 [INFO] IPUIPlugin:80 - create IPUIPlugin
2025-09-15 02:57:16,894 [INFO] PluginManager:220 - loadIPPluginJar : add radio
2025-09-15 02:57:16,897 [INFO] IPUIPlugin:80 - create IPUIPlugin
2025-09-15 02:57:16,897 [INFO] PluginManager:220 - loadIPPluginJar : add lorawan
2025-09-15 02:57:16,899 [INFO] IPUIPlugin:80 - create IPUIPlugin
2025-09-15 02:57:16,900 [INFO] PluginManager:220 - loadIPPluginJar : add ddr_ctrl_phy
2025-09-15 02:57:16,901 [INFO] IPUIPlugin:80 - create IPUIPlugin
2025-09-15 02:57:16,901 [INFO] PluginManager:220 - loadIPPluginJar : add hash
2025-09-15 02:57:16,902 [INFO] IPUIPlugin:80 - create IPUIPlugin
2025-09-15 02:57:16,902 [INFO] PluginManager:220 - loadIPPluginJar : add openamp
2025-09-15 02:57:16,906 [INFO] IPUIPlugin:80 - create IPUIPlugin
2025-09-15 02:57:16,906 [INFO] PluginManager:220 - loadIPPluginJar : add dma
2025-09-15 02:57:16,908 [INFO] IPUIPlugin:80 - create IPUIPlugin
2025-09-15 02:57:16,908 [INFO] PluginManager:220 - loadIPPluginJar : add pdm2pcm
2025-09-15 02:57:16,909 [INFO] IPUIPlugin:80 - create IPUIPlugin
2025-09-15 02:57:16,909 [INFO] PluginManager:220 - loadIPPluginJar : add tracer_emb
2025-09-15 02:57:16,910 [INFO] IPUIPlugin:80 - create IPUIPlugin
2025-09-15 02:57:16,910 [INFO] PluginManager:220 - loadIPPluginJar : add genericplugin
2025-09-15 02:57:16,911 [INFO] IPUIPlugin:80 - create IPUIPlugin
2025-09-15 02:57:16,911 [INFO] PluginManager:220 - loadIPPluginJar : add i3c
2025-09-15 02:57:16,914 [INFO] IPUIPlugin:80 - create IPUIPlugin
2025-09-15 02:57:16,914 [INFO] PluginManager:220 - loadIPPluginJar : add ipddr
2025-09-15 02:57:16,919 [INFO] IPUIPlugin:80 - create IPUIPlugin
2025-09-15 02:57:16,919 [INFO] PluginManager:220 - loadIPPluginJar : add gic
2025-09-15 02:57:16,925 [INFO] IPUIPlugin:80 - create IPUIPlugin
2025-09-15 02:57:16,926 [INFO] PluginManager:220 - loadIPPluginJar : add freertos
2025-09-15 02:57:16,927 [INFO] IPUIPlugin:80 - create IPUIPlugin
2025-09-15 02:57:16,928 [INFO] PluginManager:220 - loadIPPluginJar : add comp
2025-09-15 02:57:16,932 [INFO] IPUIPlugin:80 - create IPUIPlugin
2025-09-15 02:57:16,933 [INFO] PluginManager:220 - loadIPPluginJar : add fmc
2025-09-15 02:57:16,935 [INFO] IPUIPlugin:80 - create IPUIPlugin
2025-09-15 02:57:16,936 [INFO] PluginManager:220 - loadIPPluginJar : add cryp
2025-09-15 02:57:16,938 [INFO] IPUIPlugin:80 - create IPUIPlugin
2025-09-15 02:57:16,938 [INFO] PluginManager:220 - loadIPPluginJar : add i2c
2025-09-15 02:57:16,939 [INFO] IPUIPlugin:80 - create IPUIPlugin
2025-09-15 02:57:16,940 [INFO] PluginManager:220 - loadIPPluginJar : add quadspi
2025-09-15 02:57:16,945 [INFO] IPUIPlugin:80 - create IPUIPlugin
2025-09-15 02:57:16,946 [INFO] PluginManager:220 - loadIPPluginJar : add plateformsettings
2025-09-15 02:57:16,949 [INFO] IPUIPlugin:80 - create IPUIPlugin
2025-09-15 02:57:16,949 [INFO] PluginManager:220 - loadIPPluginJar : add gtzc
2025-09-15 02:57:16,950 [INFO] IPUIPlugin:80 - create IPUIPlugin
2025-09-15 02:57:16,950 [INFO] PluginManager:220 - loadIPPluginJar : add dfsdm
2025-09-15 02:57:16,951 [INFO] IPUIPlugin:80 - create IPUIPlugin
2025-09-15 02:57:16,952 [INFO] PluginManager:220 - loadIPPluginJar : add ts
2025-09-15 02:57:16,956 [INFO] IPUIPlugin:80 - create IPUIPlugin
2025-09-15 02:57:16,956 [INFO] PluginManager:220 - loadIPPluginJar : add stm32_wpan
2025-09-15 02:57:16,957 [INFO] IPUIPlugin:80 - create IPUIPlugin
2025-09-15 02:57:16,957 [INFO] PluginManager:220 - loadIPPluginJar : add gfxmmu
2025-09-15 02:57:16,958 [INFO] IPUIPlugin:80 - create IPUIPlugin
2025-09-15 02:57:16,958 [INFO] PluginManager:220 - loadIPPluginJar : add aes
2025-09-15 02:57:16,962 [INFO] IPUIPlugin:80 - create IPUIPlugin
2025-09-15 02:57:16,962 [INFO] PluginManager:220 - loadIPPluginJar : add mdma
2025-09-15 02:57:16,963 [INFO] IPUIPlugin:80 - create IPUIPlugin
2025-09-15 02:57:16,964 [INFO] PluginManager:220 - loadIPPluginJar : add opamp
2025-09-15 02:57:16,964 [INFO] IPUIPlugin:80 - create IPUIPlugin
2025-09-15 02:57:16,964 [INFO] PluginManager:220 - loadIPPluginJar : add fatfs
2025-09-15 02:57:16,965 [INFO] IPUIPlugin:80 - create IPUIPlugin
2025-09-15 02:57:16,965 [INFO] PluginManager:220 - loadIPPluginJar : add ucpd
2025-09-15 02:57:16,966 [INFO] IPUIPlugin:80 - create IPUIPlugin
2025-09-15 02:57:16,966 [INFO] PluginManager:220 - loadIPPluginJar : add tim
2025-09-15 02:57:16,975 [INFO] IPUIPlugin:80 - create IPUIPlugin
2025-09-15 02:57:16,975 [INFO] PluginManager:220 - loadIPPluginJar : add extmemmanager
2025-09-15 02:57:16,976 [INFO] IPUIPlugin:80 - create IPUIPlugin
2025-09-15 02:57:16,976 [INFO] PluginManager:220 - loadIPPluginJar : add tsc
2025-09-15 02:57:16,979 [INFO] IPUIPlugin:80 - create IPUIPlugin
2025-09-15 02:57:16,979 [INFO] PluginManager:220 - loadIPPluginJar : add touchsensing
2025-09-15 02:57:16,984 [INFO] IPUIPlugin:80 - create IPUIPlugin
2025-09-15 02:57:16,984 [INFO] PluginManager:220 - loadIPPluginJar : add adc
2025-09-15 02:57:16,985 [INFO] IPUIPlugin:80 - create IPUIPlugin
2025-09-15 02:57:16,986 [INFO] PluginManager:220 - loadIPPluginJar : add can
2025-09-15 02:57:16,987 [INFO] IPUIPlugin:80 - create IPUIPlugin
2025-09-15 02:57:16,987 [INFO] PluginManager:220 - loadIPPluginJar : add sai
2025-09-15 02:57:16,988 [INFO] IPUIPlugin:80 - create IPUIPlugin
2025-09-15 02:57:16,988 [INFO] PluginManager:220 - loadIPPluginJar : add ltdc
2025-09-15 02:57:16,990 [INFO] IPUIPlugin:80 - create IPUIPlugin
2025-09-15 02:57:16,990 [INFO] PluginManager:220 - loadIPPluginJar : add usart
2025-09-15 02:57:16,993 [INFO] IPUIPlugin:80 - create IPUIPlugin
2025-09-15 02:57:16,993 [INFO] PluginManager:220 - loadIPPluginJar : add nvic
2025-09-15 02:57:16,995 [INFO] IPUIPlugin:80 - create IPUIPlugin
2025-09-15 02:57:16,995 [INFO] PluginManager:220 - loadIPPluginJar : add usbx
2025-09-15 02:57:16,996 [INFO] IPUIPlugin:80 - create IPUIPlugin
2025-09-15 02:57:16,996 [INFO] PluginManager:220 - loadIPPluginJar : add spi
2025-09-15 02:57:16,997 [INFO] IPUIPlugin:80 - create IPUIPlugin
2025-09-15 02:57:16,997 [INFO] PluginManager:220 - loadIPPluginJar : add i2s
2025-09-15 02:57:17,086 [FATAL] Updater:351 - Updater called before beeing initialized
2025-09-15 02:57:17,103 [INFO] RulesReader:64 - Compatibility file has been processed (317 Rules)
2025-09-15 02:57:17,108 [INFO] RulesReader:64 - Compatibility file has been processed (317 Rules)
2025-09-15 02:57:17,112 [INFO] CADModel:165 - CPN selected for project level
2025-09-15 02:57:17,112 [INFO] CADModel:114 - Register for checkConnection events
2025-09-15 02:57:17,112 [FATAL] Updater:351 - Updater called before beeing initialized
2025-09-15 02:57:17,112 [ERROR] CADModel:125 - Updater not yet initialized, retry later 
2025-09-15 02:57:17,188 [FATAL] Updater:351 - Updater called before beeing initialized
2025-09-15 02:57:17,189 [INFO] CADModel:165 - CPN selected for project level
2025-09-15 02:57:17,189 [INFO] CADModel:114 - Register for checkConnection events
2025-09-15 02:57:17,189 [FATAL] Updater:351 - Updater called before beeing initialized
2025-09-15 02:57:17,189 [ERROR] CADModel:125 - Updater not yet initialized, retry later 
2025-09-15 02:57:17,191 [FATAL] Updater:351 - Updater called before beeing initialized
2025-09-15 02:57:17,243 [FATAL] Updater:351 - Updater called before beeing initialized
2025-09-15 02:57:17,246 [INFO] DbMcusAds:53 - JSON generation date=Tue Jul 08 13:44:23 IST 2025 (1751962463582)
2025-09-15 02:57:17,246 [FATAL] Updater:351 - Updater called before beeing initialized
2025-09-15 02:57:17,273 [WARN] DetailPanel:346 - Failed to get advertising image, set to default
2025-09-15 02:57:17,315 [FATAL] Updater:351 - Updater called before beeing initialized
2025-09-15 02:57:17,316 [FATAL] Updater:351 - Updater called before beeing initialized
2025-09-15 02:57:17,317 [FATAL] Updater:351 - Updater called before beeing initialized
2025-09-15 02:57:17,317 [WARN] DetailPanel:346 - Failed to get advertising image, set to default
2025-09-15 02:57:17,317 [FATAL] Updater:351 - Updater called before beeing initialized
2025-09-15 02:57:17,335 [ERROR] Updater:1198 - MainUpdater not yet initialized. External WinMGr cannot be set.
2025-09-15 02:57:17,336 [INFO] Updater:1134 - Updater Version found : 6.15.0
2025-09-15 02:57:17,350 [INFO] ApplicationProperties:184 - Using Application install path: /opt/st/stm32cubeide_1.19.0/plugins/com.st.stm32cube.common.mx_6.15.0.202507011659
2025-09-15 02:57:17,359 [ERROR] LogOutputStream:75 - [STDERR_REDIRECT] Sep 15, 2025 2:57:17 AM java.util.prefs.FileSystemPreferences$2 run
2025-09-15 02:57:17,360 [ERROR] LogOutputStream:75 - [STDERR_REDIRECT] WARNING: Could not create system preferences directory. System preferences are unusable.
2025-09-15 02:57:17,360 [ERROR] LogOutputStream:75 - [STDERR_REDIRECT] 
2025-09-15 02:57:18,051 [INFO] MainUpdater:2872 - connection check result : 10
2025-09-15 02:57:18,052 [INFO] MainUpdater:289 - Updater Check For Update Now.
2025-09-15 02:57:18,052 [INFO] MicroXplorer:498 - Change Database Version : DB.6.0.150
2025-09-15 02:57:18,055 [INFO] McuFinderGlobals:63 - Set McuFinder mode to 2 (CubeIDE integrated)
2025-09-15 02:57:18,055 [INFO] UserAuth:487 - Internet connection configuration mode: 1
2025-09-15 02:57:18,069 [INFO] JxBrowserEngine:152 - Initiate JxBrowser Engine with user profile folder
2025-09-15 02:57:18,203 [INFO] CheckServerUpdateThread:120 - End of CheckServer Thread
2025-09-15 02:57:18,795 [INFO] WebApp:169 - Instantiating new browser for Auth
2025-09-15 02:57:19,267 [INFO] WebApp:463 - Apply proxy settings
2025-09-15 02:57:19,268 [INFO] WebApp:548 - Chromium requires no authentication
2025-09-15 02:57:19,272 [INFO] WebApp:491 - Direct internet connection detected
2025-09-15 02:57:19,283 [INFO] WebApp:900 - Register for checkConnection events
2025-09-15 02:57:19,284 [INFO] WebApp:463 - Apply proxy settings
2025-09-15 02:57:19,284 [INFO] WebApp:548 - Chromium requires no authentication
2025-09-15 02:57:19,284 [INFO] WebApp:491 - Direct internet connection detected
2025-09-15 02:57:19,361 [INFO] WebApp:225 - Starting web application
2025-09-15 02:57:19,362 [INFO] WebApp:593 - Web application path used /opt/st/stm32cubeide_1.19.0/plugins/com.st.stm32cube.common.mx_6.15.0.202507011659/db/plugins/mcufinder/reactClient1/index.html
2025-09-15 02:57:19,610 [INFO] WebApp:191 - Connection restablished
2025-09-15 02:57:19,653 [WARN] PackLoader:240 - Cannot read IP mode file for STMicroelectronics.FP-SNS-MOTENVWB1.1.4.0
2025-09-15 02:57:19,660 [WARN] PackLoader:240 - Cannot read IP mode file for STMicroelectronics.FP-ATR-ASTRA1.2.0.2
2025-09-15 02:57:19,666 [WARN] PackLoader:240 - Cannot read IP mode file for STMicroelectronics.FP-SNS-SMARTAG2.1.2.0
2025-09-15 02:57:19,672 [WARN] PackLoader:240 - Cannot read IP mode file for STMicroelectronics.FP-SNS-FLIGHT1.5.1.0
2025-09-15 02:57:19,677 [WARN] PackLoader:240 - Cannot read IP mode file for STMicroelectronics.FP-SNS-MOTENV1.5.0.0
2025-09-15 02:57:19,684 [WARN] PackLoader:240 - Cannot read IP mode file for STMicroelectronics.FP-ATR-SIGFOX1.3.2.0
2025-09-15 02:57:19,691 [WARN] PackLoader:240 - Cannot read IP mode file for STMicroelectronics.X-CUBE-ALS.1.0.2
2025-09-15 02:57:19,693 [INFO] ThirdParty:978 - Integrity check success = true
2025-09-15 02:57:19,693 [INFO] IntegrityCheckThread:100 - exiting critical section [integrity check]
2025-09-15 02:57:19,693 [INFO] IntegrityCheckThread:103 - End integrity checks thread
2025-09-15 02:57:20,036 [INFO] UserAuth:487 - Internet connection configuration mode: 1
2025-09-15 02:57:46,889 [ERROR] LogOutputStream:75 - [STDERR_REDIRECT] Sep 15, 2025 2:57:46 AM java.util.prefs.FileSystemPreferences checkLockFile0ErrorCode
2025-09-15 02:57:46,889 [ERROR] LogOutputStream:75 - [STDERR_REDIRECT] WARNING: Could not lock System prefs. Unix error code 2.
2025-09-15 02:57:46,889 [ERROR] LogOutputStream:75 - [STDERR_REDIRECT] 
2025-09-15 02:57:46,889 [ERROR] LogOutputStream:75 - [STDERR_REDIRECT] Sep 15, 2025 2:57:46 AM java.util.prefs.FileSystemPreferences syncWorld
2025-09-15 02:57:46,889 [ERROR] LogOutputStream:75 - [STDERR_REDIRECT] WARNING: Couldn't flush system prefs: java.util.prefs.BackingStoreException: Couldn't get file lock.
2025-09-15 02:57:46,889 [ERROR] LogOutputStream:75 - [STDERR_REDIRECT] 
2025-09-15 02:58:16,885 [ERROR] LogOutputStream:75 - [STDERR_REDIRECT] Sep 15, 2025 2:58:16 AM java.util.prefs.FileSystemPreferences checkLockFile0ErrorCode
2025-09-15 02:58:16,885 [ERROR] LogOutputStream:75 - [STDERR_REDIRECT] WARNING: Could not lock System prefs. Unix error code 2.
2025-09-15 02:58:16,885 [ERROR] LogOutputStream:75 - [STDERR_REDIRECT] 
2025-09-15 02:58:16,885 [ERROR] LogOutputStream:75 - [STDERR_REDIRECT] Sep 15, 2025 2:58:16 AM java.util.prefs.FileSystemPreferences syncWorld
2025-09-15 02:58:16,885 [ERROR] LogOutputStream:75 - [STDERR_REDIRECT] WARNING: Couldn't flush system prefs: java.util.prefs.BackingStoreException: Couldn't get file lock.
2025-09-15 02:58:16,886 [ERROR] LogOutputStream:75 - [STDERR_REDIRECT] 
2025-09-15 02:58:46,885 [ERROR] LogOutputStream:75 - [STDERR_REDIRECT] Sep 15, 2025 2:58:46 AM java.util.prefs.FileSystemPreferences checkLockFile0ErrorCode
2025-09-15 02:58:46,885 [ERROR] LogOutputStream:75 - [STDERR_REDIRECT] WARNING: Could not lock System prefs. Unix error code 2.
2025-09-15 02:58:46,885 [ERROR] LogOutputStream:75 - [STDERR_REDIRECT] 
2025-09-15 02:58:46,885 [ERROR] LogOutputStream:75 - [STDERR_REDIRECT] Sep 15, 2025 2:58:46 AM java.util.prefs.FileSystemPreferences syncWorld
2025-09-15 02:58:46,885 [ERROR] LogOutputStream:75 - [STDERR_REDIRECT] WARNING: Couldn't flush system prefs: java.util.prefs.BackingStoreException: Couldn't get file lock.
2025-09-15 02:58:46,885 [ERROR] LogOutputStream:75 - [STDERR_REDIRECT] 
2025-09-15 02:59:16,885 [ERROR] LogOutputStream:75 - [STDERR_REDIRECT] Sep 15, 2025 2:59:16 AM java.util.prefs.FileSystemPreferences checkLockFile0ErrorCode
2025-09-15 02:59:16,885 [ERROR] LogOutputStream:75 - [STDERR_REDIRECT] WARNING: Could not lock System prefs. Unix error code 2.
2025-09-15 02:59:16,886 [ERROR] LogOutputStream:75 - [STDERR_REDIRECT] 
2025-09-15 02:59:16,886 [ERROR] LogOutputStream:75 - [STDERR_REDIRECT] Sep 15, 2025 2:59:16 AM java.util.prefs.FileSystemPreferences syncWorld
2025-09-15 02:59:16,886 [ERROR] LogOutputStream:75 - [STDERR_REDIRECT] WARNING: Couldn't flush system prefs: java.util.prefs.BackingStoreException: Couldn't get file lock.
2025-09-15 02:59:16,886 [ERROR] LogOutputStream:75 - [STDERR_REDIRECT] 
2025-09-15 02:59:46,886 [ERROR] LogOutputStream:75 - [STDERR_REDIRECT] Sep 15, 2025 2:59:46 AM java.util.prefs.FileSystemPreferences checkLockFile0ErrorCode
2025-09-15 02:59:46,886 [ERROR] LogOutputStream:75 - [STDERR_REDIRECT] WARNING: Could not lock System prefs. Unix error code 2.
2025-09-15 02:59:46,886 [ERROR] LogOutputStream:75 - [STDERR_REDIRECT] 
2025-09-15 02:59:46,886 [ERROR] LogOutputStream:75 - [STDERR_REDIRECT] Sep 15, 2025 2:59:46 AM java.util.prefs.FileSystemPreferences syncWorld
2025-09-15 02:59:46,887 [ERROR] LogOutputStream:75 - [STDERR_REDIRECT] WARNING: Couldn't flush system prefs: java.util.prefs.BackingStoreException: Couldn't get file lock.
2025-09-15 02:59:46,887 [ERROR] LogOutputStream:75 - [STDERR_REDIRECT] 
2025-09-15 03:00:16,886 [ERROR] LogOutputStream:75 - [STDERR_REDIRECT] Sep 15, 2025 3:00:16 AM java.util.prefs.FileSystemPreferences checkLockFile0ErrorCode
2025-09-15 03:00:16,886 [ERROR] LogOutputStream:75 - [STDERR_REDIRECT] WARNING: Could not lock System prefs. Unix error code 2.
2025-09-15 03:00:16,886 [ERROR] LogOutputStream:75 - [STDERR_REDIRECT] 
2025-09-15 03:00:16,886 [ERROR] LogOutputStream:75 - [STDERR_REDIRECT] Sep 15, 2025 3:00:16 AM java.util.prefs.FileSystemPreferences syncWorld
2025-09-15 03:00:16,886 [ERROR] LogOutputStream:75 - [STDERR_REDIRECT] WARNING: Couldn't flush system prefs: java.util.prefs.BackingStoreException: Couldn't get file lock.
2025-09-15 03:00:16,886 [ERROR] LogOutputStream:75 - [STDERR_REDIRECT] 
2025-09-15 03:00:46,886 [ERROR] LogOutputStream:75 - [STDERR_REDIRECT] Sep 15, 2025 3:00:46 AM java.util.prefs.FileSystemPreferences checkLockFile0ErrorCode
2025-09-15 03:00:46,886 [ERROR] LogOutputStream:75 - [STDERR_REDIRECT] WARNING: Could not lock System prefs. Unix error code 2.
2025-09-15 03:00:46,886 [ERROR] LogOutputStream:75 - [STDERR_REDIRECT] 
2025-09-15 03:00:46,886 [ERROR] LogOutputStream:75 - [STDERR_REDIRECT] Sep 15, 2025 3:00:46 AM java.util.prefs.FileSystemPreferences syncWorld
2025-09-15 03:00:46,887 [ERROR] LogOutputStream:75 - [STDERR_REDIRECT] WARNING: Couldn't flush system prefs: java.util.prefs.BackingStoreException: Couldn't get file lock.
2025-09-15 03:00:46,887 [ERROR] LogOutputStream:75 - [STDERR_REDIRECT] 
2025-09-15 03:01:16,886 [ERROR] LogOutputStream:75 - [STDERR_REDIRECT] Sep 15, 2025 3:01:16 AM java.util.prefs.FileSystemPreferences checkLockFile0ErrorCode
2025-09-15 03:01:16,887 [ERROR] LogOutputStream:75 - [STDERR_REDIRECT] WARNING: Could not lock System prefs. Unix error code 2.
2025-09-15 03:01:16,887 [ERROR] LogOutputStream:75 - [STDERR_REDIRECT] 
2025-09-15 03:01:16,887 [ERROR] LogOutputStream:75 - [STDERR_REDIRECT] Sep 15, 2025 3:01:16 AM java.util.prefs.FileSystemPreferences syncWorld
2025-09-15 03:01:16,887 [ERROR] LogOutputStream:75 - [STDERR_REDIRECT] WARNING: Couldn't flush system prefs: java.util.prefs.BackingStoreException: Couldn't get file lock.
2025-09-15 03:01:16,887 [ERROR] LogOutputStream:75 - [STDERR_REDIRECT] 
2025-09-15 03:01:46,887 [ERROR] LogOutputStream:75 - [STDERR_REDIRECT] Sep 15, 2025 3:01:46 AM java.util.prefs.FileSystemPreferences checkLockFile0ErrorCode
2025-09-15 03:01:46,887 [ERROR] LogOutputStream:75 - [STDERR_REDIRECT] WARNING: Could not lock System prefs. Unix error code 2.
2025-09-15 03:01:46,887 [ERROR] LogOutputStream:75 - [STDERR_REDIRECT] 
2025-09-15 03:01:46,923 [ERROR] LogOutputStream:75 - [STDERR_REDIRECT] Sep 15, 2025 3:01:46 AM java.util.prefs.FileSystemPreferences syncWorld
2025-09-15 03:01:46,923 [ERROR] LogOutputStream:75 - [STDERR_REDIRECT] WARNING: Couldn't flush system prefs: java.util.prefs.BackingStoreException: Couldn't get file lock.
2025-09-15 03:01:46,923 [ERROR] LogOutputStream:75 - [STDERR_REDIRECT] 
2025-09-15 03:02:16,887 [ERROR] LogOutputStream:75 - [STDERR_REDIRECT] Sep 15, 2025 3:02:16 AM java.util.prefs.FileSystemPreferences checkLockFile0ErrorCode
2025-09-15 03:02:16,887 [ERROR] LogOutputStream:75 - [STDERR_REDIRECT] WARNING: Could not lock System prefs. Unix error code 2.
2025-09-15 03:02:16,922 [ERROR] LogOutputStream:75 - [STDERR_REDIRECT] 
2025-09-15 03:02:16,923 [ERROR] LogOutputStream:75 - [STDERR_REDIRECT] Sep 15, 2025 3:02:16 AM java.util.prefs.FileSystemPreferences syncWorld
2025-09-15 03:02:16,923 [ERROR] LogOutputStream:75 - [STDERR_REDIRECT] WARNING: Couldn't flush system prefs: java.util.prefs.BackingStoreException: Couldn't get file lock.
2025-09-15 03:02:16,923 [ERROR] LogOutputStream:75 - [STDERR_REDIRECT] 
2025-09-15 03:02:46,887 [ERROR] LogOutputStream:75 - [STDERR_REDIRECT] Sep 15, 2025 3:02:46 AM java.util.prefs.FileSystemPreferences checkLockFile0ErrorCode
2025-09-15 03:02:46,887 [ERROR] LogOutputStream:75 - [STDERR_REDIRECT] WARNING: Could not lock System prefs. Unix error code 2.
2025-09-15 03:02:46,887 [ERROR] LogOutputStream:75 - [STDERR_REDIRECT] 
2025-09-15 03:02:46,887 [ERROR] LogOutputStream:75 - [STDERR_REDIRECT] Sep 15, 2025 3:02:46 AM java.util.prefs.FileSystemPreferences syncWorld
2025-09-15 03:02:46,887 [ERROR] LogOutputStream:75 - [STDERR_REDIRECT] WARNING: Couldn't flush system prefs: java.util.prefs.BackingStoreException: Couldn't get file lock.
2025-09-15 03:02:46,887 [ERROR] LogOutputStream:75 - [STDERR_REDIRECT] 
2025-09-15 03:03:16,886 [ERROR] LogOutputStream:75 - [STDERR_REDIRECT] Sep 15, 2025 3:03:16 AM java.util.prefs.FileSystemPreferences checkLockFile0ErrorCode
2025-09-15 03:03:16,887 [ERROR] LogOutputStream:75 - [STDERR_REDIRECT] WARNING: Could not lock System prefs. Unix error code 2.
2025-09-15 03:03:16,887 [ERROR] LogOutputStream:75 - [STDERR_REDIRECT] 
2025-09-15 03:03:16,887 [ERROR] LogOutputStream:75 - [STDERR_REDIRECT] Sep 15, 2025 3:03:16 AM java.util.prefs.FileSystemPreferences syncWorld
2025-09-15 03:03:16,887 [ERROR] LogOutputStream:75 - [STDERR_REDIRECT] WARNING: Couldn't flush system prefs: java.util.prefs.BackingStoreException: Couldn't get file lock.
2025-09-15 03:03:16,887 [ERROR] LogOutputStream:75 - [STDERR_REDIRECT] 
2025-09-15 03:03:46,887 [ERROR] LogOutputStream:75 - [STDERR_REDIRECT] Sep 15, 2025 3:03:46 AM java.util.prefs.FileSystemPreferences checkLockFile0ErrorCode
2025-09-15 03:03:46,887 [ERROR] LogOutputStream:75 - [STDERR_REDIRECT] WARNING: Could not lock System prefs. Unix error code 2.
2025-09-15 03:03:46,887 [ERROR] LogOutputStream:75 - [STDERR_REDIRECT] 
2025-09-15 03:03:46,887 [ERROR] LogOutputStream:75 - [STDERR_REDIRECT] Sep 15, 2025 3:03:46 AM java.util.prefs.FileSystemPreferences syncWorld
2025-09-15 03:03:46,887 [ERROR] LogOutputStream:75 - [STDERR_REDIRECT] WARNING: Couldn't flush system prefs: java.util.prefs.BackingStoreException: Couldn't get file lock.
2025-09-15 03:03:46,887 [ERROR] LogOutputStream:75 - [STDERR_REDIRECT] 
2025-09-15 03:04:16,887 [ERROR] LogOutputStream:75 - [STDERR_REDIRECT] Sep 15, 2025 3:04:16 AM java.util.prefs.FileSystemPreferences checkLockFile0ErrorCode
2025-09-15 03:04:16,887 [ERROR] LogOutputStream:75 - [STDERR_REDIRECT] WARNING: Could not lock System prefs. Unix error code 2.
2025-09-15 03:04:16,887 [ERROR] LogOutputStream:75 - [STDERR_REDIRECT] 
2025-09-15 03:04:16,887 [ERROR] LogOutputStream:75 - [STDERR_REDIRECT] Sep 15, 2025 3:04:16 AM java.util.prefs.FileSystemPreferences syncWorld
2025-09-15 03:04:16,887 [ERROR] LogOutputStream:75 - [STDERR_REDIRECT] WARNING: Couldn't flush system prefs: java.util.prefs.BackingStoreException: Couldn't get file lock.
2025-09-15 03:04:16,887 [ERROR] LogOutputStream:75 - [STDERR_REDIRECT] 
2025-09-15 03:04:46,887 [ERROR] LogOutputStream:75 - [STDERR_REDIRECT] Sep 15, 2025 3:04:46 AM java.util.prefs.FileSystemPreferences checkLockFile0ErrorCode
2025-09-15 03:04:46,887 [ERROR] LogOutputStream:75 - [STDERR_REDIRECT] WARNING: Could not lock System prefs. Unix error code 2.
2025-09-15 03:04:46,888 [ERROR] LogOutputStream:75 - [STDERR_REDIRECT] 
2025-09-15 03:04:46,888 [ERROR] LogOutputStream:75 - [STDERR_REDIRECT] Sep 15, 2025 3:04:46 AM java.util.prefs.FileSystemPreferences syncWorld
2025-09-15 03:04:46,888 [ERROR] LogOutputStream:75 - [STDERR_REDIRECT] WARNING: Couldn't flush system prefs: java.util.prefs.BackingStoreException: Couldn't get file lock.
2025-09-15 03:04:46,888 [ERROR] LogOutputStream:75 - [STDERR_REDIRECT] 
2025-09-15 03:05:16,887 [ERROR] LogOutputStream:75 - [STDERR_REDIRECT] Sep 15, 2025 3:05:16 AM java.util.prefs.FileSystemPreferences checkLockFile0ErrorCode
2025-09-15 03:05:16,888 [ERROR] LogOutputStream:75 - [STDERR_REDIRECT] WARNING: Could not lock System prefs. Unix error code 2.
2025-09-15 03:05:16,888 [ERROR] LogOutputStream:75 - [STDERR_REDIRECT] 
2025-09-15 03:05:16,888 [ERROR] LogOutputStream:75 - [STDERR_REDIRECT] Sep 15, 2025 3:05:16 AM java.util.prefs.FileSystemPreferences syncWorld
2025-09-15 03:05:16,888 [ERROR] LogOutputStream:75 - [STDERR_REDIRECT] WARNING: Couldn't flush system prefs: java.util.prefs.BackingStoreException: Couldn't get file lock.
2025-09-15 03:05:16,888 [ERROR] LogOutputStream:75 - [STDERR_REDIRECT] 
2025-09-15 03:05:46,887 [ERROR] LogOutputStream:75 - [STDERR_REDIRECT] Sep 15, 2025 3:05:46 AM java.util.prefs.FileSystemPreferences checkLockFile0ErrorCode
2025-09-15 03:05:46,887 [ERROR] LogOutputStream:75 - [STDERR_REDIRECT] WARNING: Could not lock System prefs. Unix error code 2.
2025-09-15 03:05:46,887 [ERROR] LogOutputStream:75 - [STDERR_REDIRECT] 
2025-09-15 03:05:46,887 [ERROR] LogOutputStream:75 - [STDERR_REDIRECT] Sep 15, 2025 3:05:46 AM java.util.prefs.FileSystemPreferences syncWorld
2025-09-15 03:05:46,887 [ERROR] LogOutputStream:75 - [STDERR_REDIRECT] WARNING: Couldn't flush system prefs: java.util.prefs.BackingStoreException: Couldn't get file lock.
2025-09-15 03:05:46,887 [ERROR] LogOutputStream:75 - [STDERR_REDIRECT] 
2025-09-15 03:06:16,887 [ERROR] LogOutputStream:75 - [STDERR_REDIRECT] Sep 15, 2025 3:06:16 AM java.util.prefs.FileSystemPreferences checkLockFile0ErrorCode
2025-09-15 03:06:16,887 [ERROR] LogOutputStream:75 - [STDERR_REDIRECT] WARNING: Could not lock System prefs. Unix error code 2.
2025-09-15 03:06:16,887 [ERROR] LogOutputStream:75 - [STDERR_REDIRECT] 
2025-09-15 03:06:16,887 [ERROR] LogOutputStream:75 - [STDERR_REDIRECT] Sep 15, 2025 3:06:16 AM java.util.prefs.FileSystemPreferences syncWorld
2025-09-15 03:06:16,887 [ERROR] LogOutputStream:75 - [STDERR_REDIRECT] WARNING: Couldn't flush system prefs: java.util.prefs.BackingStoreException: Couldn't get file lock.
2025-09-15 03:06:16,887 [ERROR] LogOutputStream:75 - [STDERR_REDIRECT] 
2025-09-15 03:06:46,887 [ERROR] LogOutputStream:75 - [STDERR_REDIRECT] Sep 15, 2025 3:06:46 AM java.util.prefs.FileSystemPreferences checkLockFile0ErrorCode
2025-09-15 03:06:46,887 [ERROR] LogOutputStream:75 - [STDERR_REDIRECT] WARNING: Could not lock System prefs. Unix error code 2.
2025-09-15 03:06:46,888 [ERROR] LogOutputStream:75 - [STDERR_REDIRECT] 
2025-09-15 03:06:46,888 [ERROR] LogOutputStream:75 - [STDERR_REDIRECT] Sep 15, 2025 3:06:46 AM java.util.prefs.FileSystemPreferences syncWorld
2025-09-15 03:06:46,888 [ERROR] LogOutputStream:75 - [STDERR_REDIRECT] WARNING: Couldn't flush system prefs: java.util.prefs.BackingStoreException: Couldn't get file lock.
2025-09-15 03:06:46,888 [ERROR] LogOutputStream:75 - [STDERR_REDIRECT] 
2025-09-15 03:07:16,887 [ERROR] LogOutputStream:75 - [STDERR_REDIRECT] Sep 15, 2025 3:07:16 AM java.util.prefs.FileSystemPreferences checkLockFile0ErrorCode
2025-09-15 03:07:16,887 [ERROR] LogOutputStream:75 - [STDERR_REDIRECT] WARNING: Could not lock System prefs. Unix error code 2.
2025-09-15 03:07:16,888 [ERROR] LogOutputStream:75 - [STDERR_REDIRECT] 
2025-09-15 03:07:16,888 [ERROR] LogOutputStream:75 - [STDERR_REDIRECT] Sep 15, 2025 3:07:16 AM java.util.prefs.FileSystemPreferences syncWorld
2025-09-15 03:07:16,888 [ERROR] LogOutputStream:75 - [STDERR_REDIRECT] WARNING: Couldn't flush system prefs: java.util.prefs.BackingStoreException: Couldn't get file lock.
2025-09-15 03:07:16,888 [ERROR] LogOutputStream:75 - [STDERR_REDIRECT] 
2025-09-15 03:07:46,887 [ERROR] LogOutputStream:75 - [STDERR_REDIRECT] Sep 15, 2025 3:07:46 AM java.util.prefs.FileSystemPreferences checkLockFile0ErrorCode
2025-09-15 03:07:46,887 [ERROR] LogOutputStream:75 - [STDERR_REDIRECT] WARNING: Could not lock System prefs. Unix error code 2.
2025-09-15 03:07:46,888 [ERROR] LogOutputStream:75 - [STDERR_REDIRECT] 
2025-09-15 03:07:46,888 [ERROR] LogOutputStream:75 - [STDERR_REDIRECT] Sep 15, 2025 3:07:46 AM java.util.prefs.FileSystemPreferences syncWorld
2025-09-15 03:07:46,888 [ERROR] LogOutputStream:75 - [STDERR_REDIRECT] WARNING: Couldn't flush system prefs: java.util.prefs.BackingStoreException: Couldn't get file lock.
2025-09-15 03:07:46,888 [ERROR] LogOutputStream:75 - [STDERR_REDIRECT] 
2025-09-15 03:08:16,887 [ERROR] LogOutputStream:75 - [STDERR_REDIRECT] Sep 15, 2025 3:08:16 AM java.util.prefs.FileSystemPreferences checkLockFile0ErrorCode
2025-09-15 03:08:16,888 [ERROR] LogOutputStream:75 - [STDERR_REDIRECT] WARNING: Could not lock System prefs. Unix error code 2.
2025-09-15 03:08:16,888 [ERROR] LogOutputStream:75 - [STDERR_REDIRECT] 
2025-09-15 03:08:16,888 [ERROR] LogOutputStream:75 - [STDERR_REDIRECT] Sep 15, 2025 3:08:16 AM java.util.prefs.FileSystemPreferences syncWorld
2025-09-15 03:08:16,888 [ERROR] LogOutputStream:75 - [STDERR_REDIRECT] WARNING: Couldn't flush system prefs: java.util.prefs.BackingStoreException: Couldn't get file lock.
2025-09-15 03:08:16,888 [ERROR] LogOutputStream:75 - [STDERR_REDIRECT] 
2025-09-15 03:08:46,888 [ERROR] LogOutputStream:75 - [STDERR_REDIRECT] Sep 15, 2025 3:08:46 AM java.util.prefs.FileSystemPreferences checkLockFile0ErrorCode
2025-09-15 03:08:46,888 [ERROR] LogOutputStream:75 - [STDERR_REDIRECT] WARNING: Could not lock System prefs. Unix error code 2.
2025-09-15 03:08:46,888 [ERROR] LogOutputStream:75 - [STDERR_REDIRECT] 
2025-09-15 03:08:46,888 [ERROR] LogOutputStream:75 - [STDERR_REDIRECT] Sep 15, 2025 3:08:46 AM java.util.prefs.FileSystemPreferences syncWorld
2025-09-15 03:08:46,888 [ERROR] LogOutputStream:75 - [STDERR_REDIRECT] WARNING: Couldn't flush system prefs: java.util.prefs.BackingStoreException: Couldn't get file lock.
2025-09-15 03:08:46,889 [ERROR] LogOutputStream:75 - [STDERR_REDIRECT] 
2025-09-15 03:09:16,887 [ERROR] LogOutputStream:75 - [STDERR_REDIRECT] Sep 15, 2025 3:09:16 AM java.util.prefs.FileSystemPreferences checkLockFile0ErrorCode
2025-09-15 03:09:16,887 [ERROR] LogOutputStream:75 - [STDERR_REDIRECT] WARNING: Could not lock System prefs. Unix error code 2.
2025-09-15 03:09:16,887 [ERROR] LogOutputStream:75 - [STDERR_REDIRECT] 
2025-09-15 03:09:16,887 [ERROR] LogOutputStream:75 - [STDERR_REDIRECT] Sep 15, 2025 3:09:16 AM java.util.prefs.FileSystemPreferences syncWorld
2025-09-15 03:09:16,887 [ERROR] LogOutputStream:75 - [STDERR_REDIRECT] WARNING: Couldn't flush system prefs: java.util.prefs.BackingStoreException: Couldn't get file lock.
2025-09-15 03:09:16,887 [ERROR] LogOutputStream:75 - [STDERR_REDIRECT] 
2025-09-15 03:09:46,887 [ERROR] LogOutputStream:75 - [STDERR_REDIRECT] Sep 15, 2025 3:09:46 AM java.util.prefs.FileSystemPreferences checkLockFile0ErrorCode
2025-09-15 03:09:46,887 [ERROR] LogOutputStream:75 - [STDERR_REDIRECT] WARNING: Could not lock System prefs. Unix error code 2.
2025-09-15 03:09:46,888 [ERROR] LogOutputStream:75 - [STDERR_REDIRECT] 
2025-09-15 03:09:46,888 [ERROR] LogOutputStream:75 - [STDERR_REDIRECT] Sep 15, 2025 3:09:46 AM java.util.prefs.FileSystemPreferences syncWorld
2025-09-15 03:09:46,888 [ERROR] LogOutputStream:75 - [STDERR_REDIRECT] WARNING: Couldn't flush system prefs: java.util.prefs.BackingStoreException: Couldn't get file lock.
2025-09-15 03:09:46,888 [ERROR] LogOutputStream:75 - [STDERR_REDIRECT] 
2025-09-15 03:10:16,887 [ERROR] LogOutputStream:75 - [STDERR_REDIRECT] Sep 15, 2025 3:10:16 AM java.util.prefs.FileSystemPreferences checkLockFile0ErrorCode
2025-09-15 03:10:16,887 [ERROR] LogOutputStream:75 - [STDERR_REDIRECT] WARNING: Could not lock System prefs. Unix error code 2.
2025-09-15 03:10:16,887 [ERROR] LogOutputStream:75 - [STDERR_REDIRECT] 
2025-09-15 03:10:16,888 [ERROR] LogOutputStream:75 - [STDERR_REDIRECT] Sep 15, 2025 3:10:16 AM java.util.prefs.FileSystemPreferences syncWorld
2025-09-15 03:10:16,888 [ERROR] LogOutputStream:75 - [STDERR_REDIRECT] WARNING: Couldn't flush system prefs: java.util.prefs.BackingStoreException: Couldn't get file lock.
2025-09-15 03:10:16,888 [ERROR] LogOutputStream:75 - [STDERR_REDIRECT] 
2025-09-15 03:10:46,887 [ERROR] LogOutputStream:75 - [STDERR_REDIRECT] Sep 15, 2025 3:10:46 AM java.util.prefs.FileSystemPreferences checkLockFile0ErrorCode
2025-09-15 03:10:46,887 [ERROR] LogOutputStream:75 - [STDERR_REDIRECT] WARNING: Could not lock System prefs. Unix error code 2.
2025-09-15 03:10:46,887 [ERROR] LogOutputStream:75 - [STDERR_REDIRECT] 
2025-09-15 03:10:46,888 [ERROR] LogOutputStream:75 - [STDERR_REDIRECT] Sep 15, 2025 3:10:46 AM java.util.prefs.FileSystemPreferences syncWorld
2025-09-15 03:10:46,888 [ERROR] LogOutputStream:75 - [STDERR_REDIRECT] WARNING: Couldn't flush system prefs: java.util.prefs.BackingStoreException: Couldn't get file lock.
2025-09-15 03:10:46,888 [ERROR] LogOutputStream:75 - [STDERR_REDIRECT] 
2025-09-15 03:11:16,888 [ERROR] LogOutputStream:75 - [STDERR_REDIRECT] Sep 15, 2025 3:11:16 AM java.util.prefs.FileSystemPreferences checkLockFile0ErrorCode
2025-09-15 03:11:16,888 [ERROR] LogOutputStream:75 - [STDERR_REDIRECT] WARNING: Could not lock System prefs. Unix error code 2.
2025-09-15 03:11:16,888 [ERROR] LogOutputStream:75 - [STDERR_REDIRECT] 
2025-09-15 03:11:16,888 [ERROR] LogOutputStream:75 - [STDERR_REDIRECT] Sep 15, 2025 3:11:16 AM java.util.prefs.FileSystemPreferences syncWorld
2025-09-15 03:11:16,888 [ERROR] LogOutputStream:75 - [STDERR_REDIRECT] WARNING: Couldn't flush system prefs: java.util.prefs.BackingStoreException: Couldn't get file lock.
2025-09-15 03:11:16,888 [ERROR] LogOutputStream:75 - [STDERR_REDIRECT] 
2025-09-15 03:11:46,888 [ERROR] LogOutputStream:75 - [STDERR_REDIRECT] Sep 15, 2025 3:11:46 AM java.util.prefs.FileSystemPreferences checkLockFile0ErrorCode
2025-09-15 03:11:46,888 [ERROR] LogOutputStream:75 - [STDERR_REDIRECT] WARNING: Could not lock System prefs. Unix error code 2.
2025-09-15 03:11:46,888 [ERROR] LogOutputStream:75 - [STDERR_REDIRECT] 
2025-09-15 03:11:46,888 [ERROR] LogOutputStream:75 - [STDERR_REDIRECT] Sep 15, 2025 3:11:46 AM java.util.prefs.FileSystemPreferences syncWorld
2025-09-15 03:11:46,889 [ERROR] LogOutputStream:75 - [STDERR_REDIRECT] WARNING: Couldn't flush system prefs: java.util.prefs.BackingStoreException: Couldn't get file lock.
2025-09-15 03:11:46,889 [ERROR] LogOutputStream:75 - [STDERR_REDIRECT] 
2025-09-15 03:12:16,888 [ERROR] LogOutputStream:75 - [STDERR_REDIRECT] Sep 15, 2025 3:12:16 AM java.util.prefs.FileSystemPreferences checkLockFile0ErrorCode
2025-09-15 03:12:16,888 [ERROR] LogOutputStream:75 - [STDERR_REDIRECT] WARNING: Could not lock System prefs. Unix error code 2.
2025-09-15 03:12:16,889 [ERROR] LogOutputStream:75 - [STDERR_REDIRECT] 
2025-09-15 03:12:16,889 [ERROR] LogOutputStream:75 - [STDERR_REDIRECT] Sep 15, 2025 3:12:16 AM java.util.prefs.FileSystemPreferences syncWorld
2025-09-15 03:12:16,889 [ERROR] LogOutputStream:75 - [STDERR_REDIRECT] WARNING: Couldn't flush system prefs: java.util.prefs.BackingStoreException: Couldn't get file lock.
2025-09-15 03:12:16,889 [ERROR] LogOutputStream:75 - [STDERR_REDIRECT] 
2025-09-15 03:12:46,889 [ERROR] LogOutputStream:75 - [STDERR_REDIRECT] Sep 15, 2025 3:12:46 AM java.util.prefs.FileSystemPreferences checkLockFile0ErrorCode
2025-09-15 03:12:46,889 [ERROR] LogOutputStream:75 - [STDERR_REDIRECT] WARNING: Could not lock System prefs. Unix error code 2.
2025-09-15 03:12:46,889 [ERROR] LogOutputStream:75 - [STDERR_REDIRECT] 
2025-09-15 03:12:46,889 [ERROR] LogOutputStream:75 - [STDERR_REDIRECT] Sep 15, 2025 3:12:46 AM java.util.prefs.FileSystemPreferences syncWorld
2025-09-15 03:12:46,889 [ERROR] LogOutputStream:75 - [STDERR_REDIRECT] WARNING: Couldn't flush system prefs: java.util.prefs.BackingStoreException: Couldn't get file lock.
2025-09-15 03:12:46,890 [ERROR] LogOutputStream:75 - [STDERR_REDIRECT] 
2025-09-15 03:13:16,888 [ERROR] LogOutputStream:75 - [STDERR_REDIRECT] Sep 15, 2025 3:13:16 AM java.util.prefs.FileSystemPreferences checkLockFile0ErrorCode
2025-09-15 03:13:16,888 [ERROR] LogOutputStream:75 - [STDERR_REDIRECT] WARNING: Could not lock System prefs. Unix error code 2.
2025-09-15 03:13:16,888 [ERROR] LogOutputStream:75 - [STDERR_REDIRECT] 
2025-09-15 03:13:16,889 [ERROR] LogOutputStream:75 - [STDERR_REDIRECT] Sep 15, 2025 3:13:16 AM java.util.prefs.FileSystemPreferences syncWorld
2025-09-15 03:13:16,889 [ERROR] LogOutputStream:75 - [STDERR_REDIRECT] WARNING: Couldn't flush system prefs: java.util.prefs.BackingStoreException: Couldn't get file lock.
2025-09-15 03:13:16,889 [ERROR] LogOutputStream:75 - [STDERR_REDIRECT] 
2025-09-15 03:13:46,889 [ERROR] LogOutputStream:75 - [STDERR_REDIRECT] Sep 15, 2025 3:13:46 AM java.util.prefs.FileSystemPreferences checkLockFile0ErrorCode
2025-09-15 03:13:46,889 [ERROR] LogOutputStream:75 - [STDERR_REDIRECT] WARNING: Could not lock System prefs. Unix error code 2.
2025-09-15 03:13:46,889 [ERROR] LogOutputStream:75 - [STDERR_REDIRECT] 
2025-09-15 03:13:46,889 [ERROR] LogOutputStream:75 - [STDERR_REDIRECT] Sep 15, 2025 3:13:46 AM java.util.prefs.FileSystemPreferences syncWorld
2025-09-15 03:13:46,889 [ERROR] LogOutputStream:75 - [STDERR_REDIRECT] WARNING: Couldn't flush system prefs: java.util.prefs.BackingStoreException: Couldn't get file lock.
2025-09-15 03:13:46,889 [ERROR] LogOutputStream:75 - [STDERR_REDIRECT] 
2025-09-15 03:14:16,889 [ERROR] LogOutputStream:75 - [STDERR_REDIRECT] Sep 15, 2025 3:14:16 AM java.util.prefs.FileSystemPreferences checkLockFile0ErrorCode
2025-09-15 03:14:16,889 [ERROR] LogOutputStream:75 - [STDERR_REDIRECT] WARNING: Could not lock System prefs. Unix error code 2.
2025-09-15 03:14:16,889 [ERROR] LogOutputStream:75 - [STDERR_REDIRECT] 
2025-09-15 03:14:16,889 [ERROR] LogOutputStream:75 - [STDERR_REDIRECT] Sep 15, 2025 3:14:16 AM java.util.prefs.FileSystemPreferences syncWorld
2025-09-15 03:14:16,889 [ERROR] LogOutputStream:75 - [STDERR_REDIRECT] WARNING: Couldn't flush system prefs: java.util.prefs.BackingStoreException: Couldn't get file lock.
2025-09-15 03:14:16,889 [ERROR] LogOutputStream:75 - [STDERR_REDIRECT] 
2025-09-15 03:14:46,889 [ERROR] LogOutputStream:75 - [STDERR_REDIRECT] Sep 15, 2025 3:14:46 AM java.util.prefs.FileSystemPreferences checkLockFile0ErrorCode
2025-09-15 03:14:46,889 [ERROR] LogOutputStream:75 - [STDERR_REDIRECT] WARNING: Could not lock System prefs. Unix error code 2.
2025-09-15 03:14:46,889 [ERROR] LogOutputStream:75 - [STDERR_REDIRECT] 
2025-09-15 03:14:46,890 [ERROR] LogOutputStream:75 - [STDERR_REDIRECT] Sep 15, 2025 3:14:46 AM java.util.prefs.FileSystemPreferences syncWorld
2025-09-15 03:14:46,890 [ERROR] LogOutputStream:75 - [STDERR_REDIRECT] WARNING: Couldn't flush system prefs: java.util.prefs.BackingStoreException: Couldn't get file lock.
2025-09-15 03:14:46,890 [ERROR] LogOutputStream:75 - [STDERR_REDIRECT] 
2025-09-15 03:15:16,889 [ERROR] LogOutputStream:75 - [STDERR_REDIRECT] Sep 15, 2025 3:15:16 AM java.util.prefs.FileSystemPreferences checkLockFile0ErrorCode
2025-09-15 03:15:16,890 [ERROR] LogOutputStream:75 - [STDERR_REDIRECT] WARNING: Could not lock System prefs. Unix error code 2.
2025-09-15 03:15:16,890 [ERROR] LogOutputStream:75 - [STDERR_REDIRECT] 
2025-09-15 03:15:16,890 [ERROR] LogOutputStream:75 - [STDERR_REDIRECT] Sep 15, 2025 3:15:16 AM java.util.prefs.FileSystemPreferences syncWorld
2025-09-15 03:15:16,890 [ERROR] LogOutputStream:75 - [STDERR_REDIRECT] WARNING: Couldn't flush system prefs: java.util.prefs.BackingStoreException: Couldn't get file lock.
2025-09-15 03:15:16,890 [ERROR] LogOutputStream:75 - [STDERR_REDIRECT] 
2025-09-15 03:15:46,890 [ERROR] LogOutputStream:75 - [STDERR_REDIRECT] Sep 15, 2025 3:15:46 AM java.util.prefs.FileSystemPreferences checkLockFile0ErrorCode
2025-09-15 03:15:46,890 [ERROR] LogOutputStream:75 - [STDERR_REDIRECT] WARNING: Could not lock System prefs. Unix error code 2.
2025-09-15 03:15:46,890 [ERROR] LogOutputStream:75 - [STDERR_REDIRECT] 
2025-09-15 03:15:46,890 [ERROR] LogOutputStream:75 - [STDERR_REDIRECT] Sep 15, 2025 3:15:46 AM java.util.prefs.FileSystemPreferences syncWorld
2025-09-15 03:15:46,890 [ERROR] LogOutputStream:75 - [STDERR_REDIRECT] WARNING: Couldn't flush system prefs: java.util.prefs.BackingStoreException: Couldn't get file lock.
2025-09-15 03:15:46,890 [ERROR] LogOutputStream:75 - [STDERR_REDIRECT] 
2025-09-15 03:16:16,890 [ERROR] LogOutputStream:75 - [STDERR_REDIRECT] Sep 15, 2025 3:16:16 AM java.util.prefs.FileSystemPreferences checkLockFile0ErrorCode
2025-09-15 03:16:16,890 [ERROR] LogOutputStream:75 - [STDERR_REDIRECT] WARNING: Could not lock System prefs. Unix error code 2.
2025-09-15 03:16:16,890 [ERROR] LogOutputStream:75 - [STDERR_REDIRECT] 
2025-09-15 03:16:16,890 [ERROR] LogOutputStream:75 - [STDERR_REDIRECT] Sep 15, 2025 3:16:16 AM java.util.prefs.FileSystemPreferences syncWorld
2025-09-15 03:16:16,890 [ERROR] LogOutputStream:75 - [STDERR_REDIRECT] WARNING: Couldn't flush system prefs: java.util.prefs.BackingStoreException: Couldn't get file lock.
2025-09-15 03:16:16,890 [ERROR] LogOutputStream:75 - [STDERR_REDIRECT] 
2025-09-15 03:16:46,890 [ERROR] LogOutputStream:75 - [STDERR_REDIRECT] Sep 15, 2025 3:16:46 AM java.util.prefs.FileSystemPreferences checkLockFile0ErrorCode
2025-09-15 03:16:46,890 [ERROR] LogOutputStream:75 - [STDERR_REDIRECT] WARNING: Could not lock System prefs. Unix error code 2.
2025-09-15 03:16:46,890 [ERROR] LogOutputStream:75 - [STDERR_REDIRECT] 
2025-09-15 03:16:46,890 [ERROR] LogOutputStream:75 - [STDERR_REDIRECT] Sep 15, 2025 3:16:46 AM java.util.prefs.FileSystemPreferences syncWorld
2025-09-15 03:16:46,890 [ERROR] LogOutputStream:75 - [STDERR_REDIRECT] WARNING: Couldn't flush system prefs: java.util.prefs.BackingStoreException: Couldn't get file lock.
2025-09-15 03:16:46,890 [ERROR] LogOutputStream:75 - [STDERR_REDIRECT] 
2025-09-15 03:17:16,891 [ERROR] LogOutputStream:75 - [STDERR_REDIRECT] Sep 15, 2025 3:17:16 AM java.util.prefs.FileSystemPreferences checkLockFile0ErrorCode
2025-09-15 03:17:16,891 [ERROR] LogOutputStream:75 - [STDERR_REDIRECT] WARNING: Could not lock System prefs. Unix error code 2.
2025-09-15 03:17:16,891 [ERROR] LogOutputStream:75 - [STDERR_REDIRECT] 
2025-09-15 03:17:16,891 [ERROR] LogOutputStream:75 - [STDERR_REDIRECT] Sep 15, 2025 3:17:16 AM java.util.prefs.FileSystemPreferences syncWorld
2025-09-15 03:17:16,891 [ERROR] LogOutputStream:75 - [STDERR_REDIRECT] WARNING: Couldn't flush system prefs: java.util.prefs.BackingStoreException: Couldn't get file lock.
2025-09-15 03:17:16,891 [ERROR] LogOutputStream:75 - [STDERR_REDIRECT] 
2025-09-15 03:17:46,891 [ERROR] LogOutputStream:75 - [STDERR_REDIRECT] Sep 15, 2025 3:17:46 AM java.util.prefs.FileSystemPreferences checkLockFile0ErrorCode
2025-09-15 03:17:46,891 [ERROR] LogOutputStream:75 - [STDERR_REDIRECT] WARNING: Could not lock System prefs. Unix error code 2.
2025-09-15 03:17:46,891 [ERROR] LogOutputStream:75 - [STDERR_REDIRECT] 
2025-09-15 03:17:46,891 [ERROR] LogOutputStream:75 - [STDERR_REDIRECT] Sep 15, 2025 3:17:46 AM java.util.prefs.FileSystemPreferences syncWorld
2025-09-15 03:17:46,891 [ERROR] LogOutputStream:75 - [STDERR_REDIRECT] WARNING: Couldn't flush system prefs: java.util.prefs.BackingStoreException: Couldn't get file lock.
2025-09-15 03:17:46,891 [ERROR] LogOutputStream:75 - [STDERR_REDIRECT] 
2025-09-15 03:18:16,890 [ERROR] LogOutputStream:75 - [STDERR_REDIRECT] Sep 15, 2025 3:18:16 AM java.util.prefs.FileSystemPreferences checkLockFile0ErrorCode
2025-09-15 03:18:16,890 [ERROR] LogOutputStream:75 - [STDERR_REDIRECT] WARNING: Could not lock System prefs. Unix error code 2.
2025-09-15 03:18:16,890 [ERROR] LogOutputStream:75 - [STDERR_REDIRECT] 
2025-09-15 03:18:16,891 [ERROR] LogOutputStream:75 - [STDERR_REDIRECT] Sep 15, 2025 3:18:16 AM java.util.prefs.FileSystemPreferences syncWorld
2025-09-15 03:18:16,891 [ERROR] LogOutputStream:75 - [STDERR_REDIRECT] WARNING: Couldn't flush system prefs: java.util.prefs.BackingStoreException: Couldn't get file lock.
2025-09-15 03:18:16,891 [ERROR] LogOutputStream:75 - [STDERR_REDIRECT] 
2025-09-15 03:18:46,890 [ERROR] LogOutputStream:75 - [STDERR_REDIRECT] Sep 15, 2025 3:18:46 AM java.util.prefs.FileSystemPreferences checkLockFile0ErrorCode
2025-09-15 03:18:46,890 [ERROR] LogOutputStream:75 - [STDERR_REDIRECT] WARNING: Could not lock System prefs. Unix error code 2.
2025-09-15 03:18:46,890 [ERROR] LogOutputStream:75 - [STDERR_REDIRECT] 
2025-09-15 03:18:46,891 [ERROR] LogOutputStream:75 - [STDERR_REDIRECT] Sep 15, 2025 3:18:46 AM java.util.prefs.FileSystemPreferences syncWorld
2025-09-15 03:18:46,891 [ERROR] LogOutputStream:75 - [STDERR_REDIRECT] WARNING: Couldn't flush system prefs: java.util.prefs.BackingStoreException: Couldn't get file lock.
2025-09-15 03:18:46,891 [ERROR] LogOutputStream:75 - [STDERR_REDIRECT] 
2025-09-15 03:19:16,890 [ERROR] LogOutputStream:75 - [STDERR_REDIRECT] Sep 15, 2025 3:19:16 AM java.util.prefs.FileSystemPreferences checkLockFile0ErrorCode
2025-09-15 03:19:16,890 [ERROR] LogOutputStream:75 - [STDERR_REDIRECT] WARNING: Could not lock System prefs. Unix error code 2.
2025-09-15 03:19:16,890 [ERROR] LogOutputStream:75 - [STDERR_REDIRECT] 
2025-09-15 03:19:16,890 [ERROR] LogOutputStream:75 - [STDERR_REDIRECT] Sep 15, 2025 3:19:16 AM java.util.prefs.FileSystemPreferences syncWorld
2025-09-15 03:19:16,890 [ERROR] LogOutputStream:75 - [STDERR_REDIRECT] WARNING: Couldn't flush system prefs: java.util.prefs.BackingStoreException: Couldn't get file lock.
2025-09-15 03:19:16,890 [ERROR] LogOutputStream:75 - [STDERR_REDIRECT] 
2025-09-15 03:19:46,891 [ERROR] LogOutputStream:75 - [STDERR_REDIRECT] Sep 15, 2025 3:19:46 AM java.util.prefs.FileSystemPreferences checkLockFile0ErrorCode
2025-09-15 03:19:46,891 [ERROR] LogOutputStream:75 - [STDERR_REDIRECT] WARNING: Could not lock System prefs. Unix error code 2.
2025-09-15 03:19:46,891 [ERROR] LogOutputStream:75 - [STDERR_REDIRECT] 
2025-09-15 03:19:46,891 [ERROR] LogOutputStream:75 - [STDERR_REDIRECT] Sep 15, 2025 3:19:46 AM java.util.prefs.FileSystemPreferences syncWorld
2025-09-15 03:19:46,891 [ERROR] LogOutputStream:75 - [STDERR_REDIRECT] WARNING: Couldn't flush system prefs: java.util.prefs.BackingStoreException: Couldn't get file lock.
2025-09-15 03:19:46,891 [ERROR] LogOutputStream:75 - [STDERR_REDIRECT] 
2025-09-15 03:20:16,891 [ERROR] LogOutputStream:75 - [STDERR_REDIRECT] Sep 15, 2025 3:20:16 AM java.util.prefs.FileSystemPreferences checkLockFile0ErrorCode
2025-09-15 03:20:16,892 [ERROR] LogOutputStream:75 - [STDERR_REDIRECT] WARNING: Could not lock System prefs. Unix error code 2.
2025-09-15 03:20:16,892 [ERROR] LogOutputStream:75 - [STDERR_REDIRECT] 
2025-09-15 03:20:16,892 [ERROR] LogOutputStream:75 - [STDERR_REDIRECT] Sep 15, 2025 3:20:16 AM java.util.prefs.FileSystemPreferences syncWorld
2025-09-15 03:20:16,892 [ERROR] LogOutputStream:75 - [STDERR_REDIRECT] WARNING: Couldn't flush system prefs: java.util.prefs.BackingStoreException: Couldn't get file lock.
2025-09-15 03:20:16,892 [ERROR] LogOutputStream:75 - [STDERR_REDIRECT] 
2025-09-15 03:20:46,891 [ERROR] LogOutputStream:75 - [STDERR_REDIRECT] Sep 15, 2025 3:20:46 AM java.util.prefs.FileSystemPreferences checkLockFile0ErrorCode
2025-09-15 03:20:46,891 [ERROR] LogOutputStream:75 - [STDERR_REDIRECT] WARNING: Could not lock System prefs. Unix error code 2.
2025-09-15 03:20:46,891 [ERROR] LogOutputStream:75 - [STDERR_REDIRECT] 
2025-09-15 03:20:46,891 [ERROR] LogOutputStream:75 - [STDERR_REDIRECT] Sep 15, 2025 3:20:46 AM java.util.prefs.FileSystemPreferences syncWorld
2025-09-15 03:20:46,892 [ERROR] LogOutputStream:75 - [STDERR_REDIRECT] WARNING: Couldn't flush system prefs: java.util.prefs.BackingStoreException: Couldn't get file lock.
2025-09-15 03:20:46,892 [ERROR] LogOutputStream:75 - [STDERR_REDIRECT] 
2025-09-15 03:21:16,891 [ERROR] LogOutputStream:75 - [STDERR_REDIRECT] Sep 15, 2025 3:21:16 AM java.util.prefs.FileSystemPreferences checkLockFile0ErrorCode
2025-09-15 03:21:16,891 [ERROR] LogOutputStream:75 - [STDERR_REDIRECT] WARNING: Could not lock System prefs. Unix error code 2.
2025-09-15 03:21:16,891 [ERROR] LogOutputStream:75 - [STDERR_REDIRECT] 
2025-09-15 03:21:16,891 [ERROR] LogOutputStream:75 - [STDERR_REDIRECT] Sep 15, 2025 3:21:16 AM java.util.prefs.FileSystemPreferences syncWorld
2025-09-15 03:21:16,891 [ERROR] LogOutputStream:75 - [STDERR_REDIRECT] WARNING: Couldn't flush system prefs: java.util.prefs.BackingStoreException: Couldn't get file lock.
2025-09-15 03:21:16,891 [ERROR] LogOutputStream:75 - [STDERR_REDIRECT] 
2025-09-15 03:21:46,892 [ERROR] LogOutputStream:75 - [STDERR_REDIRECT] Sep 15, 2025 3:21:46 AM java.util.prefs.FileSystemPreferences checkLockFile0ErrorCode
2025-09-15 03:21:46,892 [ERROR] LogOutputStream:75 - [STDERR_REDIRECT] WARNING: Could not lock System prefs. Unix error code 2.
2025-09-15 03:21:46,892 [ERROR] LogOutputStream:75 - [STDERR_REDIRECT] 
2025-09-15 03:21:46,892 [ERROR] LogOutputStream:75 - [STDERR_REDIRECT] Sep 15, 2025 3:21:46 AM java.util.prefs.FileSystemPreferences syncWorld
2025-09-15 03:21:46,892 [ERROR] LogOutputStream:75 - [STDERR_REDIRECT] WARNING: Couldn't flush system prefs: java.util.prefs.BackingStoreException: Couldn't get file lock.
2025-09-15 03:21:46,892 [ERROR] LogOutputStream:75 - [STDERR_REDIRECT] 
2025-09-15 03:22:16,892 [ERROR] LogOutputStream:75 - [STDERR_REDIRECT] Sep 15, 2025 3:22:16 AM java.util.prefs.FileSystemPreferences checkLockFile0ErrorCode
2025-09-15 03:22:16,892 [ERROR] LogOutputStream:75 - [STDERR_REDIRECT] WARNING: Could not lock System prefs. Unix error code 2.
2025-09-15 03:22:16,892 [ERROR] LogOutputStream:75 - [STDERR_REDIRECT] 
2025-09-15 03:22:16,892 [ERROR] LogOutputStream:75 - [STDERR_REDIRECT] Sep 15, 2025 3:22:16 AM java.util.prefs.FileSystemPreferences syncWorld
2025-09-15 03:22:16,892 [ERROR] LogOutputStream:75 - [STDERR_REDIRECT] WARNING: Couldn't flush system prefs: java.util.prefs.BackingStoreException: Couldn't get file lock.
2025-09-15 03:22:16,892 [ERROR] LogOutputStream:75 - [STDERR_REDIRECT] 
2025-09-15 03:22:46,892 [ERROR] LogOutputStream:75 - [STDERR_REDIRECT] Sep 15, 2025 3:22:46 AM java.util.prefs.FileSystemPreferences checkLockFile0ErrorCode
2025-09-15 03:22:46,892 [ERROR] LogOutputStream:75 - [STDERR_REDIRECT] WARNING: Could not lock System prefs. Unix error code 2.
2025-09-15 03:22:46,892 [ERROR] LogOutputStream:75 - [STDERR_REDIRECT] 
2025-09-15 03:22:46,893 [ERROR] LogOutputStream:75 - [STDERR_REDIRECT] Sep 15, 2025 3:22:46 AM java.util.prefs.FileSystemPreferences syncWorld
2025-09-15 03:22:46,893 [ERROR] LogOutputStream:75 - [STDERR_REDIRECT] WARNING: Couldn't flush system prefs: java.util.prefs.BackingStoreException: Couldn't get file lock.
2025-09-15 03:22:46,893 [ERROR] LogOutputStream:75 - [STDERR_REDIRECT] 
2025-09-15 03:23:16,891 [ERROR] LogOutputStream:75 - [STDERR_REDIRECT] Sep 15, 2025 3:23:16 AM java.util.prefs.FileSystemPreferences checkLockFile0ErrorCode
2025-09-15 03:23:16,891 [ERROR] LogOutputStream:75 - [STDERR_REDIRECT] WARNING: Could not lock System prefs. Unix error code 2.
2025-09-15 03:23:16,891 [ERROR] LogOutputStream:75 - [STDERR_REDIRECT] 
2025-09-15 03:23:16,892 [ERROR] LogOutputStream:75 - [STDERR_REDIRECT] Sep 15, 2025 3:23:16 AM java.util.prefs.FileSystemPreferences syncWorld
2025-09-15 03:23:16,892 [ERROR] LogOutputStream:75 - [STDERR_REDIRECT] WARNING: Couldn't flush system prefs: java.util.prefs.BackingStoreException: Couldn't get file lock.
2025-09-15 03:23:16,892 [ERROR] LogOutputStream:75 - [STDERR_REDIRECT] 
2025-09-15 03:23:46,891 [ERROR] LogOutputStream:75 - [STDERR_REDIRECT] Sep 15, 2025 3:23:46 AM java.util.prefs.FileSystemPreferences checkLockFile0ErrorCode
2025-09-15 03:23:46,891 [ERROR] LogOutputStream:75 - [STDERR_REDIRECT] WARNING: Could not lock System prefs. Unix error code 2.
2025-09-15 03:23:46,891 [ERROR] LogOutputStream:75 - [STDERR_REDIRECT] 
2025-09-15 03:23:46,891 [ERROR] LogOutputStream:75 - [STDERR_REDIRECT] Sep 15, 2025 3:23:46 AM java.util.prefs.FileSystemPreferences syncWorld
2025-09-15 03:23:46,891 [ERROR] LogOutputStream:75 - [STDERR_REDIRECT] WARNING: Couldn't flush system prefs: java.util.prefs.BackingStoreException: Couldn't get file lock.
2025-09-15 03:23:46,891 [ERROR] LogOutputStream:75 - [STDERR_REDIRECT] 
2025-09-15 03:24:16,892 [ERROR] LogOutputStream:75 - [STDERR_REDIRECT] Sep 15, 2025 3:24:16 AM java.util.prefs.FileSystemPreferences checkLockFile0ErrorCode
2025-09-15 03:24:16,892 [ERROR] LogOutputStream:75 - [STDERR_REDIRECT] WARNING: Could not lock System prefs. Unix error code 2.
2025-09-15 03:24:16,892 [ERROR] LogOutputStream:75 - [STDERR_REDIRECT] 
2025-09-15 03:24:16,892 [ERROR] LogOutputStream:75 - [STDERR_REDIRECT] Sep 15, 2025 3:24:16 AM java.util.prefs.FileSystemPreferences syncWorld
2025-09-15 03:24:16,892 [ERROR] LogOutputStream:75 - [STDERR_REDIRECT] WARNING: Couldn't flush system prefs: java.util.prefs.BackingStoreException: Couldn't get file lock.
2025-09-15 03:24:16,892 [ERROR] LogOutputStream:75 - [STDERR_REDIRECT] 
2025-09-15 03:24:46,891 [ERROR] LogOutputStream:75 - [STDERR_REDIRECT] Sep 15, 2025 3:24:46 AM java.util.prefs.FileSystemPreferences checkLockFile0ErrorCode
2025-09-15 03:24:46,891 [ERROR] LogOutputStream:75 - [STDERR_REDIRECT] WARNING: Could not lock System prefs. Unix error code 2.
2025-09-15 03:24:46,891 [ERROR] LogOutputStream:75 - [STDERR_REDIRECT] 
2025-09-15 03:24:46,892 [ERROR] LogOutputStream:75 - [STDERR_REDIRECT] Sep 15, 2025 3:24:46 AM java.util.prefs.FileSystemPreferences syncWorld
2025-09-15 03:24:46,892 [ERROR] LogOutputStream:75 - [STDERR_REDIRECT] WARNING: Couldn't flush system prefs: java.util.prefs.BackingStoreException: Couldn't get file lock.
2025-09-15 03:24:46,892 [ERROR] LogOutputStream:75 - [STDERR_REDIRECT] 
2025-09-15 03:25:16,891 [ERROR] LogOutputStream:75 - [STDERR_REDIRECT] Sep 15, 2025 3:25:16 AM java.util.prefs.FileSystemPreferences checkLockFile0ErrorCode
2025-09-15 03:25:16,891 [ERROR] LogOutputStream:75 - [STDERR_REDIRECT] WARNING: Could not lock System prefs. Unix error code 2.
2025-09-15 03:25:16,891 [ERROR] LogOutputStream:75 - [STDERR_REDIRECT] 
2025-09-15 03:25:16,891 [ERROR] LogOutputStream:75 - [STDERR_REDIRECT] Sep 15, 2025 3:25:16 AM java.util.prefs.FileSystemPreferences syncWorld
2025-09-15 03:25:16,891 [ERROR] LogOutputStream:75 - [STDERR_REDIRECT] WARNING: Couldn't flush system prefs: java.util.prefs.BackingStoreException: Couldn't get file lock.
2025-09-15 03:25:16,891 [ERROR] LogOutputStream:75 - [STDERR_REDIRECT] 
2025-09-15 03:25:46,892 [ERROR] LogOutputStream:75 - [STDERR_REDIRECT] Sep 15, 2025 3:25:46 AM java.util.prefs.FileSystemPreferences checkLockFile0ErrorCode
2025-09-15 03:25:46,892 [ERROR] LogOutputStream:75 - [STDERR_REDIRECT] WARNING: Could not lock System prefs. Unix error code 2.
2025-09-15 03:25:46,892 [ERROR] LogOutputStream:75 - [STDERR_REDIRECT] 
2025-09-15 03:25:46,892 [ERROR] LogOutputStream:75 - [STDERR_REDIRECT] Sep 15, 2025 3:25:46 AM java.util.prefs.FileSystemPreferences syncWorld
2025-09-15 03:25:46,892 [ERROR] LogOutputStream:75 - [STDERR_REDIRECT] WARNING: Couldn't flush system prefs: java.util.prefs.BackingStoreException: Couldn't get file lock.
2025-09-15 03:25:46,892 [ERROR] LogOutputStream:75 - [STDERR_REDIRECT] 
2025-09-15 03:26:16,892 [ERROR] LogOutputStream:75 - [STDERR_REDIRECT] Sep 15, 2025 3:26:16 AM java.util.prefs.FileSystemPreferences checkLockFile0ErrorCode
2025-09-15 03:26:16,893 [ERROR] LogOutputStream:75 - [STDERR_REDIRECT] WARNING: Could not lock System prefs. Unix error code 2.
2025-09-15 03:26:16,893 [ERROR] LogOutputStream:75 - [STDERR_REDIRECT] 
2025-09-15 03:26:16,893 [ERROR] LogOutputStream:75 - [STDERR_REDIRECT] Sep 15, 2025 3:26:16 AM java.util.prefs.FileSystemPreferences syncWorld
2025-09-15 03:26:16,893 [ERROR] LogOutputStream:75 - [STDERR_REDIRECT] WARNING: Couldn't flush system prefs: java.util.prefs.BackingStoreException: Couldn't get file lock.
2025-09-15 03:26:16,893 [ERROR] LogOutputStream:75 - [STDERR_REDIRECT] 
2025-09-15 03:26:46,891 [ERROR] LogOutputStream:75 - [STDERR_REDIRECT] Sep 15, 2025 3:26:46 AM java.util.prefs.FileSystemPreferences checkLockFile0ErrorCode
2025-09-15 03:26:46,892 [ERROR] LogOutputStream:75 - [STDERR_REDIRECT] WARNING: Could not lock System prefs. Unix error code 2.
2025-09-15 03:26:46,892 [ERROR] LogOutputStream:75 - [STDERR_REDIRECT] 
2025-09-15 03:26:46,892 [ERROR] LogOutputStream:75 - [STDERR_REDIRECT] Sep 15, 2025 3:26:46 AM java.util.prefs.FileSystemPreferences syncWorld
2025-09-15 03:26:46,892 [ERROR] LogOutputStream:75 - [STDERR_REDIRECT] WARNING: Couldn't flush system prefs: java.util.prefs.BackingStoreException: Couldn't get file lock.
2025-09-15 03:26:46,892 [ERROR] LogOutputStream:75 - [STDERR_REDIRECT] 
2025-09-15 03:27:16,891 [ERROR] LogOutputStream:75 - [STDERR_REDIRECT] Sep 15, 2025 3:27:16 AM java.util.prefs.FileSystemPreferences checkLockFile0ErrorCode
2025-09-15 03:27:16,892 [ERROR] LogOutputStream:75 - [STDERR_REDIRECT] WARNING: Could not lock System prefs. Unix error code 2.
2025-09-15 03:27:16,892 [ERROR] LogOutputStream:75 - [STDERR_REDIRECT] 
2025-09-15 03:27:16,892 [ERROR] LogOutputStream:75 - [STDERR_REDIRECT] Sep 15, 2025 3:27:16 AM java.util.prefs.FileSystemPreferences syncWorld
2025-09-15 03:27:16,892 [ERROR] LogOutputStream:75 - [STDERR_REDIRECT] WARNING: Couldn't flush system prefs: java.util.prefs.BackingStoreException: Couldn't get file lock.
2025-09-15 03:27:16,892 [ERROR] LogOutputStream:75 - [STDERR_REDIRECT] 
2025-09-15 03:28:09,726 [INFO] WebApp:194 - Connection lost
2025-09-15 03:28:15,231 [INFO] WebApp:191 - Connection restablished
2025-09-15 03:28:17,071 [INFO] WebApp:194 - Connection lost
2025-09-15 03:28:17,125 [ERROR] LogOutputStream:75 - [STDERR_REDIRECT] Sep 15, 2025 3:28:17 AM java.util.prefs.FileSystemPreferences checkLockFile0ErrorCode
2025-09-15 03:28:17,125 [ERROR] LogOutputStream:75 - [STDERR_REDIRECT] WARNING: Could not lock System prefs. Unix error code 2.
2025-09-15 03:28:17,125 [ERROR] LogOutputStream:75 - [STDERR_REDIRECT] 
2025-09-15 03:28:17,125 [ERROR] LogOutputStream:75 - [STDERR_REDIRECT] Sep 15, 2025 3:28:17 AM java.util.prefs.FileSystemPreferences syncWorld
2025-09-15 03:28:17,125 [ERROR] LogOutputStream:75 - [STDERR_REDIRECT] WARNING: Couldn't flush system prefs: java.util.prefs.BackingStoreException: Couldn't get file lock.
2025-09-15 03:28:17,125 [ERROR] LogOutputStream:75 - [STDERR_REDIRECT] 
2025-09-15 03:28:17,635 [INFO] WebApp:191 - Connection restablished
2025-09-15 03:28:29,998 [INFO] WebApp:194 - Connection lost
2025-09-15 03:30:15,605 [ERROR] LogOutputStream:75 - [STDERR_REDIRECT] Sep 15, 2025 3:30:15 AM java.util.prefs.FileSystemPreferences checkLockFile0ErrorCode
2025-09-15 03:30:15,605 [ERROR] LogOutputStream:75 - [STDERR_REDIRECT] WARNING: Could not lock System prefs. Unix error code 2.
2025-09-15 03:30:15,605 [ERROR] LogOutputStream:75 - [STDERR_REDIRECT] 
2025-09-15 03:30:15,605 [ERROR] LogOutputStream:75 - [STDERR_REDIRECT] Sep 15, 2025 3:30:15 AM java.util.prefs.FileSystemPreferences syncWorld
2025-09-15 03:30:15,605 [ERROR] LogOutputStream:75 - [STDERR_REDIRECT] WARNING: Couldn't flush system prefs: java.util.prefs.BackingStoreException: Couldn't get file lock.
2025-09-15 03:30:15,605 [ERROR] LogOutputStream:75 - [STDERR_REDIRECT] 
2025-09-15 19:03:02,107 [ERROR] LogOutputStream:75 - [STDERR_REDIRECT] Sep 15, 2025 7:03:02 PM java.util.prefs.FileSystemPreferences checkLockFile0ErrorCode
2025-09-15 19:03:02,108 [ERROR] LogOutputStream:75 - [STDERR_REDIRECT] WARNING: Could not lock System prefs. Unix error code 2.
2025-09-15 19:03:02,108 [ERROR] LogOutputStream:75 - [STDERR_REDIRECT] 
2025-09-15 19:03:02,109 [ERROR] LogOutputStream:75 - [STDERR_REDIRECT] Sep 15, 2025 7:03:02 PM java.util.prefs.FileSystemPreferences syncWorld
2025-09-15 19:03:02,109 [ERROR] LogOutputStream:75 - [STDERR_REDIRECT] WARNING: Couldn't flush system prefs: java.util.prefs.BackingStoreException: Couldn't get file lock.
2025-09-15 19:03:02,109 [ERROR] LogOutputStream:75 - [STDERR_REDIRECT] 
2025-09-15 19:03:20,972 [ERROR] ConfigurationRetriever:142 - IOException on connection: sw-center.st.com
2025-09-15 19:03:20,973 [ERROR] ConfigurationRetriever:142 - IOException on connection: sw-center.st.com
2025-09-15 19:03:20,973 [ERROR] ConfigurationRetriever:142 - IOException on connection: sw-center.st.com
2025-09-15 19:03:21,601 [ERROR] LogOutputStream:75 - [STDERR_REDIRECT] 
2025-09-15 19:03:21,602 [ERROR] LogOutputStream:75 - [STDERR_REDIRECT] 
